######## Test 0 ########
tensor([0.9062, 0.7586])
################
[0.6238789 0.8778501]
color diff: 2.90 

[0.14343037 0.6860388 ]
color diff: 4.63 

[0.21844707 0.5951488 ]
color diff: 5.13 

[0.7578261  0.89311016]
color diff: 2.75 

[0.5764309  0.71173435]
color diff: 1.87 

[0.92778265 0.96391094]
color diff: 3.63 

[0.6214368  0.75204647]
color diff: 1.52 

[0.665738  0.7848786]
color diff: 1.49 

[0.97663486 0.81272525]
color diff: 1.02 

[0.0807451 0.8185502]
color diff: 4.98 

[0.53979367 0.6827905 ]
color diff: 2.32 

[0.32863945 0.7092692 ]
color diff: 3.31 

[0.2781896  0.64722747]
color diff: 4.09 

[0.8261954 0.9212678]
color diff: 3.08 

[0.3960187  0.82020754]
color diff: 3.21 

[0.3078954 0.572347 ]
color diff: 5.06 

[0.5698041  0.77434325]
color diff: 1.92 

[0.5870738 0.7324051]
color diff: 1.72 

[0.14860418 0.6269811 ]
color diff: 5.12 

[0.22729659 0.7807605 ]
color diff: 3.95 

[0.24328493 0.55275893]
color diff: 5.74 

[0.5776037 0.7597867]
color diff: 1.80 

[0.55357236 0.6019957 ]
color diff: 3.61 

[0.41873354 0.6709076 ]
color diff: 3.05 

[0.04574778 0.7572468 ]
color diff: 5.09 

[0.5394448  0.72299784]
color diff: 2.01 

[0.1630492 0.4607917]
color diff: 8.22 

[0.448603   0.70047575]
color diff: 2.64 

[0.08388526 0.8167436 ]
color diff: 4.96 

[0.3550947 0.7834668]
color diff: 3.19 

[0.41317847 0.85308105]
color diff: 3.44 

[0.00250167 0.41351128]
color diff: 10.39 

[0.4796363  0.62424105]
color diff: 3.42 

[0.36226836 0.58803254]
color diff: 4.53 

[-0.04346798  0.47000423]
color diff: 9.21 

[0.3942273  0.88114524]
color diff: 3.83 

[0.76165605 0.7736815 ]
color diff: 0.89 

[0.24255984 0.6055632 ]
color diff: 4.84 

[0.42973557 0.86044455]
color diff: 3.44 

[0.3964906 0.8764779]
color diff: 3.77 

[0.0658122  0.52639645]
color diff: 7.25 

[0.7250983 0.8502921]
color diff: 2.15 

[0.42686883 0.74645257]
color diff: 2.65 

[0.10757491 0.5927079 ]
color diff: 5.84 

[0.48259556 0.8782976 ]
color diff: 3.43 

[0.27590272 0.8183171 ]
color diff: 3.85 

[0.16613045 0.8743417 ]
color diff: 4.84 

[ 0.08014528 -0.01009899]
color diff: nan 

[0.34577227 0.8140609 ]
color diff: 3.43 

[0.7279136 0.7746488]
color diff: 1.07 

[0.5628267 0.7269066]
color diff: 1.87 

[0.51700306 0.8077514 ]
color diff: 2.47 

[0.05082333 0.6090615 ]
color diff: 6.00 

[0.41020232 0.67428404]
color diff: 3.06 

[0.47674996 0.7723354 ]
color diff: 2.43 

[0.10383306 0.9592521 ]
color diff: 5.86 

[0.68761426 0.9045051 ]
color diff: 3.11 

[0.82879114 0.84764695]
color diff: 1.83 

[0.02887776 0.8499015 ]
color diff: 5.43 

[0.8999226 0.9816141]
color diff: 3.93 

[0.52551574 0.83373165]
color diff: 2.71 

[0.6590167  0.80534405]
color diff: 1.75 

[1.099915 0.616576]
color diff: 3.68 

[0.656094   0.74099046]
color diff: 1.32 

[0.6447394 0.8420801]
color diff: 2.31 

[0.17593579 0.5153837 ]
color diff: 6.85 

[0.8723189 0.9287137]
color diff: 3.13 

[0.66607565 0.9219635 ]
color diff: 3.43 

[0.66046244 0.82563436]
color diff: 2.02 

[0.819149   0.94674045]
color diff: 3.50 

[0.23964566 0.5124951 ]
color diff: 6.61 

[0.8812837 0.9503276]
color diff: 3.47 

[0.07126978 0.0321747 ]
color diff: 35.89 

[0.7754894 0.7253887]
color diff: 0.84 

[0.01582453 0.57419145]
color diff: 6.74 

[0.1537697  0.68811077]
color diff: 4.55 

[0.2212301  0.73274577]
color diff: 3.94 

[0.10771907 0.9201557 ]
color diff: 5.50 

[0.19491014 0.5733516 ]
color diff: 5.62 

[0.48151642 0.87971187]
color diff: 3.45 

[0.86645675 0.86215925]
color diff: 2.01 

[0.76431954 0.8899529 ]
color diff: 2.69 

[0.05441212 0.60691845]
color diff: 6.00 

[0.9198829  0.90854824]
color diff: 2.74 

[0.48699486 0.7549537 ]
color diff: 2.31 

[0.18181203 0.727455  ]
color diff: 4.21 

[0.76232153 0.751863  ]
color diff: 0.74 

[0.9815343  0.94701153]
color diff: 3.32 

[0.47688523 0.7880327 ]
color diff: 2.52 

[0.5893475  0.81097454]
color diff: 2.15 

[0.04504523 0.5612041 ]
color diff: 6.75 

[0.10261627 0.72982997]
color diff: 4.73 

[0.98351616 0.9476614 ]
color diff: 3.32 

[0.83498347 0.9184078 ]
color diff: 3.02 

[1.050523   0.63233846]
color diff: 3.15 

[0.45832688 0.7250921 ]
color diff: 2.47 

[0.89887667 0.942074  ]
color diff: 3.31 

[0.47085994 0.6765698 ]
color diff: 2.72 

[0.33475482 0.6988667 ]
color diff: 3.32 

[0.70363885 0.87591565]
color diff: 2.62 

[0.6564688 0.8196471]
color diff: 1.95 

[0.7456833 0.9596498]
color diff: 3.82 

[0.08461996 0.5804695 ]
color diff: 6.17 

[0.20320821 0.6554069 ]
color diff: 4.47 

[0.07091998 0.3613425 ]
color diff: 11.65 

[0.30930766 0.70473343]
color diff: 3.45 

[0.10932799 0.6082346 ]
color diff: 5.61 

[0.12514545 0.38203925]
color diff: 10.69 

[0.2932193 0.7147171]
color diff: 3.51 

[0.15101326 0.86377   ]
color diff: 4.84 

[0.17519212 0.73964727]
color diff: 4.23 

[0.45151505 0.8181094 ]
color diff: 2.91 

[0.19337395 0.85620236]
color diff: 4.56 

[0.42368415 0.6099983 ]
color diff: 3.88 

[0.04173845 0.50586027]
color diff: 7.83 

[0.43052253 0.768638  ]
color diff: 2.68 

[0.6856581  0.87575173]
color diff: 2.67 

[0.7900209 0.8679161]
color diff: 2.27 

[0.7509657  0.82740575]
color diff: 1.70 

[0.44685215 0.8279219 ]
color diff: 3.02 

[0.11622117 0.830856  ]
color diff: 4.83 

[0.4696114  0.76567954]
color diff: 2.44 

[0.96359754 0.686472  ]
color diff: 1.65 

[0.5599278  0.77127767]
color diff: 1.95 

[0.65328175 0.7683461 ]
color diff: 1.42 

[0.5757872  0.69022596]
color diff: 2.07 

[0.28254315 0.83185685]
color diff: 3.91 

[0.81331813 0.9205787 ]
color diff: 3.09 

[0.03297385 0.7233414 ]
color diff: 5.23 

[0.04564309 0.6572615 ]
color diff: 5.52 

[0.43201295 0.8339136 ]
color diff: 3.15 

[0.778408  0.9458328]
color diff: 3.55 

[0.07023937 0.41317213]
color diff: 10.00 

[0.5821749 0.8174769]
color diff: 2.26 

[0.53466254 0.8538915 ]
color diff: 2.91 

[0.47837567 0.8480257 ]
color diff: 3.08 

[0.39347255 0.74578285]
color diff: 2.85 

[0.6339752 0.7793669]
color diff: 1.60 

[0.35871276 0.69521165]
color diff: 3.20 

[0.20007667 0.78120893]
color diff: 4.12 

[0.8959444  0.89832234]
color diff: 2.59 

[0.9251533 0.9128437]
color diff: 2.80 

[0.21473925 0.69498694]
color diff: 4.10 

[0.30986047 0.6958581 ]
color diff: 3.49 

[0.3456087 0.9262601]
color diff: 4.54 

[0.6379057  0.86775106]
color diff: 2.70 

[0.62886643 0.78498083]
color diff: 1.68 

[0.9927659  0.97597456]
color diff: 3.76 

[0.7713573 0.9490073]
color diff: 3.61 

[0.5062011  0.84864765]
color diff: 2.97 

[0.6178648 0.8598441]
color diff: 2.66 

[0.2631839  0.67531526]
color diff: 3.92 

[0.53502285 0.7939051 ]
color diff: 2.25 

[0.32756963 0.7512676 ]
color diff: 3.26 

[0.84411347 0.8580724 ]
color diff: 1.98 

[0.7936815  0.82548887]
color diff: 1.54 

[0.09225278 0.54048914]
color diff: 6.81 

[0.06992158 0.6252307 ]
color diff: 5.67 

[0.4761573  0.80447555]
color diff: 2.66 

[0.5802362  0.63440007]
color diff: 2.90 

[0.18034448 0.6760073 ]
color diff: 4.45 

[0.5563183  0.76181054]
color diff: 1.93 

[0.35931084 0.7345588 ]
color diff: 3.06 

[0.12607458 0.77648604]
color diff: 4.57 

[0.9664915 0.6973824]
color diff: 1.42 

[0.07809887 0.46629244]
color diff: 8.52 

[0.04037639 0.4185458 ]
color diff: 10.02 

[0.95056134 0.92046326]
color diff: 2.91 

[0.6376918 0.7543646]
color diff: 1.44 

[0.11706885 0.647446  ]
color diff: 5.11 

[0.25603494 0.5215586 ]
color diff: 6.33 

[0.21625865 0.761667  ]
color diff: 3.97 

[0.25915772 0.7019539 ]
color diff: 3.78 

[0.78297436 0.8071735 ]
color diff: 1.27 

[0.5034848 0.8069954]
color diff: 2.54 

[0.5780453  0.74836844]
color diff: 1.76 

[0.51155114 0.86361426]
color diff: 3.13 

[0.5234403 0.8094837]
color diff: 2.46 

[0.6987085  0.81945586]
color diff: 1.77 

[0.06397568 0.60444516]
color diff: 5.97 

[0.31816337 0.8172173 ]
color diff: 3.61 

[0.83620435 0.90166074]
color diff: 2.74 

[0.9366258  0.71148175]
color diff: 1.04 

[0.5205764 0.7678842]
color diff: 2.16 

[0.40395632 0.8136911 ]
color diff: 3.12 

[0.84911734 0.7800552 ]
color diff: 0.58 

[0.3202315  0.76418334]
color diff: 3.33 

[0.7134594 0.7642173]
color diff: 1.06 

[0.77325684 0.80697757]
color diff: 1.30 

[0.24674849 0.82785594]
color diff: 4.07 

[0.16978523 0.52899593]
color diff: 6.59 

[0.24691416 0.6367578 ]
color diff: 4.40 

[0.70121336 0.87354815]
color diff: 2.59 

[0.05226496 0.613748  ]
color diff: 5.93 

[0.8707805  0.69698864]
color diff: 1.26 

[0.14778629 0.56790376]
color diff: 5.98 

[0.8361025  0.82941854]
color diff: 1.49 

[0.41296262 0.736322  ]
color diff: 2.73 

[0.07639471 0.5412017 ]
color diff: 6.90 

[0.13847302 0.3975292 ]
color diff: 10.14 

[0.815359  0.8989388]
color diff: 2.73 

[0.04527    0.39438105]
color diff: 10.71 

[-0.01301482  0.29721546]
color diff: 14.54 

[0.18792613 0.69064057]
color diff: 4.30 

[0.26952952 0.61219454]
color diff: 4.59 

[0.7920363 0.9806794]
color diff: 4.06 

[0.48568848 0.82456756]
color diff: 2.80 

[0.8376319  0.83400255]
color diff: 1.57 

[0.4899542  0.81115025]
color diff: 2.64 

[0.6922412  0.87705314]
color diff: 2.67 

[0.96515346 0.66327286]
color diff: 2.18 

[0.58067596 1.0138179 ]
color diff: 4.95 

[0.89239496 0.7688605 ]
color diff: 0.24 

[0.34314522 0.73902774]
color diff: 3.16 

[0.5960538 0.7521712]
color diff: 1.67 

[0.80739033 0.8187511 ]
color diff: 1.38 

[0.43560034 0.8677761 ]
color diff: 3.50 

[0.16154562 0.72255486]
color diff: 4.35 

[0.08744287 0.75215834]
color diff: 4.81 

[0.26534334 0.72260743]
color diff: 3.67 

[0.0781986 0.2731306]
color diff: 15.09 

[0.13536216 0.44743922]
color diff: 8.70 

[0.31398407 0.6067361 ]
color diff: 4.44 

[0.39664668 0.8156392 ]
color diff: 3.17 

[0.42697105 0.79398465]
color diff: 2.84 

[0.5663451 0.9262171]
color diff: 3.77 

[0.08829763 0.6857194 ]
color diff: 5.01 

[0.67905384 0.8359498 ]
color diff: 2.09 

[0.39971125 0.7331074 ]
color diff: 2.81 

[0.20693222 0.81188226]
color diff: 4.20 

[0.03187269 0.92804825]
color diff: 5.93 

[0.8507331 0.6490138]
color diff: 2.32 

[0.95987946 0.85705197]
color diff: 1.81 

[0.277782  0.5413054]
color diff: 5.81 

[0.77617526 0.8042013 ]
color diff: 1.24 

[0.83322346 0.97698474]
color diff: 3.95 

[0.6611697 0.7591479]
color diff: 1.32 

[0.29045787 0.60180163]
color diff: 4.64 

[0.4006056 0.8045947]
color diff: 3.06 

[0.18447536 0.67806524]
color diff: 4.41 

[0.00399755 0.87864107]
color diff: 5.73 

[0.5220327  0.71852714]
color diff: 2.13 

[0.38601768 0.74470645]
color diff: 2.90 

[0.98155135 0.7129612 ]
color diff: 1.14 

[0.16570841 0.63006294]
color diff: 4.98 

[0.40044254 0.86679727]
color diff: 3.64 

[0.19334394 0.69183236]
color diff: 4.26 

[0.22894251 0.41437227]
color diff: 9.26 

[0.59582824 0.8298489 ]
color diff: 2.35 

[0.87503016 0.9489196 ]
color diff: 3.45 

[0.46044168 0.83727115]
color diff: 3.05 

[0.15534411 0.6871965 ]
color diff: 4.54 

[0.50287646 0.67349625]
color diff: 2.60 

[0.3577605 0.8750308]
color diff: 3.92 

[0.7310349  0.83169514]
color diff: 1.84 

[0.39161894 0.6800129 ]
color diff: 3.12 




######## Test 1 ########
tensor([0.4009, 0.2385])
################
[0.4888767  0.24815433]
color diff: 1.12 

[0.44352174 0.21259183]
color diff: 1.83 

[0.5229341  0.26068568]
color diff: 1.65 

[0.7782767  0.24732436]
color diff: 4.46 

[0.26134416 0.2939512 ]
color diff: 3.77 

[0.61869746 0.2308453 ]
color diff: 3.04 

[0.1632091 0.285729 ]
color diff: 4.55 

[0.06673056 0.3279289 ]
color diff: 6.85 

[0.26758516 0.384433  ]
color diff: 7.14 

[0.4149802  0.38370353]
color diff: 6.57 

[0.4943173  0.31126902]
color diff: 3.50 

[0.37153232 0.3056584 ]
color diff: 3.52 

[0.5222238  0.21648781]
color diff: 2.45 

[0.28834492 0.25262588]
color diff: 1.94 

[0.30937546 0.34423894]
color diff: 5.44 

[0.230647   0.36069396]
color diff: 6.51 

[0.15569317 0.290253  ]
color diff: 4.77 

[0.08808223 0.21791767]
color diff: 4.85 

[0.32922405 0.3622303 ]
color diff: 6.05 

[0.67840517 0.21696758]
color diff: 4.29 

[0.28266406 0.2733789 ]
color diff: 2.76 

[0.5371233  0.27300102]
color diff: 2.08 

[0.5560082  0.24284436]
color diff: 1.96 

[0.35649005 0.1764773 ]
color diff: 3.78 

[0.17155725 0.30575192]
color diff: 5.08 

[0.22382686 0.2806852 ]
color diff: 3.67 

[0.23026364 0.21792722]
color diff: 2.52 

[0.2824296 0.2773527]
color diff: 2.92 

[0.33392572 0.34426868]
color diff: 5.32 

[0.401394   0.29075265]
color diff: 2.70 

[0.2856009  0.33375475]
color diff: 5.17 

[0.3236979  0.20971489]
color diff: 1.74 

[0.33793908 0.26178944]
color diff: 1.71 

[0.20545053 0.2125635 ]
color diff: 2.98 

[0.17864999 0.21161254]
color diff: 3.40 

[-0.00043121  0.40172857]
color diff: 9.43 

[0.5768848  0.18955648]
color diff: 4.61 

[0.18993172 0.20796265]
color diff: 3.30 

[0.3805961 0.2388509]
color diff: 0.29 

[0.4814062  0.26846543]
color diff: 1.62 

[0.215284   0.20030537]
color diff: 3.16 

[0.23851603 0.3077643 ]
color diff: 4.51 

[0.4744685  0.24345008]
color diff: 0.93 

[0.28385046 0.32113647]
color diff: 4.68 

[0.4291511  0.16322869]
color diff: 5.15 

[0.30364206 0.19293599]
color diff: 2.73 

[0.3193415  0.27972928]
color diff: 2.68 

[0.49490786 0.23219073]
color diff: 1.44 

[0.3106445 0.315605 ]
color diff: 4.28 

[0.12509559 0.33055285]
color diff: 6.33 

[0.24851567 0.20894644]
color diff: 2.47 

[0.41684073 0.2957317 ]
color diff: 2.89 

[0.3697795  0.18361986]
color diff: 3.32 

[0.46229216 0.28197613]
color diff: 2.18 

[0.85227656 0.25003332]
color diff: 5.19 

[0.3703081  0.26252848]
color diff: 1.47 

[0.4902903  0.20954628]
color diff: 2.47 

[0.4741721 0.248735 ]
color diff: 0.96 

[0.50703377 0.27359107]
color diff: 1.93 

[0.14994267 0.27844647]
color diff: 4.52 

[0.46461517 0.25536916]
color diff: 1.04 

[0.24977839 0.2999716 ]
color diff: 4.11 

[0.17214775 0.28890356]
color diff: 4.54 

[0.7478447  0.27741095]
color diff: 3.91 

[0.1255984  0.34089676]
color diff: 6.64 

[0.7529844 0.2119331]
color diff: 5.38 

[0.2966954  0.30736256]
color diff: 4.03 

[0.4113418  0.14530352]
color diff: 6.49 

[0.00370044 0.39068198]
color diff: 9.11 

[0.47582006 0.36453715]
color diff: 5.71 

[0.41096961 0.10662144]
color diff: 10.24 

[0.19516297 0.27430752]
color diff: 3.81 

[0.19631082 0.35371727]
color diff: 6.49 

[0.1662617  0.33324835]
color diff: 6.03 

[0.24800819 0.36934698]
color diff: 6.71 

[0.14577064 0.35992444]
color diff: 7.07 

[0.22425282 0.24638264]
color diff: 2.70 

[0.19380257 0.24512498]
color diff: 3.15 

[0.31315473 0.24493027]
color diff: 1.38 

[0.4861131  0.24894562]
color diff: 1.09 

[0.36691463 0.32340333]
color diff: 4.32 

[0.35137695 0.25656477]
color diff: 1.35 

[0.5279434  0.18518542]
color diff: 4.39 

[0.34537032 0.2406129 ]
color diff: 0.82 

[0.5020374  0.17836018]
color diff: 4.61 

[0.1992958  0.33104262]
color diff: 5.68 

[0.6180729 0.2249744]
color diff: 3.24 

[0.47551948 0.27619898]
color diff: 1.93 

[-0.00113827  0.2412496 ]
color diff: 6.41 

[0.48641172 0.3072586 ]
color diff: 3.32 

[0.3769411  0.32575703]
color diff: 4.38 

[0.68966967 0.22625221]
color diff: 4.05 

[0.28107497 0.28429753]
color diff: 3.21 

[0.44838518 0.33226717]
color diff: 4.45 

[0.49396256 0.27394927]
color diff: 1.89 

[0.33526793 0.3469699 ]
color diff: 5.43 

[0.46349156 0.26388192]
color diff: 1.36 

[0.4466234 0.2575069]
color diff: 1.03 

[0.6052886  0.21320178]
color diff: 3.59 

[0.31469622 0.33421245]
color diff: 5.02 

[0.57900745 0.29155457]
color diff: 2.92 

[0.42387834 0.29667282]
color diff: 2.92 

[0.26440936 0.23939236]
color diff: 1.98 

[0.31439412 0.27231357]
color diff: 2.40 

[0.6001411 0.2590332]
color diff: 2.39 

[0.6574554 0.2713927]
color diff: 3.04 

[0.14975296 0.27053496]
color diff: 4.32 

[0.35241684 0.42035303]
color diff: 8.05 

[0.4277417  0.22939277]
color diff: 0.74 

[0.44576854 0.22816145]
color diff: 0.99 

[0.27684242 0.3919701 ]
color diff: 7.36 

[0.24805506 0.20101911]
color diff: 2.75 

[0.32927656 0.13927896]
color diff: 6.59 

[0.24334471 0.22981924]
color diff: 2.24 

[0.2978219 0.2153413]
color diff: 1.72 

[0.513426   0.34091768]
color diff: 4.74 

[0.4013562  0.34012908]
color diff: 4.90 

[0.3620431  0.28218624]
color diff: 2.48 

[0.36979914 0.32931605]
color diff: 4.55 

[0.4258991 0.2516838]
color diff: 0.70 

[0.30085918 0.3182632 ]
color diff: 4.45 

[0.4571778 0.2195878]
color diff: 1.56 

[0.5914086  0.20881715]
color diff: 3.65 

[0.6956527  0.27192214]
color diff: 3.40 

[0.3788852  0.15570454]
color diff: 5.44 

[-0.0393023  0.2888858]
color diff: 7.43 

[0.5662084 0.2889193]
color diff: 2.76 

[0.26037648 0.3395164 ]
color diff: 5.55 

[0.36243504 0.2344923 ]
color diff: 0.52 

[0.30655053 0.24789022]
color diff: 1.55 

[0.44331536 0.23395407]
color diff: 0.71 

[0.5049496  0.20293553]
color diff: 3.01 

[0.43430942 0.33706462]
color diff: 4.68 

[0.65056413 0.18534796]
color diff: 5.70 

[0.08719987 0.44297513]
color diff: 9.93 

[0.2797414  0.24980082]
color diff: 1.98 

[0.1018502  0.25746506]
color diff: 4.78 

[0.25274932 0.2446257 ]
color diff: 2.25 

[0.43239722 0.2585715 ]
color diff: 1.04 

[0.5902907  0.23255342]
color diff: 2.63 

[0.3776753  0.39949515]
color diff: 7.25 

[0.49420437 0.22077999]
color diff: 1.91 

[0.4986025 0.2625476]
color diff: 1.50 

[0.17324448 0.28782523]
color diff: 4.49 

[0.292983   0.23557363]
color diff: 1.51 

[0.3076969  0.39988244]
color diff: 7.50 

[0.20836477 0.22993533]
color diff: 2.79 

[0.57395667 0.24787705]
color diff: 2.12 

[0.23173518 0.20061074]
color diff: 2.95 

[0.39037395 0.23375565]
color diff: 0.27 

[0.27241623 0.3658431 ]
color diff: 6.45 

[0.21242799 0.19481783]
color diff: 3.39 

[0.3990993  0.25521144]
color diff: 0.92 

[0.8941824  0.23913257]
color diff: 5.91 

[0.6769189  0.26613116]
color diff: 3.19 

[0.3618679  0.38600308]
color diff: 6.81 

[0.22593133 0.31336233]
color diff: 4.82 

[0.46180397 0.20307219]
color diff: 2.58 

[0.24234284 0.25993037]
color diff: 2.77 

[0.37977174 0.3061871 ]
color diff: 3.50 

[0.21935998 0.24352664]
color diff: 2.73 

[0.5495373  0.19775306]
color diff: 3.80 

[0.55321354 0.3110215 ]
color diff: 3.55 

[0.6483194  0.20195316]
color diff: 4.68 

[0.46010092 0.18432711]
color diff: 3.82 

[0.4020291 0.2080484]
color diff: 1.83 

[0.68513674 0.2453065 ]
color diff: 3.46 

[0.14950359 0.35071447]
color diff: 6.75 

[0.2576844  0.22799857]
color diff: 2.02 

[0.41750318 0.21305199]
color diff: 1.61 

[0.8054421 0.2480577]
color diff: 4.74 

[0.6279395  0.24126954]
color diff: 2.87 

[0.67703503 0.19322826]
color diff: 5.51 

[0.82597446 0.20791943]
color diff: 6.40 

[0.5013821  0.24068931]
color diff: 1.31 

[0.49765593 0.29212135]
color diff: 2.67 

[0.30478388 0.3480505 ]
color diff: 5.62 

[0.49631387 0.33567816]
color diff: 4.53 

[0.35025397 0.2669269 ]
color diff: 1.84 

[0.6329865 0.2615635]
color diff: 2.74 

[0.8177942  0.23735115]
color diff: 5.14 

[0.28229725 0.30678925]
color diff: 4.11 

[0.5918636  0.20184925]
color diff: 4.04 

[0.42946193 0.3065705 ]
color diff: 3.36 

[0.16770348 0.30027875]
color diff: 4.94 

[0.20070824 0.21353789]
color diff: 3.03 

[0.64351606 0.258755  ]
color diff: 2.85 

[0.2270687  0.31143513]
color diff: 4.74 

[0.41724586 0.21946388]
color diff: 1.21 

[0.6241837  0.23617728]
color diff: 2.95 

[0.26250726 0.31810704]
color diff: 4.71 

[0.6388617  0.24090175]
color diff: 3.01 

[0.4363665  0.20922257]
color diff: 1.98 

[0.37505248 0.18907851]
color diff: 2.97 

[0.39665446 0.20685716]
color diff: 1.88 

[0.59536016 0.17872417]
color diff: 5.54 

[0.8805542  0.25052774]
color diff: 5.47 

[0.14859086 0.32334787]
color diff: 5.87 

[0.4449763  0.16112311]
color diff: 5.43 

[0.26844206 0.28591287]
color diff: 3.39 

[0.42834818 0.2515133 ]
color diff: 0.70 

[0.24205568 0.30525792]
color diff: 4.38 

[0.1242691 0.347823 ]
color diff: 6.87 

[0.40658286 0.20108454]
color diff: 2.30 

[0.6478068  0.22583263]
color diff: 3.56 

[0.5584172  0.20910461]
color diff: 3.25 

[0.5693383  0.23636554]
color diff: 2.26 

[0.39702475 0.23580001]
color diff: 0.15 

[0.29417625 0.14334728]
color diff: 6.17 

[0.42386645 0.29176554]
color diff: 2.68 

[0.49732032 0.30043468]
color diff: 3.03 

[0.41631067 0.23538162]
color diff: 0.32 

[0.18748024 0.3407319 ]
color diff: 6.11 

[0.8220136  0.25858745]
color diff: 4.73 

[0.361869   0.22919154]
color diff: 0.64 

[0.03817282 0.35488313]
color diff: 7.86 

[0.23367442 0.21052243]
color diff: 2.62 

[0.20124964 0.10395524]
color diff: 9.65 

[0.41947857 0.10918773]
color diff: 10.03 

[0.39136004 0.23534392]
color diff: 0.19 

[0.4209792  0.28813168]
color diff: 2.52 

[0.8112366 0.2060932]
color diff: 6.33 

[0.47611433 0.19190215]
color diff: 3.44 

[0.27730188 0.3009025 ]
color diff: 3.91 

[0.19121328 0.27647397]
color diff: 3.93 

[0.27218208 0.28249305]
color diff: 3.22 

[0.13237883 0.33433777]
color diff: 6.37 

[0.21681607 0.16324508]
color diff: 4.94 

[0.5546591 0.3246158]
color diff: 4.10 

[0.2320819  0.27835938]
color diff: 3.50 

[0.1187418  0.25961757]
color diff: 4.55 

[0.35439807 0.2880717 ]
color diff: 2.80 

[0.5392648  0.26198414]
color diff: 1.82 

[0.85276943 0.28628275]
color diff: 4.87 

[0.48201904 0.18995024]
color diff: 3.62 

[0.20358562 0.21498054]
color diff: 2.96 

[0.20600674 0.2708502 ]
color diff: 3.57 

[0.4027224  0.19955215]
color diff: 2.38 

[1.0103772  0.25424257]
color diff: 6.68 

[0.31287307 0.3013289 ]
color diff: 3.66 

[0.3879732  0.28104955]
color diff: 2.29 

[0.36339456 0.19929563]
color diff: 2.27 

[0.09436097 0.25921628]
color diff: 4.92 

[0.3691928  0.23011743]
color diff: 0.55 

[0.5181737  0.19527212]
color diff: 3.62 

[0.42314574 0.19884421]
color diff: 2.55 

[0.34533072 0.22340968]
color diff: 0.99 

[-0.00709416  0.32831743]
color diff: 7.70 

[0.02181549 0.28136238]
color diff: 6.39 

[0.26006284 0.2782161 ]
color diff: 3.18 

[0.24964033 0.3269955 ]
color diff: 5.15 

[0.26796928 0.17601901]
color diff: 3.88 

[0.4480608  0.27942714]
color diff: 2.06 

[0.48663872 0.15533555]
color diff: 6.24 

[0.4557243  0.19817881]
color diff: 2.84 

[0.49833867 0.26702866]
color diff: 1.65 




######## Test 2 ########
tensor([0.8537, 0.9433])
################
[0.21415089 0.8566728 ]
color diff: 3.33 

[0.13515574 0.9272801 ]
color diff: 3.49 

[0.09801256 0.58229405]
color diff: 7.94 

[0.05993332 1.0494566 ]
color diff: 4.18 

[0.01303849 0.75265783]
color diff: 5.39 

[0.01523131 0.41056222]
color diff: 12.85 

[0.27651513 0.9513499 ]
color diff: 2.76 

[0.18412046 0.98257047]
color diff: 3.30 

[0.3240213  0.94957364]
color diff: 2.52 

[0.43674353 0.7648848 ]
color diff: 3.46 

[-0.00214033  0.6336697 ]
color diff: 7.33 

[1.0229167 0.9124271]
color diff: 1.00 

[0.47337908 0.97976303]
color diff: 1.92 

[-0.01757419  0.9095246 ]
color diff: 4.37 

[0.38906202 0.86867577]
color diff: 2.39 

[0.15033996 0.7997809 ]
color diff: 4.14 

[1.0093733 1.1288795]
color diff: 2.65 

[0.22565119 0.85555446]
color diff: 3.27 

[0.34140033 0.9400534 ]
color diff: 2.42 

[0.06953384 0.38715953]
color diff: 13.43 

[0.309373  0.9947377]
color diff: 2.75 

[0.8924257  0.83912724]
color diff: 1.83 

[0.35791963 0.72229844]
color diff: 4.38 

[0.13902432 1.0852811 ]
color diff: 4.06 

[0.3044544 0.9815697]
color diff: 2.71 

[0.23163015 0.91570175]
color diff: 2.99 

[0.46357042 0.7299894 ]
color diff: 3.99 

[-0.12133467  0.72308415]
color diff: 6.53 

[0.11329584 0.83432835]
color diff: 4.02 

[0.05600382 0.52037877]
color diff: 9.56 

[0.30589217 0.9057625 ]
color diff: 2.63 

[0.39507458 0.894331  ]
color diff: 2.22 

[0.04472415 0.6966432 ]
color diff: 6.01 

[0.40679312 0.9413589 ]
color diff: 2.09 

[0.43192518 0.8943329 ]
color diff: 2.04 

[0.02600127 0.4761897 ]
color diff: 10.84 

[0.08283027 0.6969235 ]
color diff: 5.83 

[0.42834422 0.954653  ]
color diff: 2.02 

[0.01850487 0.7147015 ]
color diff: 5.87 

[0.69334555 0.87576586]
color diff: 1.21 

[0.13071097 0.9758508 ]
color diff: 3.55 

[0.212495  0.6794564]
color diff: 5.59 

[0.33769277 0.9078349 ]
color diff: 2.46 

[0.14016558 0.8594262 ]
color diff: 3.70 

[0.21796061 1.0168384 ]
color diff: 3.29 

[-0.01793604  0.75916916]
color diff: 5.48 

[0.15988228 0.42424545]
color diff: 11.95 

[0.77116   0.8845641]
color diff: 0.96 

[0.09079954 0.48981944]
color diff: 10.23 

[0.40618512 0.8503817 ]
color diff: 2.46 

[0.1970623  0.89987916]
color diff: 3.21 

[0.9621434 0.9460066]
color diff: 0.47 

[0.56009555 0.9081311 ]
color diff: 1.38 

[0.08466515 0.6921182 ]
color diff: 5.90 

[0.13903476 0.6635809 ]
color diff: 6.15 

[0.09328412 0.96927404]
color diff: 3.73 

[0.49330717 0.93723893]
color diff: 1.66 

[0.14687656 0.82794434]
color diff: 3.89 

[0.11233599 0.78501076]
color diff: 4.49 

[0.21613947 0.87998194]
color diff: 3.18 

[0.06898339 0.9714455 ]
color diff: 3.86 

[0.7003198 0.8543457]
color diff: 1.52 

[0.16792344 0.7377859 ]
color diff: 4.82 

[0.14393504 0.9388677 ]
color diff: 3.44 

[0.29036546 0.3944224 ]
color diff: 12.71 

[0.866364   0.94670975]
color diff: 0.07 

[0.36279088 0.8717883 ]
color diff: 2.49 

[0.20454316 0.98192227]
color diff: 3.20 

[0.14315714 0.79716444]
color diff: 4.20 

[0.5111111 0.8985441]
color diff: 1.65 

[0.2140477  0.93023705]
color diff: 3.07 

[0.7197021 0.8911312]
color diff: 0.95 

[0.04379733 0.9609152 ]
color diff: 3.98 

[0.6175179 0.8729014]
color diff: 1.44 

[0.06465937 0.6709638 ]
color diff: 6.34 

[0.67314094 1.0084932 ]
color diff: 1.40 

[-0.02305031  0.8415265 ]
color diff: 4.73 

[0.4204941 0.7948755]
color diff: 3.06 

[0.99484605 0.85883605]
color diff: 1.70 

[0.13619809 0.6105725 ]
color diff: 7.20 

[0.47616467 0.772678  ]
color diff: 3.24 

[0.47305995 0.8257716 ]
color diff: 2.48 

[0.10272963 0.80385876]
color diff: 4.34 

[0.28891423 0.9714917 ]
color diff: 2.75 

[0.29666668 0.90773517]
color diff: 2.67 

[0.21345256 0.97781944]
color diff: 3.14 

[0.0698914  0.33446258]
color diff: 15.36 

[0.8442988 0.9542838]
color diff: 0.19 

[0.14524442 0.9551484 ]
color diff: 3.44 

[0.12023955 0.99951416]
color diff: 3.68 

[0.05837775 0.8184586 ]
color diff: 4.44 

[0.32917196 0.8144047 ]
color diff: 3.15 

[0.5743509  0.89180696]
color diff: 1.42 

[0.09026928 0.9346105 ]
color diff: 3.73 

[0.07304068 0.8714703 ]
color diff: 4.00 

[0.11786288 0.6868631 ]
color diff: 5.84 

[0.13707905 0.9380391 ]
color diff: 3.48 

[0.3735039 0.8940817]
color diff: 2.32 

[0.5444831 0.9177734]
color diff: 1.42 

[0.23441277 0.9986256 ]
color diff: 3.12 

[0.12400814 0.6376391 ]
color diff: 6.70 

[0.2927992 0.9145283]
color diff: 2.67 

[0.42162496 0.9378054 ]
color diff: 2.01 

[0.11875354 0.82969564]
color diff: 4.02 

[0.24485278 0.62818235]
color diff: 6.48 

[-0.08219554  0.6473357 ]
color diff: 7.49 

[0.09584109 0.7909947 ]
color diff: 4.51 

[0.15005349 0.4405767 ]
color diff: 11.46 

[0.4797262 0.7494941]
color diff: 3.62 

[0.0569306  0.73049706]
color diff: 5.45 

[0.14782858 1.0338928 ]
color diff: 3.70 

[0.42500335 0.92613786]
color diff: 1.99 

[0.06983844 0.9557637 ]
color diff: 3.84 

[0.08588745 1.0414432 ]
color diff: 4.02 

[0.01101493 0.27726427]
color diff: 17.99 

[0.02801008 0.85199225]
color diff: 4.36 

[0.32422963 0.8441065 ]
color diff: 2.88 

[0.27424595 0.96495336]
color diff: 2.80 

[0.47537926 0.69640124]
color diff: 4.61 

[-0.01294787  0.98666185]
color diff: 4.32 

[0.53535473 0.920823  ]
color diff: 1.46 

[0.4795182  0.84005266]
color diff: 2.28 

[0.07864208 0.89982045]
color diff: 3.86 

[-0.00691758  0.6013887 ]
color diff: 7.99 

[-0.03930595  0.740064  ]
color diff: 5.83 

[0.08495321 0.41964966]
color diff: 12.30 

[0.7581275  0.97858226]
color diff: 0.76 

[0.08625276 0.88842016]
color diff: 3.85 

[0.35805586 0.88599354]
color diff: 2.43 

[0.97494906 0.96347505]
color diff: 0.55 

[0.04245764 0.37529185]
color diff: 13.93 

[0.06745364 0.6512412 ]
color diff: 6.68 

[0.04602811 0.65807474]
color diff: 6.65 

[0.143913  0.8763721]
color diff: 3.59 

[0.43362072 0.79827684]
color diff: 2.97 

[0.5557204 0.9061608]
color diff: 1.41 

[0.4373051 0.9365038]
color diff: 1.94 

[0.4389817  0.85863316]
color diff: 2.25 

[0.15914431 0.80155796]
color diff: 4.07 

[-1.4202493e-05  1.2439983e+00]
color diff: 5.76 

[0.31312034 0.94979376]
color diff: 2.57 

[0.06303386 0.75319046]
color diff: 5.12 

[0.3656636 0.9970707]
color diff: 2.51 

[0.24402861 0.90760225]
color diff: 2.94 

[0.4108706 0.8850979]
color diff: 2.18 

[0.20836948 0.8859958 ]
color diff: 3.20 

[0.0831776 0.8786521]
color diff: 3.91 

[0.41982502 0.94543445]
color diff: 2.03 

[0.3156196 0.9989195]
color diff: 2.75 

[0.26590717 0.8285214 ]
color diff: 3.29 

[0.00585628 0.54221237]
color diff: 9.23 

[0.0548889  0.69288576]
color diff: 6.02 

[0.3374758 1.0536388]
color diff: 3.04 

[0.5419964 1.0180175]
color diff: 1.95 

[0.10146324 0.59272254]
color diff: 7.70 

[0.00298774 0.46523678]
color diff: 11.24 

[0.17271212 1.0959829 ]
color diff: 4.01 

[-0.04910133  0.82260525]
color diff: 5.02 

[0.02967234 0.9542063 ]
color diff: 4.06 

[0.3794208 0.98553  ]
color diff: 2.38 

[0.35354084 0.9330036 ]
color diff: 2.35 

[0.913041   0.74060255]
color diff: 3.77 

[0.25265053 0.91141266]
color diff: 2.89 

[0.1113908 0.8385819]
color diff: 3.99 

[0.18500873 0.7947029 ]
color diff: 4.02 

[-0.08043517  0.60544723]
color diff: 8.28 

[0.01635063 0.5966127 ]
color diff: 7.98 

[0.65544856 1.0175378 ]
color diff: 1.56 

[0.64655435 0.8148001 ]
color diff: 2.23 

[0.11892583 0.831343  ]
color diff: 4.01 

[0.39774463 0.77823937]
color diff: 3.37 

[0.00111088 0.4330241 ]
color diff: 12.20 

[0.15121436 0.99102736]
color diff: 3.49 

[0.15367156 0.6551484 ]
color diff: 6.25 

[0.35018727 0.81288356]
color diff: 3.09 

[0.8730997 0.9502126]
color diff: 0.12 

[0.3047476  0.89185345]
color diff: 2.68 

[0.21787207 0.92855656]
color diff: 3.05 

[0.10995744 0.9360999 ]
color diff: 3.62 

[0.7054634 0.8902971]
color diff: 0.99 

[0.89522356 0.8534479 ]
color diff: 1.58 

[0.5442838 0.9642409]
color diff: 1.51 

[0.24857707 0.61616105]
color diff: 6.72 

[0.5722034 0.9320309]
color diff: 1.28 

[0.26289308 1.0179039 ]
color diff: 3.09 

[0.05356342 0.9321819 ]
color diff: 3.93 

[0.12606797 0.81913936]
color diff: 4.07 

[0.4031148 0.8862243]
color diff: 2.21 

[0.16052353 0.4159478 ]
color diff: 12.21 

[-0.04753051  0.99720263]
color diff: 4.52 

[0.10915522 0.9348537 ]
color diff: 3.63 

[0.00327841 0.71754485]
color diff: 5.91 

[0.2806354 0.876441 ]
color diff: 2.87 

[0.29889995 0.991828  ]
color diff: 2.79 

[0.19376966 0.99300885]
color diff: 3.29 

[0.13403237 0.5844826 ]
color diff: 7.76 

[0.08669338 0.65988517]
color diff: 6.44 

[0.02791031 0.7467933 ]
color diff: 5.38 

[0.30129492 0.79065233]
color diff: 3.55 

[0.8150004 0.9871756]
color diff: 0.74 

[0.28716147 0.8510927 ]
color diff: 3.00 

[0.13964897 1.0065761 ]
color diff: 3.61 

[0.41308975 0.88453114]
color diff: 2.18 

[0.0508159 0.8204212]
color diff: 4.47 

[0.55292904 0.8949159 ]
color diff: 1.49 

[0.05506725 0.42680535]
color diff: 12.18 

[0.29586837 1.0120914 ]
color diff: 2.91 

[0.16311297 0.8613859 ]
color diff: 3.56 

[0.24650629 0.8672907 ]
color diff: 3.09 

[0.617539  0.9623484]
color diff: 1.17 

[0.14446527 0.90466976]
color diff: 3.48 

[0.12116273 0.81105816]
color diff: 4.17 

[0.24413195 0.9063053 ]
color diff: 2.94 

[0.4597309 0.8642625]
color diff: 2.11 

[0.128808  0.9560614]
color diff: 3.53 

[0.2872163  0.78840935]
color diff: 3.64 

[0.14858434 0.92934465]
color diff: 3.42 

[0.13701518 0.4913779 ]
color diff: 10.04 

[0.11806773 0.904541  ]
color diff: 3.63 

[0.23455028 0.8555509 ]
color diff: 3.23 

[0.09812335 0.7163525 ]
color diff: 5.46 

[0.14914672 0.70526046]
color diff: 5.40 

[0.58873343 0.9818081 ]
color diff: 1.43 

[0.37988093 0.80332613]
color diff: 3.09 

[0.45285544 0.935026  ]
color diff: 1.86 

[0.4994165 0.9684712]
color diff: 1.74 

[0.60083973 0.9651913 ]
color diff: 1.26 

[0.9238721  0.94850105]
color diff: 0.30 

[0.04806359 0.7639111 ]
color diff: 5.06 

[0.4325424  0.85919327]
color diff: 2.27 

[0.04503917 1.0105149 ]
color diff: 4.08 

[0.30423403 0.92588395]
color diff: 2.60 

[-0.01050527  0.98037714]
color diff: 4.30 

[0.35970664 0.83638656]
color diff: 2.79 

[0.0602001 0.9876484]
color diff: 3.94 

[0.13654912 0.76323587]
color diff: 4.62 

[0.10954059 0.38873634]
color diff: 13.25 

[0.23449782 0.9271352 ]
color diff: 2.97 

[0.43144655 1.0355716 ]
color diff: 2.53 

[0.17631575 0.86516166]
color diff: 3.47 

[0.6206872 0.86973  ]
color diff: 1.47 

[0.15337393 0.7573082 ]
color diff: 4.62 

[0.8030802  0.96615845]
color diff: 0.47 

[0.62561476 0.9179698 ]
color diff: 1.05 

[-0.01978485  0.6932203 ]
color diff: 6.39 

[-0.03085012  0.1460848 ]
color diff: 25.93 

[0.00395307 0.43663985]
color diff: 12.08 

[0.28700402 0.876652  ]
color diff: 2.84 

[0.07966983 0.69273925]
color diff: 5.91 

[0.11009061 1.0427437 ]
color diff: 3.92 

[0.18831834 0.52420956]
color diff: 9.03 

[0.4879335 0.8458969]
color diff: 2.18 

[0.10396848 0.5290055 ]
color diff: 9.17 

[0.05799052 0.9213878 ]
color diff: 3.92 

[0.49653164 0.8376929 ]
color diff: 2.25 

[-0.01386048  0.7374949 ]
color diff: 5.73 




######## Test 3 ########
tensor([0.2872, 0.8691])
################
[0.11879171 0.65142214]
color diff: 4.33 

[0.80319977 0.766795  ]
color diff: 3.61 

[0.7224319 0.8799583]
color diff: 2.23 

[0.25687346 0.89655364]
color diff: 0.50 

[0.15606262 0.89706266]
color diff: 0.88 

[0.3031984 0.7172563]
color diff: 2.85 

[0.13770562 0.83215934]
color diff: 1.05 

[0.18773364 0.4362275 ]
color diff: 10.03 

[0.03772948 0.98328644]
color diff: 2.29 

[0.74735916 0.88747305]
color diff: 2.34 

[0.38594356 0.9584841 ]
color diff: 1.50 

[0.6172831  0.94348407]
color diff: 1.95 

[0.25286898 0.84879225]
color diff: 0.39 

[0.19286616 0.8729558 ]
color diff: 0.53 

[0.15970755 0.7839252 ]
color diff: 1.66 

[0.72499585 0.8625693 ]
color diff: 2.30 

[0.40158918 0.95691174]
color diff: 1.50 

[0.07857665 0.6949365 ]
color diff: 3.50 

[0.07054357 0.7382384 ]
color diff: 2.70 

[0.5898994 0.8598239]
color diff: 1.64 

[0.21868607 0.48044616]
color diff: 8.66 

[0.3921035 0.9023952]
color diff: 0.75 

[0.08433814 0.66506785]
color diff: 4.10 

[0.2604579 0.9165538]
color diff: 0.81 

[0.07270731 0.7206135 ]
color diff: 3.02 

[0.24559312 0.94847053]
color diff: 1.32 

[0.37243694 0.64809906]
color diff: 4.43 

[0.5245762 0.8204225]
color diff: 1.64 

[0.14780994 0.49618274]
color diff: 8.20 

[0.7801499 1.0364422]
color diff: 3.28 

[0.12754995 0.8743188 ]
color diff: 0.91 

[0.52594095 0.8813316 ]
color diff: 1.26 

[0.06732936 0.9244532 ]
color diff: 1.54 

[0.15803623 0.6854867 ]
color diff: 3.55 

[0.07492337 1.0216501 ]
color diff: 2.67 

[0.08572374 0.5978237 ]
color diff: 5.60 

[0.05288637 0.46061128]
color diff: 9.35 

[0.81410074 0.8953815 ]
color diff: 2.64 

[0.10160725 0.8837566 ]
color diff: 1.08 

[0.5587586 0.9583575]
color diff: 1.89 

[0.41974315 0.6870038 ]
color diff: 3.66 

[0.18164898 0.9391771 ]
color diff: 1.31 

[0.47726747 0.86748314]
color diff: 1.02 

[0.19026   0.9038326]
color diff: 0.81 

[0.04641577 0.5067328 ]
color diff: 8.01 

[0.05257246 0.69940066]
color diff: 3.48 

[0.18167616 0.7421222 ]
color diff: 2.38 

[0.05700556 0.81092846]
color diff: 1.67 

[0.04722365 0.94148064]
color diff: 1.79 

[0.4063527  0.87932575]
color diff: 0.65 

[0.20199652 0.8089477 ]
color diff: 1.14 

[0.8349849 0.9721126]
color diff: 2.94 

[0.9427809 0.9104977]
color diff: 3.21 

[0.5008631 0.9627098]
color diff: 1.78 

[0.23576988 0.908611  ]
color diff: 0.73 

[0.8254362 0.9244585]
color diff: 2.71 

[0.25998512 0.873202  ]
color diff: 0.17 

[0.46796355 0.7982586 ]
color diff: 1.70 

[0.1991272  0.72298765]
color diff: 2.74 

[0.14146355 0.8339094 ]
color diff: 1.01 

[0.95052433 0.820762  ]
color diff: 3.68 

[0.08985809 0.7678846 ]
color diff: 2.14 

[0.32871366 0.984142  ]
color diff: 1.84 

[0.12834808 0.6195006 ]
color diff: 5.03 

[0.88301724 0.896305  ]
color diff: 2.96 

[0.13888413 0.89280653]
color diff: 0.93 

[0.14804499 0.85970855]
color diff: 0.79 

[0.07050947 0.75640285]
color diff: 2.39 

[0.332541   0.87518215]
color diff: 0.26 

[0.9196115 0.938439 ]
color diff: 3.13 

[0.24237218 0.93311775]
color diff: 1.09 

[0.06375296 0.6692886 ]
color diff: 4.05 

[0.08269048 0.5213911 ]
color diff: 7.56 

[0.12082443 0.96823406]
color diff: 1.86 

[0.09568183 0.49573964]
color diff: 8.26 

[0.0581336  0.31996208]
color diff: 14.37 

[0.6573406 0.8510145]
color diff: 2.02 

[1.1202672  0.95274687]
color diff: 3.95 

[0.27322814 0.84528977]
color diff: 0.41 

[0.5579905  0.94850045]
color diff: 1.79 

[0.46007705 0.951446  ]
color diff: 1.54 

[0.10144086 0.91334707]
color diff: 1.28 

[0.07100512 0.91077495]
color diff: 1.41 

[0.055776   0.71369904]
color diff: 3.20 

[0.27504712 0.92858785]
color diff: 0.99 

[0.10912105 0.9704064 ]
color diff: 1.92 

[0.3559146  0.64037967]
color diff: 4.58 

[0.13405313 0.97593653]
color diff: 1.93 

[0.533823   0.85338944]
color diff: 1.38 

[0.89140254 0.86823404]
color diff: 3.08 

[0.56314176 0.9576287 ]
color diff: 1.89 

[0.6306117 0.8708886]
color diff: 1.80 

[0.13609792 0.9080017 ]
color diff: 1.08 

[0.3967417  0.90192753]
color diff: 0.77 

[0.07937198 0.87460655]
color diff: 1.18 

[0.08215269 0.7405451 ]
color diff: 2.63 

[0.9740758 0.7163847]
color diff: 5.16 

[0.09191811 0.38700104]
color diff: 11.74 

[0.08138966 0.8483828 ]
color diff: 1.22 

[0.30828184 0.9258628 ]
color diff: 0.93 

[0.17705789 0.85867876]
color diff: 0.64 

[-0.00677659  0.7249926 ]
color diff: 3.21 

[0.888431   0.86242044]
color diff: 3.09 

[0.10713168 0.47021914]
color diff: 8.99 

[0.7066266 1.0196719]
color diff: 2.93 

[0.9321499 0.6654619]
color diff: 5.91 

[0.40604857 0.9110146 ]
color diff: 0.90 

[-0.06691962  0.82396066]
color diff: 2.24 

[0.20375742 0.9524598 ]
color diff: 1.45 

[0.4895869 1.0113409]
color diff: 2.37 

[0.17220862 0.8674285 ]
color diff: 0.64 

[0.46816862 0.93969214]
color diff: 1.42 

[0.61967033 1.0232304 ]
color diff: 2.76 

[0.16151328 0.4864895 ]
color diff: 8.48 

[0.07468981 0.68659866]
color diff: 3.67 

[0.49442074 0.8785608 ]
color diff: 1.10 

[0.9841718 1.0143683]
color diff: 3.70 

[0.36348    0.89964664]
color diff: 0.63 

[0.5739512 0.860026 ]
color diff: 1.55 

[0.26644176 0.7157681 ]
color diff: 2.86 

[0.19861521 0.7561965 ]
color diff: 2.09 

[0.5193513  0.75028926]
color diff: 2.69 

[0.11422692 0.73043305]
color diff: 2.73 

[0.11558537 0.839324  ]
color diff: 1.09 

[0.7895881  0.88421583]
color diff: 2.54 

[0.7886421 0.8478336]
color diff: 2.69 

[0.48676643 0.82884586]
color diff: 1.36 

[0.02563706 0.89427996]
color diff: 1.55 

[0.5017362 0.8537753]
color diff: 1.21 

[0.06471772 1.0411055 ]
color diff: 2.94 

[0.10800087 1.0500462 ]
color diff: 2.97 

[0.7761998 0.9431986]
color diff: 2.57 

[0.21335168 0.8798533 ]
color diff: 0.46 

[0.5118768 0.9436519]
color diff: 1.59 

[0.03365014 0.68488145]
color diff: 3.82 

[0.33137798 0.9901255 ]
color diff: 1.93 

[0.28167173 0.85911316]
color diff: 0.17 

[-0.05185636  0.5930343 ]
color diff: 6.05 

[0.34796125 0.9855316 ]
color diff: 1.86 

[0.1090343 0.6242541]
color diff: 4.95 

[0.11424291 0.76117146]
color diff: 2.17 

[0.6518884 0.8731522]
color diff: 1.90 

[0.5300099  0.94006014]
color diff: 1.61 

[0.27363226 0.8783835 ]
color diff: 0.18 

[0.23954716 0.8217605 ]
color diff: 0.85 

[0.48583972 0.7296437 ]
color diff: 2.96 

[0.12356991 0.762255  ]
color diff: 2.13 

[0.38205582 0.95056444]
color diff: 1.38 

[0.18108895 0.63362086]
color diff: 4.66 

[0.4895999  0.92777604]
color diff: 1.36 

[0.18583906 0.7767679 ]
color diff: 1.73 

[0.04880415 0.87274575]
color diff: 1.36 

[0.21473783 0.7157002 ]
color diff: 2.87 

[0.40847656 0.79886144]
color diff: 1.48 

[0.00926964 0.46938154]
color diff: 9.16 

[0.6611635 0.8769813]
color diff: 1.94 

[0.5402217  0.86807954]
color diff: 1.35 

[0.0843934  0.44435045]
color diff: 9.81 

[0.43111837 0.6989664 ]
color diff: 3.43 

[0.75782657 0.9149644 ]
color diff: 2.40 

[0.19440973 0.86320686]
color diff: 0.52 

[0.0819594 0.7374067]
color diff: 2.68 

[-0.0059106  0.664426 ]
color diff: 4.35 

[0.38864765 1.0373743 ]
color diff: 2.63 

[0.05115489 0.4564213 ]
color diff: 9.48 

[0.6736891  0.96123946]
color diff: 2.29 

[0.18004397 0.97965056]
color diff: 1.89 

[0.02830487 0.8520446 ]
color diff: 1.51 

[0.0208589 0.7550548]
color diff: 2.60 

[0.7788928  0.91615087]
color diff: 2.49 

[0.53226405 0.77631116]
color diff: 2.29 

[0.08113123 0.8532979 ]
color diff: 1.20 

[0.51887953 0.9004603 ]
color diff: 1.27 

[0.67932993 0.7833117 ]
color diff: 2.82 

[0.2508279 0.7202063]
color diff: 2.77 

[0.29842398 0.8299139 ]
color diff: 0.69 

[0.11477011 0.9918112 ]
color diff: 2.19 

[0.04702701 0.47913048]
color diff: 8.80 

[0.6741404  0.81893665]
color diff: 2.37 

[0.3742348 1.0427822]
color diff: 2.70 

[0.4609864  0.84485537]
color diff: 1.07 

[0.6877307 0.9205261]
color diff: 2.10 

[0.864369  0.9412914]
color diff: 2.91 

[0.5326916  0.85689574]
color diff: 1.36 

[0.7129096  0.83991265]
color diff: 2.37 

[0.02564831 0.9476611 ]
color diff: 1.95 

[0.5216903  0.94098717]
color diff: 1.60 

[0.3945529 0.9051095]
color diff: 0.79 

[0.8301059 0.9335048]
color diff: 2.75 

[0.02163467 0.62917817]
color diff: 5.02 

[0.6649689 0.8983002]
color diff: 1.95 

[0.27427384 0.6820037 ]
color diff: 3.58 

[0.48613828 0.7902298 ]
color diff: 1.89 

[0.16614416 0.93237525]
color diff: 1.26 

[0.05196716 0.6997645 ]
color diff: 3.47 

[0.6510297 0.9374921]
color diff: 2.04 

[0.0882075  0.85687983]
color diff: 1.15 

[0.01675808 0.61713535]
color diff: 5.30 

[0.16095287 0.88189954]
color diff: 0.75 

[0.2130637  0.80852693]
color diff: 1.12 

[0.9764351 0.9963195]
color diff: 3.57 

[0.09714793 0.8546559 ]
color diff: 1.10 

[0.13312756 0.5018517 ]
color diff: 8.05 

[0.03220563 0.56696576]
color diff: 6.45 

[0.00590918 0.8376506 ]
color diff: 1.72 

[0.35694593 0.8100434 ]
color diff: 1.15 

[0.04618174 0.6960216 ]
color diff: 3.56 

[0.6155192  0.92489886]
color diff: 1.82 

[0.97833836 0.9459398 ]
color diff: 3.38 

[0.9480959 0.8794199]
color diff: 3.30 

[0.00619036 0.40994424]
color diff: 11.06 

[0.7896689 1.0512825]
color diff: 3.45 

[0.41372114 0.9165223 ]
color diff: 0.98 

[0.07319739 0.7361761 ]
color diff: 2.73 

[0.5075934  0.83736664]
color diff: 1.37 

[0.84928286 0.82627285]
color diff: 3.15 

[0.29545692 0.6898152 ]
color diff: 3.42 

[0.67752564 0.93069017]
color diff: 2.11 

[0.11634239 0.91387534]
color diff: 1.22 

[0.06472506 0.8396046 ]
color diff: 1.37 

[0.03023281 0.8809172 ]
color diff: 1.48 

[0.8900968  0.93876714]
color diff: 3.01 

[0.04147276 0.65029436]
color diff: 4.51 

[0.06477083 0.88921994]
color diff: 1.31 

[0.65568006 0.93853116]
color diff: 2.06 

[0.01688195 0.609548  ]
color diff: 5.47 

[0.5411687  0.84437895]
color diff: 1.48 

[0.07556753 0.7270467 ]
color diff: 2.89 

[0.64572537 0.93318754]
color diff: 1.99 

[0.27050194 0.9269188 ]
color diff: 0.96 

[0.07233713 0.45833105]
color diff: 9.39 

[0.11251032 0.8414241 ]
color diff: 1.09 

[0.00946847 0.7785794 ]
color diff: 2.30 

[0.27567044 0.8889132 ]
color diff: 0.34 

[0.11580741 0.92225343]
color diff: 1.31 

[0.525219   0.82027245]
color diff: 1.64 

[0.06962778 0.9467813 ]
color diff: 1.76 

[0.24832405 0.91200286]
color diff: 0.76 

[0.03203934 0.8560306 ]
color diff: 1.48 

[0.05406896 0.94265574]
color diff: 1.78 

[0.3452645 0.9176495]
color diff: 0.84 

[0.3362399 0.8884133]
color diff: 0.40 

[0.74878687 0.8711347 ]
color diff: 2.38 

[0.17360468 0.92929304]
color diff: 1.19 

[0.03216139 0.8539701 ]
color diff: 1.48 

[0.07732118 0.8510128 ]
color diff: 1.23 

[0.1093565 0.8367187]
color diff: 1.14 

[0.5679885 0.8537079]
color diff: 1.55 

[0.57102686 0.8539164 ]
color diff: 1.57 

[0.6064831 0.8921327]
color diff: 1.66 

[0.27737996 0.8895239 ]
color diff: 0.35 

[0.07952979 0.65311843]
color diff: 4.36 

[0.8396838  0.94358903]
color diff: 2.82 

[0.44686854 0.8635021 ]
color diff: 0.88 

[-0.03491488  0.5003091 ]
color diff: 8.37 

[0.2889335 0.8954585]
color diff: 0.44 




######## Test 4 ########
tensor([0.3540, 0.4328])
################
[0.54889864 0.35320705]
color diff: 3.88 

[0.44706008 0.6440077 ]
color diff: 5.74 

[0.9302506  0.38202274]
color diff: 5.93 

[0.59815794 0.5065428 ]
color diff: 2.74 

[0.16355357 0.42494968]
color diff: 1.90 

[0.898126   0.38508877]
color diff: 5.60 

[0.9019857  0.50472933]
color diff: 4.41 

[0.42887947 0.5256745 ]
color diff: 2.78 

[0.4327229  0.47660685]
color diff: 1.44 

[0.8134686 0.4414853]
color diff: 3.90 

[0.34992942 0.46665597]
color diff: 1.09 

[0.6275923  0.52970564]
color diff: 3.31 

[0.76246035 0.4742546 ]
color diff: 3.39 

[0.38178012 0.38649365]
color diff: 1.70 

[0.88950247 0.46189058]
color diff: 4.32 

[0.94618356 0.42979056]
color diff: 5.07 

[0.44416326 0.37637594]
color diff: 2.37 

[0.61168486 0.6014153 ]
color diff: 4.84 

[0.8920809  0.53139544]
color diff: 4.55 

[0.02426963 0.12028432]
color diff: 16.44 

[0.56036896 0.5202264 ]
color diff: 2.88 

[0.6123006 0.5235067]
color diff: 3.13 

[0.28254482 0.37895748]
color diff: 1.90 

[0.75555927 0.49570972]
color diff: 3.46 

[0.8679073 0.5743785]
color diff: 5.01 

[0.40256333 0.35441098]
color diff: 3.00 

[0.8402691 0.6320924]
color diff: 5.93 

[0.78129613 0.5780286 ]
color diff: 4.76 

[-0.00832093  0.60743654]
color diff: 6.09 

[0.82832575 0.52713376]
color diff: 4.18 

[0.95357877 0.45960805]
color diff: 4.80 

[0.34401584 0.35802835]
color diff: 2.68 

[0.00916794 0.53444165]
color diff: 4.65 

[0.82720405 0.58067757]
color diff: 4.96 

[0.66115147 0.6082821 ]
color diff: 5.07 

[0.455199   0.47057605]
color diff: 1.37 

[0.45745003 0.51351994]
color diff: 2.48 

[0.79023933 0.5507079 ]
color diff: 4.33 

[0.66064423 0.49706087]
color diff: 2.91 

[0.5594506 0.5243707]
color diff: 2.97 

[0.7201809  0.48586062]
color diff: 3.16 

[0.8753084  0.49427867]
color diff: 4.20 

[0.62220347 0.62753254]
color diff: 5.44 

[0.6112917 0.4225749]
color diff: 2.46 

[0.87197906 0.4898223 ]
color diff: 4.16 

[0.31216165 0.47830603]
color diff: 1.56 

[0.81170547 0.61581254]
color diff: 5.55 

[0.49833646 0.577561  ]
color diff: 4.16 

[0.62183434 0.4472811 ]
color diff: 2.33 

[0.45584783 0.47776702]
color diff: 1.54 

[0.48810348 0.51653117]
color diff: 2.61 

[0.8036691  0.42785534]
color diff: 3.99 

[0.22927399 0.45388618]
color diff: 1.47 

[0.99903923 0.54591143]
color diff: 5.23 

[0.74155396 0.65997934]
color diff: 6.28 

[0.84564734 0.42553225]
color diff: 4.35 

[0.36845526 0.4992467 ]
color diff: 2.05 

[0.75351894 0.57533646]
color diff: 4.63 

[0.89515877 0.58206004]
color diff: 5.23 

[0.27729318 0.4275248 ]
color diff: 0.74 

[0.451961   0.53522944]
color diff: 3.05 

[0.78008044 0.43087786]
color diff: 3.76 

[0.76844126 0.3675096 ]
color diff: 5.07 

[0.78566843 0.3090775 ]
color diff: 7.35 

[0.6320667 0.5620614]
color diff: 4.01 

[0.39550117 0.5012732 ]
color diff: 2.09 

[0.37561896 0.43938377]
color diff: 0.27 

[0.9510993  0.58154166]
color diff: 5.43 

[0.8993766 0.5524425]
color diff: 4.83 

[0.09746035 0.45106143]
color diff: 2.70 

[0.9968854 0.6083881]
color diff: 5.99 

[0.90298444 0.37768316]
color diff: 5.84 

[0.9050419 0.5524264]
color diff: 4.85 

[0.85840255 0.4347951 ]
color diff: 4.33 

[0.57689005 0.43615606]
color diff: 2.01 

[0.5294816  0.42749777]
color diff: 1.67 

[0.5665887 0.5225759]
color diff: 2.96 

[0.7845073 0.3234246]
color diff: 6.75 

[0.34365118 0.3199817 ]
color diff: 4.25 

[0.5446203 0.4437243]
color diff: 1.69 

[0.50375324 0.40722325]
color diff: 1.83 

[0.3282008  0.39405504]
color diff: 1.32 

[0.5916594  0.39607552]
color diff: 2.83 

[0.56414175 0.47395384]
color diff: 2.03 

[0.670194   0.47773767]
color diff: 2.77 

[0.51056653 0.33656192]
color diff: 4.27 

[0.53721726 0.43638343]
color diff: 1.66 

[0.39413297 0.43653208]
color diff: 0.38 

[0.38348207 0.5652892 ]
color diff: 3.85 

[0.654706  0.4821367]
color diff: 2.70 

[0.6155701  0.39104363]
color diff: 3.16 

[0.5902761  0.45201778]
color diff: 2.06 

[0.7623819 0.4652522]
color diff: 3.38 

[0.9576703 0.523457 ]
color diff: 4.84 

[1.1413374 0.5199898]
color diff: 5.86 

[0.28962627 0.37394813]
color diff: 2.07 

[0.79408664 0.39696524]
color diff: 4.48 

[0.90610904 0.47042173]
color diff: 4.40 

[0.9907934 0.408937 ]
color diff: 5.77 

[0.6572617  0.43457314]
color diff: 2.70 

[0.8842121  0.50644267]
color diff: 4.31 

[0.5171495 0.6246186]
color diff: 5.29 

[0.3797778 0.2904817]
color diff: 5.69 

[0.9192002  0.44767994]
color diff: 4.65 

[0.62755454 0.6901712 ]
color diff: 6.78 

[0.40700984 0.40940776]
color diff: 1.03 

[1.0899738  0.58441806]
color diff: 6.03 

[0.7848086  0.46202612]
color diff: 3.55 

[0.775247   0.46194002]
color diff: 3.48 

[0.82776177 0.6461779 ]
color diff: 6.16 

[0.9910156 0.4328249]
color diff: 5.36 

[0.84204674 0.33151487]
color diff: 6.88 

[0.7402551 0.5665339]
color diff: 4.42 

[0.49377733 0.48943046]
color diff: 1.95 

[0.45130044 0.48003915]
color diff: 1.58 

[0.8200088  0.69183236]
color diff: 7.02 

[0.43365407 0.4761214 ]
color diff: 1.43 

[0.8915029 0.5285086]
color diff: 4.52 

[0.85762054 0.5042613 ]
color diff: 4.14 

[0.49182823 0.42662534]
color diff: 1.35 

[0.77578723 0.39031032]
color diff: 4.49 

[0.6286758  0.41047528]
color diff: 2.82 

[0.41632843 0.3773966 ]
color diff: 2.18 

[0.7858355  0.51250374]
color diff: 3.79 

[0.95053595 0.5063213 ]
color diff: 4.71 

[0.55674714 0.42635953]
color diff: 1.93 

[0.4393825  0.44114482]
color diff: 0.79 

[0.30186278 0.6376734 ]
color diff: 5.73 

[0.16034487 0.45752546]
color diff: 2.15 

[0.57589036 0.4668975 ]
color diff: 2.03 

[0.8330685  0.40592346]
color diff: 4.60 

[0.28351447 0.42374325]
color diff: 0.71 

[0.6205966  0.36835092]
color diff: 3.87 

[0.8134817 0.3919886]
color diff: 4.75 

[0.63417697 0.6255836 ]
color diff: 5.41 

[0.49354124 0.5733432 ]
color diff: 4.05 

[0.2554032  0.32857096]
color diff: 3.84 

[0.5919851  0.48462096]
color diff: 2.34 

[0.51495636 0.39279014]
color diff: 2.31 

[0.85362196 0.7097162 ]
color diff: 7.40 

[0.5190915  0.47515732]
color diff: 1.78 

[0.5304247 0.3664698]
color diff: 3.27 

[0.7057864  0.44033948]
color diff: 3.05 

[0.7600391  0.46037474]
color diff: 3.37 

[0.6836378 0.3861289]
color diff: 3.85 

[1.045988  0.6210182]
color diff: 6.33 

[0.800139  0.5243355]
color diff: 4.00 

[0.86765033 0.48152265]
color diff: 4.12 

[0.90379196 0.34792367]
color diff: 6.76 

[0.55012923 0.46895707]
color diff: 1.87 

[0.6708323 0.3903475]
color diff: 3.63 

[0.34938926 0.526891  ]
color diff: 2.86 

[0.3236311 0.3597116]
color diff: 2.59 

[0.9800035  0.35440594]
color diff: 7.13 

[0.9257395  0.48793364]
color diff: 4.51 

[0.7698286  0.44180703]
color diff: 3.56 

[0.52566445 0.40212873]
color diff: 2.14 

[0.7661078 0.3959945]
color diff: 4.28 

[0.51045907 0.42506024]
color diff: 1.54 

[0.6734509  0.40721583]
color diff: 3.26 

[0.5134842  0.36721712]
color diff: 3.13 

[0.70452094 0.5199134 ]
color diff: 3.47 

[0.34546798 0.37818405]
color diff: 1.91 

[0.7278559 0.540638 ]
color diff: 3.91 

[0.8315725  0.61217517]
color diff: 5.54 

[0.45026276 0.4328503 ]
color diff: 0.90 

[0.7690668 0.6467185]
color diff: 6.06 

[0.7777464  0.48335716]
color diff: 3.52 

[0.70876396 0.29711354]
color diff: 7.31 

[0.148122  0.5338291]
color diff: 3.76 

[0.18046857 0.63227254]
color diff: 5.87 

[0.8794049  0.55699587]
color diff: 4.80 

[0.8817829  0.59100145]
color diff: 5.32 

[0.54741883 0.545727  ]
color diff: 3.44 

[0.95038235 0.42317107]
color diff: 5.20 

[0.8369181  0.39026773]
color diff: 4.98 

[0.40955773 0.4840227 ]
color diff: 1.60 

[0.82050836 0.50761336]
color diff: 3.94 

[0.41825232 0.5757877 ]
color diff: 4.10 

[0.58616996 0.43202418]
color diff: 2.12 

[0.7609324  0.45344904]
color diff: 3.41 

[0.73840994 0.45293468]
color diff: 3.23 

[0.7997831  0.42965293]
color diff: 3.93 

[0.6542438  0.45903173]
color diff: 2.57 

[0.27391404 0.41639522]
color diff: 0.89 

[0.0183925 0.321881 ]
color diff: 5.38 

[0.87881875 0.44518226]
color diff: 4.37 

[0.629992   0.52643806]
color diff: 3.26 

[0.42821568 0.49540347]
color diff: 1.95 

[0.65387416 0.43937486]
color diff: 2.63 

[0.72721404 0.47206616]
color diff: 3.13 

[0.8423237  0.53233236]
color diff: 4.31 

[0.34717152 0.42504367]
color diff: 0.26 

[0.42698315 0.343495  ]
color diff: 3.54 

[1.005595  0.6565644]
color diff: 6.76 

[0.85696995 0.6009145 ]
color diff: 5.41 

[0.73430866 0.57238   ]
color diff: 4.51 

[0.27434257 0.43963087]
color diff: 0.84 

[0.8697756  0.40269077]
color diff: 4.96 

[0.1646971  0.45141265]
color diff: 2.04 

[0.32299098 0.47148746]
color diff: 1.32 

[0.62300915 0.4952988 ]
color diff: 2.67 

[0.2971453  0.48213628]
color diff: 1.73 

[0.9073299  0.48577297]
color diff: 4.39 

[0.74814796 0.45465666]
color diff: 3.30 

[0.8324099  0.40853658]
color diff: 4.54 

[0.47630483 0.5385549 ]
color diff: 3.16 

[0.99820554 0.6084718 ]
color diff: 5.99 

[0.7953256 0.7002817]
color diff: 7.14 

[0.6330971  0.35774168]
color diff: 4.32 

[0.9781456 0.5704042]
color diff: 5.40 

[0.87550664 0.3947565 ]
color diff: 5.18 

[0.16460766 0.27174562]
color diff: 6.47 

[0.8327204 0.4115725]
color diff: 4.49 

[0.44241956 0.5625138 ]
color diff: 3.76 

[0.67161363 0.33126566]
color diff: 5.59 

[0.6635643  0.31791493]
color diff: 6.07 

[0.7782907 0.5872958]
color diff: 4.93 

[0.65266263 0.5140651 ]
color diff: 3.13 

[0.6118935  0.49288335]
color diff: 2.58 

[0.5811557  0.43334144]
color diff: 2.07 

[0.5580631  0.49140173]
color diff: 2.27 

[0.10926053 0.13940121]
color diff: 14.56 

[0.96553916 0.6299838 ]
color diff: 6.22 

[0.6560944  0.34351122]
color diff: 5.01 

[0.8996807  0.44343328]
color diff: 4.54 

[0.17734502 0.34055957]
color diff: 3.62 

[0.89385474 0.5473526 ]
color diff: 4.74 

[0.67317575 0.4256038 ]
color diff: 2.94 

[0.8508785  0.42819163]
color diff: 4.36 

[0.9216779  0.47577783]
color diff: 4.50 

[0.9435819 0.5320357]
color diff: 4.83 

[0.45505574 0.4035202 ]
color diff: 1.54 

[0.7594501 0.4188954]
color diff: 3.76 

[0.8465361  0.56733644]
color diff: 4.82 

[0.80782866 0.57157016]
color diff: 4.74 

[0.7291884  0.35934934]
color diff: 5.01 

[0.82162225 0.48835844]
color diff: 3.83 

[0.5200224 0.5964829]
color diff: 4.63 

[0.6256441  0.40603667]
color diff: 2.88 

[0.18586521 0.42643043]
color diff: 1.67 

[0.6068563  0.34750122]
color diff: 4.50 

[0.7605775 0.4828386]
color diff: 3.40 

[0.44192377 0.36075824]
color diff: 2.93 

[0.64714056 0.51927537]
color diff: 3.19 

[0.1275973  0.36577824]
color diff: 3.16 

[0.6283692  0.54457533]
color diff: 3.62 

[0.5890791  0.52635676]
color diff: 3.11 

[0.7544966 0.5362563]
color diff: 3.95 

[0.5087168  0.51563966]
color diff: 2.63 

[0.50661117 0.39885664]
color diff: 2.07 

[0.67368686 0.5127881 ]
color diff: 3.21 

[0.6329637 0.5025572]
color diff: 2.84 

[1.0270032 0.4132068]
color diff: 5.96 

[0.32427785 0.2192979 ]
color diff: 9.30 

[0.9441416  0.44993505]
color diff: 4.81 




######## Test 5 ########
tensor([0.0789, 0.4148])
################
[0.8909161  0.37785226]
color diff: 8.30 

[0.6025738 0.4760031]
color diff: 5.04 

[0.5085978  0.33885756]
color diff: 5.91 

[0.6888442  0.49566144]
color diff: 5.74 

[0.24520063 0.4258455 ]
color diff: 1.79 

[0.68629307 0.4574184 ]
color diff: 5.67 

[0.42291367 0.12506977]
color diff: 17.53 

[1.019286  0.6648236]
color diff: 9.00 

[0.33166304 0.3663684 ]
color diff: 3.48 

[0.94916826 0.4815608 ]
color diff: 7.51 

[0.6260722  0.52098984]
color diff: 5.53 

[0.52134264 0.6647789 ]
color diff: 7.39 

[0.8246414 0.5578378]
color diff: 7.00 

[0.43970278 0.49084067]
color diff: 3.99 

[0.3324385  0.45251092]
color diff: 2.76 

[0.6645547  0.63571364]
color diff: 7.32 

[0.5133736  0.45918682]
color diff: 4.29 

[0.63507813 0.34989187]
color diff: 6.76 

[0.70231974 0.63233376]
color diff: 7.40 

[0.08644236 0.4298802 ]
color diff: 0.51 

[0.17090091 0.563656  ]
color diff: 4.43 

[0.14440851 0.42080405]
color diff: 0.74 

[0.74461454 0.52534944]
color diff: 6.28 

[0.10752539 0.47722086]
color diff: 2.00 

[0.748351   0.33355922]
color diff: 8.25 

[0.37078193 0.47921532]
color diff: 3.37 

[0.24118128 0.62375075]
color diff: 5.96 

[0.6085341  0.41738284]
color diff: 5.26 

[0.3771056  0.39912942]
color diff: 3.29 

[0.53077143 0.42466563]
color diff: 4.50 

[0.35344574 0.26432937]
color diff: 7.51 

[0.47690898 0.5420484 ]
color diff: 4.98 

[0.42457065 0.6934677 ]
color diff: 7.73 

[0.30019554 0.36035478]
color diff: 3.35 

[0.40188468 0.6046629 ]
color diff: 5.89 

[0.26227787 0.53982866]
color diff: 4.04 

[0.2357111  0.38525322]
color diff: 2.12 

[0.38694015 0.31150883]
color diff: 5.74 

[0.33475992 0.47291616]
color diff: 3.02 

[0.19962293 0.47888815]
color diff: 2.32 

[0.72928554 0.43125987]
color diff: 6.15 

[0.6143283 0.4101999]
color diff: 5.39 

[0.6789723 0.5682017]
color diff: 6.37 

[0.47654647 0.41196698]
color diff: 4.11 

[0.21479739 0.45497853]
color diff: 1.87 

[0.5728645  0.47233728]
color diff: 4.80 

[0.536604   0.46289453]
color diff: 4.49 

[0.30613825 0.32865486]
color diff: 4.43 

[0.71882975 0.50072825]
color diff: 5.97 

[0.08482695 0.33355328]
color diff: 3.03 

[0.670871   0.46856433]
color diff: 5.54 

[0.7158747  0.47519216]
color diff: 5.88 

[0.20195031 0.40363014]
color diff: 1.44 

[0.1437591 0.5279647]
color diff: 3.47 

[0.51975864 0.6520877 ]
color diff: 7.15 

[0.5088785  0.45652604]
color diff: 4.25 

[0.50331235 0.45299947]
color diff: 4.20 

[0.3544161 0.3723455]
color diff: 3.56 

[0.3953086 0.5775257]
color diff: 5.31 

[0.76765203 0.47208014]
color diff: 6.26 

[0.5593221  0.40481576]
color diff: 4.96 

[0.1890745  0.25369963]
color diff: 6.99 

[0.39233103 0.4931948 ]
color diff: 3.71 

[0.6937319 0.4771797]
color diff: 5.72 

[0.6380536  0.33722502]
color diff: 7.15 

[0.43776748 0.3789544 ]
color diff: 4.22 

[0.1855601  0.71712315]
color diff: 7.92 

[0.14903845 0.58245593]
color diff: 4.88 

[0.46447048 0.46507457]
color diff: 3.93 

[0.74869263 0.3945709 ]
color diff: 6.78 

[0.6296036 0.5551613]
color diff: 5.95 

[0.5092084 0.7432937]
color diff: 8.81 

[1.000691   0.50813174]
color diff: 7.80 

[0.4883024  0.30767453]
color diff: 6.78 

[0.28369716 0.45952165]
color diff: 2.45 

[0.76978314 0.5892605 ]
color diff: 7.07 

[0.784747 0.653334]
color diff: 8.01 

[0.416058   0.43424007]
color diff: 3.43 

[0.47671738 0.36088592]
color diff: 5.00 

[0.7248438 0.3897566]
color diff: 6.66 

[0.70238256 0.51650715]
color diff: 5.96 

[0.32207292 0.59148574]
color diff: 5.39 

[0.43636277 0.43283176]
color diff: 3.61 

[0.40595812 0.35909575]
color diff: 4.37 

[0.94617826 0.35584667]
color diff: 9.29 

[0.36393738 0.4781333 ]
color diff: 3.30 

[0.7693775 0.5175504]
color diff: 6.38 

[0.42575398 0.34456015]
color diff: 4.97 

[0.39923593 0.41382554]
color diff: 3.36 

[0.5587319  0.53611815]
color diff: 5.32 

[0.5340761 0.4014172]
color diff: 4.77 

[0.14061952 0.5675492 ]
color diff: 4.50 

[0.7885605  0.37895262]
color diff: 7.42 

[0.52609164 0.515108  ]
color diff: 4.85 

[0.77929115 0.49271876]
color diff: 6.35 

[0.18309063 0.36547357]
color diff: 2.22 

[0.09228311 0.42075646]
color diff: 0.24 

[0.54876536 0.5073252 ]
color diff: 4.90 

[0.14641726 0.5840446 ]
color diff: 4.92 

[0.30625668 0.48224944]
color diff: 2.98 

[0.5987816 0.4454529]
color diff: 4.99 

[0.505595   0.44839716]
color diff: 4.21 

[0.49464703 0.3949421 ]
color diff: 4.49 

[0.8191661 0.4621247]
color diff: 6.66 

[0.10236762 0.6509846 ]
color diff: 6.48 

[0.39844427 0.4345467 ]
color diff: 3.27 

[0.5976729  0.47539845]
color diff: 5.00 

[0.7881191  0.52315754]
color diff: 6.53 

[0.6143631  0.41241306]
color diff: 5.36 

[0.5355904  0.66014224]
color diff: 7.34 

[0.13583636 0.49355978]
color diff: 2.51 

[0.40966538 0.5160242 ]
color diff: 4.19 

[0.84855604 0.50823694]
color diff: 6.84 

[0.28551126 0.41886753]
color diff: 2.20 

[0.42430174 0.4799922 ]
color diff: 3.76 

[0.9835933 0.5496608]
color diff: 7.81 

[0.22985849 0.45364425]
color diff: 1.95 

[0.8563672  0.49409205]
color diff: 6.87 

[-0.04951337  0.41209212]
color diff: 1.51 

[0.8590003 0.6558765]
color diff: 8.31 

[0.5999208  0.49426088]
color diff: 5.12 

[0.54819953 0.5173532 ]
color diff: 5.01 

[0.30877495 0.6496716 ]
color diff: 6.63 

[0.47722137 0.40124682]
color diff: 4.24 

[0.20098956 0.5653687 ]
color diff: 4.52 

[0.61946434 0.3818969 ]
color diff: 5.87 

[0.54548573 0.43539727]
color diff: 4.58 

[0.6781325  0.38503304]
color diff: 6.34 

[0.40219834 0.39117515]
color diff: 3.66 

[0.05909516 0.38370812]
color diff: 1.11 

[0.75732434 0.49960035]
color diff: 6.22 

[0.05628801 0.49187195]
color diff: 2.44 

[0.57459563 0.4487356 ]
color diff: 4.79 

[0.61965585 0.52338463]
color diff: 5.51 

[0.30935076 0.5023334 ]
color diff: 3.39 

[0.43185705 0.40556276]
color diff: 3.75 

[0.2599324  0.41476294]
color diff: 1.96 

[0.49653712 0.43440706]
color diff: 4.15 

[0.59448373 0.46749753]
color diff: 4.96 

[0.48331422 0.526847  ]
color diff: 4.77 

[0.52709424 0.5124523 ]
color diff: 4.82 

[0.7075692 0.3996869]
color diff: 6.35 

[0.37304345 0.42499217]
color diff: 3.04 

[0.47195894 0.44998118]
color diff: 3.93 

[0.59229034 0.4718491 ]
color diff: 4.95 

[0.4814962 0.4988657]
color diff: 4.37 

[0.4937949 0.4003916]
color diff: 4.40 

[0.4757449  0.54670906]
color diff: 5.06 

[0.17219998 0.73708844]
color diff: 8.32 

[0.47668803 0.40515092]
color diff: 4.18 

[0.37266463 0.61654836]
color diff: 6.06 

[0.19061077 0.5872612 ]
color diff: 5.04 

[0.8816881  0.62944955]
color diff: 8.05 

[0.48450145 0.44934362]
color diff: 4.03 

[0.9501851 0.5613871]
color diff: 7.70 

[0.44123727 0.30178136]
color diff: 6.59 

[0.477186   0.42217255]
color diff: 4.03 

[0.4986716  0.42861086]
color diff: 4.19 

[0.432221   0.43651932]
color diff: 3.57 

[0.54157954 0.45480365]
color diff: 4.51 

[0.7395975  0.42843106]
color diff: 6.26 

[0.2982628  0.48851058]
color diff: 3.05 

[0.8510084  0.40141052]
color diff: 7.53 

[0.5840314  0.35792235]
color diff: 6.08 

[0.03044437 0.3320817 ]
color diff: 3.13 

[0.8795709 0.5247859]
color diff: 7.09 

[0.38744897 0.68341225]
color diff: 7.46 

[0.9199911 0.4121144]
color diff: 7.91 

[0.3720527  0.42826313]
color diff: 3.02 

[0.36354116 0.39153725]
color diff: 3.27 

[0.5017596 0.6630958]
color diff: 7.31 

[0.44813722 0.59262204]
color diff: 5.80 

[0.4357432  0.57663023]
color diff: 5.44 

[0.20215419 0.6035938 ]
color diff: 5.45 

[0.76956165 0.48258486]
color diff: 6.27 

[0.48569226 0.34034467]
color diff: 5.65 

[0.45882016 0.47754887]
color diff: 3.98 

[0.5247828  0.43608025]
color diff: 4.39 

[0.2474046 0.3616981]
color diff: 2.85 

[0.20406345 0.39520982]
color diff: 1.60 

[0.50061935 0.5367578 ]
color diff: 5.02 

[0.60076714 0.40326485]
color diff: 5.35 

[0.37592494 0.34133258]
color diff: 4.61 

[0.5583554  0.52452207]
color diff: 5.16 

[0.3451975 0.3923456]
color diff: 3.07 

[0.23589526 0.48895895]
color diff: 2.73 

[0.39583686 0.42118368]
color diff: 3.28 

[0.535509   0.47145116]
color diff: 4.52 

[0.65938   0.3362926]
color diff: 7.37 

[0.35224116 0.42274567]
color diff: 2.85 

[0.5242204 0.5647848]
color diff: 5.59 

[0.5431955  0.62249327]
color diff: 6.68 

[0.63757277 0.5763665 ]
color diff: 6.29 

[0.591267 0.405005]
color diff: 5.24 

[0.41804567 0.51306736]
color diff: 4.18 

[0.43869564 0.38783693]
color diff: 4.07 

[0.61342585 0.36445826]
color diff: 6.19 

[0.43318155 0.5048445 ]
color diff: 4.14 

[0.3387115  0.63919675]
color diff: 6.46 

[0.9364949 0.6293438]
color diff: 8.27 

[0.5176136 0.3915623]
color diff: 4.76 

[0.28438187 0.5635416 ]
color diff: 4.66 

[0.28859726 0.4512222 ]
color diff: 2.38 

[0.51490504 0.47373158]
color diff: 4.37 

[0.36424422 0.22533181]
color diff: 9.64 

[0.17638358 0.31829324]
color diff: 3.95 

[0.7198499  0.59798694]
color diff: 6.96 

[0.495271   0.54166824]
color diff: 5.07 

[0.4229163 0.3813105]
color diff: 4.03 

[0.49062338 0.5137754 ]
color diff: 4.62 

[0.53014666 0.46412408]
color diff: 4.44 

[0.65986866 0.41753435]
color diff: 5.70 

[0.5681317  0.54732156]
color diff: 5.53 

[0.38221753 0.39900807]
color diff: 3.34 

[0.19134492 0.28571165]
color diff: 5.44 

[0.4382894  0.38305083]
color diff: 4.15 

[0.59124506 0.2615961 ]
color diff: 9.67 

[0.15810837 0.33054227]
color diff: 3.36 

[0.574096   0.39722684]
color diff: 5.20 

[0.9964028  0.62438536]
color diff: 8.46 

[0.5640498  0.34142822]
color diff: 6.34 

[0.28788084 0.42492887]
color diff: 2.21 

[0.12021188 0.3138781 ]
color diff: 3.92 

[0.69490755 0.38205454]
color diff: 6.55 

[0.6469704  0.34960508]
color diff: 6.87 

[0.12395461 0.36921102]
color diff: 1.74 

[0.8021516 0.3448718]
color diff: 8.38 

[0.07900047 0.1422603 ]
color diff: 13.74 

[0.59611964 0.3620465 ]
color diff: 6.09 

[0.32428658 0.5314639 ]
color diff: 4.08 

[0.5205121 0.4329332]
color diff: 4.37 

[0.8425118 0.4491345]
color diff: 6.90 

[0.19597158 0.40883416]
color diff: 1.32 

[0.4496583  0.52652013]
color diff: 4.58 

[0.17883259 0.6070609 ]
color diff: 5.50 

[0.64901847 0.5989713 ]
color diff: 6.68 

[0.77561027 0.37549102]
color diff: 7.38 

[0.22028764 0.50182676]
color diff: 2.97 

[0.21231456 0.41967794]
color diff: 1.45 

[0.27927375 0.50545204]
color diff: 3.31 

[0.848372   0.54445887]
color diff: 7.03 

[0.5759095 0.377821 ]
color diff: 5.55 

[0.9407999 0.5027297]
color diff: 7.43 

[0.3240167 0.5161368]
color diff: 3.75 

[0.4078754 0.5225374]
color diff: 4.29 

[0.6340667  0.35107368]
color diff: 6.72 

[0.4809414  0.44005948]
color diff: 4.00 

[0.16296625 0.6374994 ]
color diff: 6.20 

[0.47949705 0.4446893 ]
color diff: 3.99 

[0.49000084 0.49887058]
color diff: 4.43 

[0.47368377 0.40331027]
color diff: 4.18 

[0.21797474 0.66194624]
color diff: 6.78 

[0.46160328 0.44320264]
color diff: 3.83 

[0.41283786 0.37134728]
color diff: 4.14 

[0.8709697  0.36833188]
color diff: 8.36 

[0.31712914 0.41466892]
color diff: 2.54 




######## Test 6 ########
tensor([0.8186, 0.8579])
################
[0.59321237 0.85241884]
color diff: 1.11 

[0.14118278 0.68681985]
color diff: 4.79 

[0.05683679 0.8741732 ]
color diff: 4.09 

[0.5949586 0.9167251]
color diff: 1.61 

[0.17111032 0.8158077 ]
color diff: 3.47 

[0.11337156 0.7739116 ]
color diff: 4.03 

[0.18531571 0.73579437]
color diff: 3.95 

[0.48239467 0.89959097]
color diff: 1.93 

[0.47972417 0.90064037]
color diff: 1.95 

[0.40901655 0.7529925 ]
color diff: 2.67 

[0.45122308 0.75575864]
color diff: 2.46 

[0.47197917 0.88443476]
color diff: 1.87 

[0.5887182  0.96369404]
color diff: 2.23 

[0.05853977 0.83108944]
color diff: 4.11 

[0.16762425 0.45895934]
color diff: 9.57 

[0.09292761 0.80067205]
color diff: 4.00 

[0.15445426 0.8009261 ]
color diff: 3.63 

[0.05218841 0.7135639 ]
color diff: 4.94 

[0.27500528 0.85456824]
color diff: 2.82 

[0.09557298 0.69701314]
color diff: 4.89 

[0.29914033 0.89345473]
color diff: 2.80 

[0.29225734 0.9402442 ]
color diff: 3.14 

[0.12168559 0.6009145 ]
color diff: 6.33 

[-0.07924728  0.8716334 ]
color diff: 4.90 

[0.16071199 0.73256457]
color diff: 4.11 

[0.62767565 0.80700034]
color diff: 1.19 

[0.19539587 0.8062081 ]
color diff: 3.36 

[0.31724283 0.72825396]
color diff: 3.38 

[0.69596565 0.855234  ]
color diff: 0.60 

[1.0532461 0.6274781]
color diff: 5.30 

[0.25173002 0.80989933]
color diff: 3.02 

[0.87763476 0.95070916]
color diff: 1.52 

[0.10636868 0.81974745]
color diff: 3.84 

[0.22029284 0.8423375 ]
color diff: 3.13 

[0.78754824 0.7669079 ]
color diff: 1.67 

[0.08931638 0.64278287]
color diff: 5.73 

[0.06882169 0.6732071 ]
color diff: 5.37 

[0.49879056 0.6827988 ]
color diff: 3.53 

[0.4552806 0.8884709]
color diff: 1.98 

[0.99659926 0.8823867 ]
color diff: 0.84 

[0.54772943 0.83891827]
color diff: 1.35 

[0.32042566 0.7727081 ]
color diff: 2.88 

[0.45974368 0.9192883 ]
color diff: 2.20 

[0.9479897 0.981544 ]
color diff: 1.99 

[0.05496307 0.76029176]
color diff: 4.48 

[0.6712054 0.6978357]
color diff: 3.04 

[0.0911531 0.5442504]
color diff: 7.66 

[0.2197549  0.84899014]
color diff: 3.13 

[0.7715894  0.94423497]
color diff: 1.51 

[0.0892022  0.69518447]
color diff: 4.95 

[0.37386298 0.8420198 ]
color diff: 2.27 

[0.15455557 0.7710243 ]
color diff: 3.80 

[0.687915   0.88295627]
color diff: 0.84 

[0.29905602 1.0065298 ]
color diff: 3.71 

[0.24983267 0.6080659 ]
color diff: 5.67 

[0.4780095 0.6419648]
color diff: 4.39 

[0.36485037 0.6966116 ]
color diff: 3.65 

[0.27349746 0.90798235]
color diff: 3.01 

[0.13831891 0.6794887 ]
color diff: 4.91 

[0.36518764 0.83563054]
color diff: 2.32 

[0.17583193 0.90188575]
color diff: 3.49 

[0.16244984 0.9437783 ]
color diff: 3.78 

[0.8254828  0.85577625]
color diff: 0.06 

[0.05048385 0.99872184]
color diff: 4.67 

[0.7140131  0.84654576]
color diff: 0.51 

[0.18491907 0.948989  ]
color diff: 3.70 

[0.6884399 0.754603 ]
color diff: 1.91 

[0.18649554 0.843975  ]
color diff: 3.33 

[0.04037267 0.85150754]
color diff: 4.19 

[0.18271635 0.866083  ]
color diff: 3.36 

[0.40028262 0.6701441 ]
color diff: 4.00 

[0.05900202 0.45453122]
color diff: 10.09 

[0.70991004 0.95634043]
color diff: 1.82 

[0.0991573  0.88595253]
color diff: 3.87 

[0.067063  0.4961652]
color diff: 8.93 

[0.1176473 0.8237076]
color diff: 3.77 

[-0.01275418  0.9594331 ]
color diff: 4.74 

[0.75879174 0.9756121 ]
color diff: 2.02 

[-0.02951979  0.80592066]
color diff: 4.74 

[0.8442375  0.85834074]
color diff: 0.12 

[0.08189952 0.37491938]
color diff: 12.51 

[0.6318674  0.95928305]
color diff: 2.05 

[0.21494819 0.99344164]
color diff: 3.92 

[-0.07849795  0.42376462]
color diff: 11.68 

[0.04789228 0.5978672 ]
color diff: 6.75 

[0.15592961 0.7232231 ]
color diff: 4.24 

[0.21105354 0.90239954]
color diff: 3.31 

[0.15408696 0.710647  ]
color diff: 4.40 

[0.42638022 0.9687571 ]
color diff: 2.84 

[0.6434044 0.8350641]
color diff: 0.89 

[0.06460886 0.4421449 ]
color diff: 10.43 

[0.15628907 0.9414009 ]
color diff: 3.79 

[0.54399645 0.8188812 ]
color diff: 1.44 

[0.0767835  0.67234474]
color diff: 5.34 

[0.12054826 0.6174346 ]
color diff: 6.02 

[0.19963197 0.90342003]
color diff: 3.37 

[-0.0071996   0.96514714]
color diff: 4.74 

[0.38524657 0.78113884]
color diff: 2.48 

[0.34536493 0.8179981 ]
color diff: 2.47 

[0.05964475 0.86870944]
color diff: 4.07 

[0.501072   0.90868956]
color diff: 1.92 

[0.67046875 0.9956231 ]
color diff: 2.47 

[0.1274002 0.7580269]
color diff: 4.06 

[0.2653657  0.89057827]
color diff: 2.97 

[0.09992661 1.0555706 ]
color diff: 4.91 

[0.47703668 0.75819474]
color diff: 2.33 

[0.08812204 0.8855887 ]
color diff: 3.93 

[0.06038054 0.6481728 ]
color diff: 5.80 

[0.3771423 0.8316293]
color diff: 2.26 

[0.15390591 0.75527257]
color diff: 3.93 

[0.51277435 0.6630504 ]
color diff: 3.90 

[0.05661945 0.9890579 ]
color diff: 4.57 

[0.09893877 0.73297346]
color diff: 4.46 

[0.8038495 0.8954206]
color diff: 0.67 

[0.43562555 0.9089446 ]
color diff: 2.22 

[0.15054506 0.917701  ]
color diff: 3.70 

[0.7678739 0.9062448]
color diff: 0.91 

[0.45109704 0.85430413]
color diff: 1.86 

[0.08867775 0.73249316]
color diff: 4.53 

[0.0504006  0.44938338]
color diff: 10.27 

[0.14932574 0.94013447]
color diff: 3.82 

[0.81621087 0.831594  ]
color diff: 0.47 

[0.14738433 0.86543095]
color diff: 3.56 

[0.2153299 0.84809  ]
color diff: 3.16 

[0.40144354 0.7702397 ]
color diff: 2.51 

[0.6096583  0.87894213]
color diff: 1.16 

[0.10140651 0.7904458 ]
color diff: 4.00 

[0.0651885 0.8971344]
color diff: 4.09 

[0.3227197  0.81389755]
color diff: 2.61 

[0.17386676 0.7976885 ]
color diff: 3.53 

[0.27753836 0.78807944]
color diff: 2.99 

[0.17194036 0.60708183]
color diff: 5.99 

[0.26831988 0.7818757 ]
color diff: 3.08 

[0.0272637 0.6278573]
color diff: 6.31 

[0.3991565 0.9624366]
color diff: 2.88 

[0.7780423  0.89157015]
color diff: 0.65 

[-0.0068616   0.54986256]
color diff: 8.02 

[0.16709943 0.879287  ]
color diff: 3.47 

[-0.03830248  0.44179088]
color diff: 10.92 

[0.9231708  0.95281905]
color diff: 1.55 

[0.64412403 0.95723176]
color diff: 1.99 

[0.4795721 0.8148054]
color diff: 1.78 

[0.05652236 0.6748944 ]
color diff: 5.41 

[0.42289805 0.9423856 ]
color diff: 2.58 

[0.24831265 0.7633157 ]
color diff: 3.34 

[0.3561004  0.77419585]
color diff: 2.69 

[0.05467086 0.7571958 ]
color diff: 4.51 

[0.09973207 0.6292843 ]
color diff: 5.91 

[0.17743279 0.68291646]
color diff: 4.66 

[0.8871568  0.88960034]
color diff: 0.57 

[0.6500145  0.94338155]
color diff: 1.78 

[0.4308594 0.8479173]
color diff: 1.96 

[0.07863726 0.9424985 ]
color diff: 4.19 

[0.04123507 0.78954935]
color diff: 4.37 

[0.33291316 0.9039978 ]
color diff: 2.69 

[0.19959879 0.8244111 ]
color diff: 3.28 

[0.5957897  0.90851355]
color diff: 1.51 

[0.01662853 0.56698483]
color diff: 7.53 

[0.60943115 0.89894634]
color diff: 1.35 

[0.13958472 0.44883925]
color diff: 9.95 

[0.49611863 0.7852206 ]
color diff: 1.94 

[0.31292295 0.77280253]
color diff: 2.92 

[0.11621753 0.02753691]
color diff: 38.80 

[0.6042063 0.8886251]
color diff: 1.27 

[0.45316106 0.9376298 ]
color diff: 2.41 

[0.12117041 0.5542426 ]
color diff: 7.31 

[0.30782935 0.9189554 ]
color diff: 2.91 

[0.13548501 0.75556266]
color diff: 4.04 

[0.3772067 0.936427 ]
color diff: 2.72 

[0.05293426 0.8660393 ]
color diff: 4.11 

[0.20309721 0.8844972 ]
color diff: 3.28 

[0.08784863 0.72671205]
color diff: 4.59 

[0.065446  0.7162523]
color diff: 4.84 

[0.1150898 0.8981406]
color diff: 3.81 

[0.11808354 0.5912669 ]
color diff: 6.54 

[0.10732739 0.9588145 ]
color diff: 4.14 

[0.0894714 0.9019546]
color diff: 3.96 

[0.01197627 0.7690681 ]
color diff: 4.68 

[0.35555238 0.965482  ]
color diff: 3.08 

[0.18273278 0.8027219 ]
color diff: 3.45 

[0.23341493 0.9823121 ]
color diff: 3.74 

[0.52476424 0.8048273 ]
color diff: 1.63 

[0.06537256 0.15816116]
color diff: 23.25 

[0.80592483 0.5927424 ]
color diff: 5.61 

[0.7273472 0.9459816]
color diff: 1.62 

[0.35119027 0.7982708 ]
color diff: 2.53 

[0.5949026 0.8773888]
color diff: 1.22 

[0.1515724 0.7141243]
color diff: 4.37 

[0.85123485 0.9606403 ]
color diff: 1.69 

[0.01716404 0.4643485 ]
color diff: 10.00 

[0.13642272 0.9825839 ]
color diff: 4.17 

[0.5542966 0.7388015]
color diff: 2.40 

[0.4091637 0.8044474]
color diff: 2.19 

[0.02659125 0.951429  ]
color diff: 4.50 

[0.1344636 0.9099153]
color diff: 3.75 

[0.1628352  0.93409765]
color diff: 3.72 

[1.0275347  0.89146334]
color diff: 1.00 

[0.35069245 0.81512374]
color diff: 2.45 

[0.1321895  0.74791855]
color diff: 4.12 

[0.10446158 0.5605285 ]
color diff: 7.24 

[0.3049595 0.7415026]
color diff: 3.27 

[0.04892558 0.95137745]
color diff: 4.39 

[0.55617654 0.89666164]
color diff: 1.56 

[0.20023102 0.84166837]
color diff: 3.25 

[0.50525683 0.8392651 ]
color diff: 1.57 

[0.03982722 0.5904748 ]
color diff: 6.93 

[0.30721167 0.87509745]
color diff: 2.69 

[0.12329699 0.712889  ]
color diff: 4.54 

[0.3045707  0.95611197]
color diff: 3.21 

[0.8370076  0.90770656]
color diff: 0.84 

[0.03065825 0.93275815]
color diff: 4.40 

[0.44465685 0.85342777]
color diff: 1.89 

[0.06660444 0.75245386]
color diff: 4.47 

[0.20761447 0.8627925 ]
color diff: 3.21 

[0.14201152 0.55725604]
color diff: 7.16 

[0.5786878  0.82554996]
color diff: 1.24 

[1.0950022 0.5720695]
color diff: 6.85 

[0.39605814 0.7512764 ]
color diff: 2.74 

[0.16016315 0.33562312]
color diff: 13.73 

[0.06323574 0.799987  ]
color diff: 4.18 

[0.04853827 0.5895912 ]
color diff: 6.90 

[0.93073905 0.84720993]
color diff: 0.61 

[0.04743053 0.7614926 ]
color diff: 4.52 

[0.18506779 0.74196273]
color diff: 3.88 

[0.4118359  0.93251723]
color diff: 2.53 

[0.02251076 0.69323003]
color diff: 5.37 

[0.06207512 0.91704255]
color diff: 4.17 

[0.0740829  0.93640053]
color diff: 4.18 

[0.6200467 0.7614434]
color diff: 1.87 

[0.1773213 0.870123 ]
color diff: 3.39 

[0.1535986  0.65824234]
color diff: 5.16 

[0.41066694 0.7128909 ]
color diff: 3.23 

[0.34069234 0.92195314]
color diff: 2.77 

[0.69008565 0.95622164]
color diff: 1.86 

[-0.06769897  0.8912043 ]
color diff: 4.84 

[0.43406016 0.7885621 ]
color diff: 2.18 

[-0.03745895  0.7171657 ]
color diff: 5.46 

[0.17183019 0.86188847]
color diff: 3.42 

[0.15423177 0.7510328 ]
color diff: 3.97 

[0.17997253 0.82259583]
color diff: 3.40 

[0.31381935 0.9204662 ]
color diff: 2.89 

[0.29723912 0.8151371 ]
color diff: 2.75 

[1.0385218  0.97274894]
color diff: 1.93 

[0.19703957 0.55529386]
color diff: 7.00 

[0.34306893 0.8245214 ]
color diff: 2.46 

[0.06957439 0.48617533]
color diff: 9.18 

[0.96885127 0.9653334 ]
color diff: 1.76 

[0.61329037 0.9503218 ]
color diff: 1.98 

[0.9267605 0.9754315]
color diff: 1.90 

[0.7888414 0.8986539]
color diff: 0.75 

[-0.00107329  0.5770875 ]
color diff: 7.41 

[0.17233796 0.6492562 ]
color diff: 5.22 

[0.08547035 0.7009146 ]
color diff: 4.90 

[0.45286962 0.6689278 ]
color diff: 3.89 

[0.9682978 1.0400227]
color diff: 2.84 

[0.1057722 0.9021686]
color diff: 3.88 




######## Test 7 ########
tensor([0.6765, 0.4472])
################
[0.85746944 0.37339884]
color diff: 3.54 

[0.6806511  0.34104732]
color diff: 4.02 

[0.94268495 0.4896673 ]
color diff: 2.02 

[0.9632891 0.4976448]
color diff: 2.21 

[0.5642487  0.49133253]
color diff: 1.87 

[0.67762643 0.43601367]
color diff: 0.38 

[0.825685   0.35753438]
color diff: 3.98 

[0.05515305 0.36728945]
color diff: 6.38 

[0.79077977 0.5351843 ]
color diff: 2.57 

[0.6839572 0.4269492]
color diff: 0.71 

[0.69859064 0.4609088 ]
color diff: 0.43 

[0.52573687 0.40598637]
color diff: 1.63 

[0.95391184 0.51348126]
color diff: 2.40 

[1.0139234  0.65957683]
color diff: 5.63 

[0.35256946 0.4275991 ]
color diff: 2.79 

[0.7033303  0.40373003]
color diff: 1.61 

[1.0302904 0.5429405]
color diff: 3.18 

[0.58826697 0.45074722]
color diff: 0.77 

[0.78567976 0.471996  ]
color diff: 0.97 

[0.8066907 0.5049422]
color diff: 1.78 

[0.37149826 0.4421863 ]
color diff: 2.63 

[0.7112427 0.4679637]
color diff: 0.65 

[0.5883451 0.7932921]
color diff: 8.75 

[1.0665098 0.4169218]
color diff: 3.57 

[0.990196   0.41547546]
color diff: 3.06 

[0.9477339 0.549231 ]
color diff: 3.10 

[0.72116894 0.44755417]
color diff: 0.36 

[0.91356385 0.4818557 ]
color diff: 1.78 

[0.94901675 0.6341954 ]
color diff: 5.04 

[0.55139905 0.46293885]
color diff: 1.28 

[0.57894427 0.42441905]
color diff: 0.95 

[0.66634804 0.48156375]
color diff: 1.13 

[0.76245606 0.36953777]
color diff: 3.17 

[0.75068706 0.5619142 ]
color diff: 3.31 

[0.63029426 0.537637  ]
color diff: 2.87 

[0.7434426  0.34929025]
color diff: 3.91 

[1.0257348 0.659451 ]
color diff: 5.63 

[0.6230129 0.4530954]
color diff: 0.53 

[0.6537679 0.5934336]
color diff: 4.29 

[0.34073412 0.34447518]
color diff: 4.26 

[0.6877618 0.4558323]
color diff: 0.27 

[0.7023104 0.3959121]
color diff: 1.90 

[0.47364095 0.47515664]
color diff: 2.12 

[0.79657084 0.62373394]
color diff: 4.84 

[0.24074395 0.3970111 ]
color diff: 4.04 

[0.6744032  0.47132963]
color diff: 0.79 

[0.759804   0.40778932]
color diff: 1.74 

[0.836199  0.5372619]
color diff: 2.65 

[0.9237645  0.52916133]
color diff: 2.60 

[0.608087   0.40501153]
color diff: 1.40 

[0.73671407 0.5613116 ]
color diff: 3.31 

[0.41789404 0.39532208]
color diff: 2.53 

[0.53739697 0.3524781 ]
color diff: 3.33 

[0.5629652 0.5870426]
color diff: 4.37 

[0.61475974 0.53113145]
color diff: 2.74 

[0.89027745 0.55799776]
color diff: 3.21 

[0.1413987  0.43086037]
color diff: 4.89 

[0.17890878 0.24422555]
color diff: 8.93 

[0.3357682  0.44459683]
color diff: 2.98 

[0.8730725  0.42731073]
color diff: 1.92 

[0.45137042 0.5091442 ]
color diff: 2.98 

[0.6542165 0.4172968]
color diff: 0.99 

[0.88564146 0.52258223]
color diff: 2.37 

[0.45565677 0.4287618 ]
color diff: 1.85 

[0.33672103 0.38129023]
color diff: 3.40 

[0.89385194 0.45168564]
color diff: 1.66 

[1.1076585  0.42077667]
color diff: 3.77 

[0.70773375 0.59906423]
color diff: 4.33 

[0.49515426 0.4302308 ]
color diff: 1.50 

[0.35549808 0.3598782 ]
color diff: 3.74 

[0.88534635 0.41340008]
color diff: 2.37 

[0.89443576 0.41384104]
color diff: 2.42 

[0.64025015 0.462468  ]
color diff: 0.65 

[0.80877024 0.5768628 ]
color diff: 3.66 

[0.7874808  0.60003966]
color diff: 4.26 

[0.70497686 0.5103188 ]
color diff: 1.92 

[0.32535383 0.548072  ]
color diff: 4.59 

[0.5593254  0.36810702]
color diff: 2.73 

[0.9637295  0.37682906]
color diff: 4.08 

[0.8849988  0.51258457]
color diff: 2.14 

[0.8180396  0.58005416]
color diff: 3.74 

[0.96325445 0.47779402]
color diff: 2.06 

[0.77683055 0.48180044]
color diff: 1.15 

[0.65263796 0.4383473 ]
color diff: 0.30 

[0.48033595 0.5238752 ]
color diff: 3.15 

[0.8004287 0.5531903]
color diff: 3.05 

[0.3936948  0.82127714]
color diff: 9.64 

[0.5213424  0.38827914]
color diff: 2.13 

[0.71851563 0.4471494 ]
color diff: 0.34 

[0.7285967 0.5934961]
color diff: 4.16 

[0.6802933  0.48567286]
color diff: 1.22 

[0.89713436 0.5773769 ]
color diff: 3.69 

[0.85042036 0.3762665 ]
color diff: 3.39 

[0.83633304 0.46160868]
color diff: 1.19 

[0.8805023  0.43955818]
color diff: 1.72 

[0.9496029  0.74740964]
color diff: 7.47 

[0.610589  0.3813686]
color diff: 2.24 

[0.9179983 0.4311027]
color diff: 2.17 

[0.9314795 0.4053667]
color diff: 2.93 

[1.0078907  0.33094725]
color diff: 6.18 

[0.8595124  0.82833344]
color diff: 9.08 

[0.001491   0.22190496]
color diff: 11.46 

[0.81948906 0.4459718 ]
color diff: 1.15 

[0.65116155 0.45973083]
color diff: 0.51 

[0.8568939 0.6612748]
color diff: 5.68 

[0.67411554 0.48073107]
color diff: 1.09 

[0.52681196 0.4668858 ]
color diff: 1.55 

[0.78964335 0.5214704 ]
color diff: 2.20 

[0.34028092 0.36663854]
color diff: 3.68 

[0.33540332 0.44486633]
color diff: 2.98 

[0.7233654  0.49701056]
color diff: 1.51 

[0.49339536 0.41452074]
color diff: 1.67 

[0.7095681  0.48442218]
color diff: 1.14 

[0.8669291 0.5291647]
color diff: 2.48 

[0.65914744 0.53725046]
color diff: 2.79 

[0.85637486 0.5792606 ]
color diff: 3.72 

[0.5842668 0.5463142]
color diff: 3.26 

[0.9045815  0.52675945]
color diff: 2.50 

[0.9368646 0.7430984]
color diff: 7.39 

[0.98676187 0.54101706]
color diff: 3.01 

[0.90325826 0.52439696]
color diff: 2.45 

[0.7788908  0.42106473]
color diff: 1.42 

[0.28586107 0.38866046]
color diff: 3.72 

[0.7571782 0.3653836]
color diff: 3.31 

[0.641214  0.5133645]
color diff: 2.16 

[0.53947747 0.414454  ]
color diff: 1.37 

[0.6780862  0.39647853]
color diff: 1.79 

[0.59401    0.44952744]
color diff: 0.71 

[0.9088162  0.65643483]
color diff: 5.55 

[0.48120472 0.4822373 ]
color diff: 2.20 

[0.9590149 0.4451051]
color diff: 2.22 

[0.4948308 0.5113597]
color diff: 2.77 

[0.9191432  0.36600792]
color diff: 4.20 

[0.81383413 0.2954831 ]
color diff: 6.72 

[0.9154395  0.40793905]
color diff: 2.74 

[0.47816366 0.31932288]
color diff: 4.69 

[1.0605321 0.7116983]
color diff: 6.74 

[0.8034603 0.4319673]
color diff: 1.29 

[0.522081   0.31503233]
color diff: 4.86 

[0.8717608 0.5556782]
color diff: 3.14 

[0.77137464 0.45462835]
color diff: 0.72 

[0.530514  0.5138135]
color diff: 2.63 

[0.5015028 0.3818617]
color diff: 2.39 

[1.0038744  0.41791955]
color diff: 3.10 

[0.72954303 0.51766235]
color diff: 2.11 

[0.26418754 0.359674  ]
color diff: 4.42 

[0.6152884  0.46630543]
color diff: 0.91 

[0.27353382 0.36175698]
color diff: 4.30 

[1.0506257 0.5393225]
color diff: 3.18 

[0.7943697 0.3946058]
color diff: 2.39 

[0.6688809  0.49792758]
color diff: 1.63 

[0.855022   0.32429996]
color diff: 5.57 

[0.97706944 0.6393436 ]
color diff: 5.17 

[0.7247648  0.32676953]
color diff: 4.82 

[0.42346632 0.33395314]
color diff: 4.23 

[0.85863703 0.49256775]
color diff: 1.66 

[0.9349736  0.40047294]
color diff: 3.10 

[0.97580403 0.5191233 ]
color diff: 2.57 

[0.7539642  0.47779164]
color diff: 0.99 

[1.0266519  0.52293545]
color diff: 2.83 

[0.9157173  0.52494186]
color diff: 2.49 

[0.67457545 0.49194813]
color diff: 1.43 

[0.9364994  0.43475294]
color diff: 2.23 

[0.8000579  0.46870336]
color diff: 1.00 

[0.7878138  0.45743477]
color diff: 0.84 

[0.82897645 0.40419424]
color diff: 2.27 

[0.94429994 0.42160308]
color diff: 2.58 

[0.4298537  0.34919587]
color diff: 3.68 

[0.41315562 0.48843262]
color diff: 2.83 

[0.8944783 0.5213803]
color diff: 2.36 

[0.81339633 0.336597  ]
color diff: 4.80 

[0.84910583 0.3893978 ]
color diff: 2.90 

[0.22922814 0.3540532 ]
color diff: 4.84 

[0.95639664 0.42710602]
color diff: 2.54 

[0.46928048 0.38684162]
color diff: 2.39 

[0.8390526  0.52363354]
color diff: 2.30 

[0.98379064 0.6822146 ]
color diff: 6.11 

[0.76428956 0.4132321 ]
color diff: 1.58 

[-0.00659892  0.48058552]
color diff: 6.54 

[0.66043466 0.3618506 ]
color diff: 3.09 

[0.92376965 0.39572123]
color diff: 3.17 

[1.0119851 0.6243024]
color diff: 4.86 

[0.3198293  0.28014037]
color diff: 6.68 

[0.42286488 0.5430592 ]
color diff: 3.91 

[0.5135017  0.46693322]
color diff: 1.65 

[0.5760941  0.37500888]
color diff: 2.47 

[0.52632093 0.42076677]
color diff: 1.34 

[1.0300616 0.5130994]
color diff: 2.71 

[0.07789527 0.35672638]
color diff: 6.30 

[0.95799017 0.39940122]
color diff: 3.29 

[0.68943995 0.46162808]
color diff: 0.45 

[0.7406727  0.47096935]
color diff: 0.78 

[0.8233031  0.41009235]
color diff: 2.05 

[0.67580336 0.5528499 ]
color diff: 3.18 

[1.0102068  0.42557433]
color diff: 2.96 

[0.7007014  0.35119474]
color diff: 3.66 

[0.8290915 0.4190864]
color diff: 1.82 

[0.9436529  0.38180014]
color diff: 3.77 

[0.6025431 0.4348829]
color diff: 0.63 

[0.5557475 0.4566347]
color diff: 1.13 

[0.53047    0.38847908]
color diff: 2.09 

[0.95139194 0.6048024 ]
color diff: 4.37 

[0.36009905 0.4236024 ]
color diff: 2.72 

[0.6583798  0.61254424]
color diff: 4.76 

[0.93665814 0.6752441 ]
color diff: 5.96 

[0.9204475  0.46437952]
color diff: 1.77 

[0.94699913 0.3927537 ]
color diff: 3.43 

[1.1073095  0.37769127]
color diff: 5.01 

[0.8863816 0.5071519]
color diff: 2.04 

[0.36104164 0.3527322 ]
color diff: 3.91 

[0.7359638  0.42875585]
color diff: 0.91 

[0.27534458 0.34649497]
color diff: 4.65 

[0.37017152 0.26520696]
color diff: 7.21 

[0.9374761 0.5446345]
color diff: 2.97 

[0.7877117  0.39708003]
color diff: 2.27 

[0.85711515 0.49912053]
color diff: 1.78 

[0.74362737 0.5670479 ]
color diff: 3.46 

[0.8157234 0.3923623]
color diff: 2.60 

[0.93158174 0.43831116]
color diff: 2.13 

[0.29613996 0.4358978 ]
color diff: 3.33 

[0.8186909 0.6114817]
color diff: 4.53 

[0.9113481  0.52445745]
color diff: 2.47 

[0.75645316 0.42723727]
color diff: 1.09 

[0.4591631  0.46174312]
color diff: 2.01 

[0.6840595  0.49962574]
color diff: 1.64 

[0.06585567 0.28671092]
color diff: 8.21 

[0.70210326 0.4375822 ]
color diff: 0.44 

[1.0759481  0.51366335]
color diff: 2.93 

[0.5019374  0.37788618]
color diff: 2.51 

[1.0048518 0.4439854]
color diff: 2.57 

[0.82935953 0.5175845 ]
color diff: 2.14 

[0.92963016 0.5666151 ]
color diff: 3.46 

[0.60539687 0.4131266 ]
color diff: 1.15 

[0.41049838 0.41113   ]
color diff: 2.36 

[0.166041   0.31509846]
color diff: 6.39 

[0.7678012 0.5706779]
color diff: 3.53 

[0.8346634  0.34691077]
color diff: 4.47 

[0.7510579 0.7251374]
color diff: 7.16 

[0.9313583  0.46601826]
color diff: 1.84 

[0.9216765 0.5724104]
color diff: 3.59 

[0.78649473 0.45511726]
color diff: 0.83 

[1.1066087  0.41041484]
color diff: 4.02 

[0.74382776 0.34475055]
color diff: 4.11 

[0.95615965 0.6847369 ]
color diff: 6.16 

[0.68599474 0.48000512]
color diff: 1.04 

[0.60323036 0.35296315]
color diff: 3.34 

[0.39024407 0.44541928]
color diff: 2.47 

[1.0176541  0.52766865]
color diff: 2.87 

[0.0862503  0.42744997]
color diff: 5.49 

[0.3983163  0.37848216]
color diff: 3.01 

[0.52602994 0.42931345]
color diff: 1.25 

[0.98091    0.53468823]
color diff: 2.87 

[0.35788807 0.39255017]
color diff: 3.04 

[0.66838855 0.50490683]
color diff: 1.83 

[0.8715086 0.5266254]
color diff: 2.43 

[1.0217518 0.6928657]
color diff: 6.34 




######## Test 8 ########
tensor([0.7098, 0.9844])
################
[0.24815857 0.72605956]
color diff: 4.86 

[0.7044094 1.058973 ]
color diff: 1.10 

[0.79481864 0.9937148 ]
color diff: 0.37 

[0.0604278 1.0475336]
color diff: 3.24 

[0.46485937 0.8928002 ]
color diff: 1.72 

[0.59288734 0.99913704]
color diff: 0.60 

[0.25808644 0.79634565]
color diff: 3.67 

[0.02866708 0.8622534 ]
color diff: 3.85 

[0.08744383 1.0036277 ]
color diff: 2.99 

[0.12193561 1.1572583 ]
color diff: 3.68 

[0.58595645 0.9218988 ]
color diff: 1.05 

[0.13765411 0.8323667 ]
color diff: 3.64 

[0.2217567 0.8567359]
color diff: 3.00 

[0.15762897 0.7999041 ]
color diff: 3.97 

[0.57030517 0.92889225]
color diff: 0.99 

[0.13379835 0.93336344]
color diff: 2.84 

[0.09668738 0.90814084]
color diff: 3.16 

[0.41978297 0.904527  ]
color diff: 1.73 

[0.4358364 1.0251894]
color diff: 1.45 

[0.21631402 0.91278887]
color diff: 2.53 

[0.2071007 0.789904 ]
color diff: 3.93 

[0.6613451 0.9595553]
color diff: 0.41 

[0.2753706 0.9383581]
color diff: 2.11 

[0.24528673 0.9677103 ]
color diff: 2.18 

[0.09928423 0.9189921 ]
color diff: 3.08 

[-0.0164915  0.8458134]
color diff: 4.24 

[0.06566191 0.22905998]
color diff: 20.72 

[0.622029  1.0193007]
color diff: 0.70 

[0.5741661  0.99922895]
color diff: 0.68 

[0.07985877 0.93922967]
color diff: 3.10 

[0.31117058 0.8252757 ]
color diff: 3.08 

[0.29202893 0.9156606 ]
color diff: 2.16 

[0.88702273 0.94751817]
color diff: 1.06 

[0.07808751 0.92832386]
color diff: 3.15 

[0.40316468 1.0298052 ]
color diff: 1.62 

[0.04510994 0.60416836]
color diff: 7.89 

[0.22659749 0.8680592 ]
color diff: 2.86 

[0.6550289 0.7910416]
color diff: 3.25 

[-0.00528336  0.59856194]
color diff: 8.19 

[0.38848776 0.85451025]
color diff: 2.44 

[0.0919764  0.59069407]
color diff: 8.04 

[0.9078083 0.8928611]
color diff: 1.88 

[0.6162837  0.87408006]
color diff: 1.76 

[0.1891627 0.9061377]
color diff: 2.71 

[0.05582805 0.37175742]
color diff: 14.43 

[0.12664133 0.3835541 ]
color diff: 13.85 

[0.0272509  0.98472804]
color diff: 3.29 

[0.26740324 0.95176286]
color diff: 2.10 

[0.28099903 0.8072381 ]
color diff: 3.43 

[0.07385896 0.96033335]
color diff: 3.07 

[0.02006809 1.0724704 ]
color diff: 3.53 

[0.32584906 0.9629817 ]
color diff: 1.79 

[0.39428768 0.8460852 ]
color diff: 2.54 

[0.48699355 0.9068287 ]
color diff: 1.48 

[0.23936258 0.928881  ]
color diff: 2.33 

[0.23759706 0.82207316]
color diff: 3.37 

[0.01489411 0.54297656]
color diff: 9.42 

[0.6171051 0.8313509]
color diff: 2.49 

[0.627998  0.9045009]
color diff: 1.26 

[0.43307424 1.0827489 ]
color diff: 1.99 

[0.10600281 0.8674722 ]
color diff: 3.42 

[0.08337691 0.83126   ]
color diff: 3.90 

[0.0992858 0.928411 ]
color diff: 3.04 

[0.1362133 0.9299665]
color diff: 2.84 

[0.162113   0.78227687]
color diff: 4.21 

[0.05536958 0.6258275 ]
color diff: 7.39 

[0.15380654 1.0111065 ]
color diff: 2.67 

[0.5678411 0.9647352]
color diff: 0.67 

[0.10779081 0.9642046 ]
color diff: 2.88 

[0.05818747 0.88891995]
color diff: 3.48 

[0.40860948 0.89599967]
color diff: 1.86 

[0.04142455 0.74401414]
color diff: 5.27 

[0.0597262 0.9550659]
color diff: 3.16 

[0.09718791 0.76769173]
color diff: 4.68 

[0.29070237 0.88969135]
color diff: 2.38 

[0.58233315 0.95716786]
color diff: 0.66 

[0.0848221 1.098439 ]
color diff: 3.39 

[0.09333633 0.6437187 ]
color diff: 6.89 

[0.83284813 0.9789112 ]
color diff: 0.56 

[0.42489016 0.9491602 ]
color diff: 1.36 

[0.12733272 1.0131943 ]
color diff: 2.81 

[ 0.08269842 -0.11489914]
color diff: nan 

[0.93353903 0.93976563]
color diff: 1.32 

[0.78176206 1.0687999 ]
color diff: 1.22 

[0.12235221 1.0966336 ]
color diff: 3.22 

[0.06146359 0.84162486]
color diff: 3.89 

[0.12773329 0.7492455 ]
color diff: 4.84 

[0.83204174 0.92083985]
color diff: 1.24 

[0.22604217 0.90177846]
color diff: 2.56 

[0.32020134 0.9002623 ]
color diff: 2.16 

[0.01001356 0.9270278 ]
color diff: 3.52 

[0.05051877 0.42851043]
color diff: 12.53 

[0.73524153 0.8617672 ]
color diff: 2.03 

[0.29684082 0.9872263 ]
color diff: 1.93 

[0.20664427 0.93906844]
color diff: 2.44 

[0.07356668 0.92748445]
color diff: 3.18 

[0.155495  1.1012589]
color diff: 3.13 

[0.7805698  0.98932534]
color diff: 0.31 

[0.11739451 0.61700493]
color diff: 7.38 

[0.7667203 1.0392116]
color diff: 0.80 

[0.1870482  0.97397244]
color diff: 2.47 

[0.09941365 0.93239504]
color diff: 3.02 

[0.3115233  0.92300487]
color diff: 2.02 

[0.23348287 0.9656236 ]
color diff: 2.24 

[0.0373563  0.57815284]
color diff: 8.50 

[0.52425635 0.88682854]
color diff: 1.66 

[0.49234083 0.9848674 ]
color diff: 0.99 

[0.03103105 0.50664455]
color diff: 10.30 

[0.09790564 0.8144426 ]
color diff: 4.03 

[0.18235098 0.971789  ]
color diff: 2.49 

[0.10725499 0.8644366 ]
color diff: 3.44 

[0.01035897 0.880776  ]
color diff: 3.80 

[0.06732664 0.6340814 ]
color diff: 7.17 

[0.13250439 0.94841063]
color diff: 2.79 

[0.3394033 0.9519739]
color diff: 1.75 

[0.10285332 0.92883176]
color diff: 3.02 

[0.86819625 1.0277215 ]
color diff: 0.84 

[0.15124133 0.77638185]
color diff: 4.34 

[0.30643967 1.0172231 ]
color diff: 1.97 

[0.8438116 0.9247177]
color diff: 1.21 

[0.80849797 0.9650476 ]
color diff: 0.57 

[0.08553512 0.31969678]
color diff: 16.38 

[0.1217501  0.89652705]
color diff: 3.11 

[0.14703268 0.9687534 ]
color diff: 2.68 

[0.15136935 0.9934543 ]
color diff: 2.65 

[0.03908062 1.006567  ]
color diff: 3.24 

[0.36539343 1.0692048 ]
color diff: 2.08 

[0.57629687 0.8362439 ]
color diff: 2.42 

[0.6390707 0.818743 ]
color diff: 2.72 

[0.42340627 0.95268995]
color diff: 1.35 

[0.13258997 0.9600615 ]
color diff: 2.76 

[0.15378739 0.90029013]
color diff: 2.92 

[0.97487277 0.88889956]
color diff: 2.15 

[0.01847455 0.56768405]
color diff: 8.81 

[0.09821971 0.53218764]
color diff: 9.44 

[0.01263168 0.6692207 ]
color diff: 6.68 

[0.5035578 0.8727221]
color diff: 1.91 

[0.9491503  0.94223845]
color diff: 1.35 

[0.6411564  0.92930764]
color diff: 0.86 

[0.49407122 0.9503617 ]
color diff: 1.05 

[0.08678482 0.9662727 ]
color diff: 2.99 

[0.04196006 0.69194275]
color diff: 6.14 

[0.49500206 0.83661777]
color diff: 2.49 

[0.38263   0.9297153]
color diff: 1.66 

[0.00364429 1.0233167 ]
color diff: 3.44 

[0.14876023 0.42999277]
color diff: 12.25 

[0.63405365 0.7988759 ]
color diff: 3.09 

[0.19040275 1.0050997 ]
color diff: 2.48 

[0.6756277  0.95624524]
color diff: 0.43 

[-0.02207503  0.6603896 ]
color diff: 6.99 

[0.19349018 0.9183958 ]
color diff: 2.61 

[0.21901442 0.94539076]
color diff: 2.36 

[0.64083374 0.98353297]
color diff: 0.31 

[0.1035601  0.94410026]
color diff: 2.95 

[0.04558071 0.86724067]
color diff: 3.72 

[0.26154616 0.92522365]
color diff: 2.24 

[0.32845655 0.98600036]
color diff: 1.77 

[0.2436635 0.8960119]
color diff: 2.53 

[0.13426349 1.0251707 ]
color diff: 2.81 

[0.7195632  0.86460626]
color diff: 1.96 

[0.21986668 0.775652  ]
color diff: 4.11 

[0.54597616 0.87932205]
color diff: 1.74 

[0.05963428 1.0121378 ]
color diff: 3.14 

[0.830233   0.89179766]
color diff: 1.69 

[0.07068852 0.9186997 ]
color diff: 3.23 

[0.26253152 0.8420149 ]
color diff: 3.02 

[0.16120969 0.9675532 ]
color diff: 2.60 

[0.1181089 0.9472822]
color diff: 2.87 

[0.22095026 0.949466  ]
color diff: 2.34 

[0.6660449  0.93336195]
color diff: 0.79 

[1.0350399 1.1172818]
color diff: 2.08 

[0.00449405 1.0243887 ]
color diff: 3.44 

[0.73621565 0.9564794 ]
color diff: 0.47 

[0.64000815 0.8766563 ]
color diff: 1.71 

[0.16560008 0.9994633 ]
color diff: 2.59 

[0.03904074 0.5623204 ]
color diff: 8.87 

[0.700995  0.9505105]
color diff: 0.52 

[0.01883028 0.8041267 ]
color diff: 4.53 

[1.0141274 0.81592  ]
color diff: 3.46 

[0.1044399 1.0611042]
color diff: 3.09 

[0.36897445 0.8994462 ]
color diff: 1.97 

[0.17268434 0.48975933]
color diff: 10.41 

[0.41568664 0.89864147]
color diff: 1.80 

[0.27795285 0.9291656 ]
color diff: 2.14 

[0.5485706 0.6737516]
color diff: 5.59 

[0.04857836 0.49803683]
color diff: 10.48 

[0.26680306 0.96442026]
color diff: 2.07 

[0.18229215 1.007837  ]
color diff: 2.52 

[0.17996775 0.9076086 ]
color diff: 2.74 

[0.1534788  0.83879405]
color diff: 3.50 

[0.2559354 0.9120484]
color diff: 2.35 

[0.17255433 1.0279944 ]
color diff: 2.63 

[0.3257742  0.95958805]
color diff: 1.79 

[0.03222086 0.9342947 ]
color diff: 3.37 

[0.06815363 1.0351418 ]
color diff: 3.16 

[0.39125523 0.9667055 ]
color diff: 1.46 

[0.46667272 0.8801752 ]
color diff: 1.88 

[0.05735332 0.8047094 ]
color diff: 4.34 

[0.07780396 0.8958295 ]
color diff: 3.33 

[0.31934074 0.93276286]
color diff: 1.92 

[0.03898672 0.6033753 ]
color diff: 7.93 

[0.11422629 0.78233653]
color diff: 4.39 

[-0.16188402  0.9201183 ]
color diff: 4.51 

[0.22007623 0.95933294]
color diff: 2.32 

[0.21360499 0.9079112 ]
color diff: 2.58 

[0.06724703 0.43422034]
color diff: 12.30 

[0.3681165 0.9121342]
color diff: 1.85 

[0.6193593 0.9563332]
color diff: 0.54 

[0.51558924 0.823357  ]
color diff: 2.68 

[0.42531806 0.8576259 ]
color diff: 2.30 

[0.13890669 0.8954537 ]
color diff: 3.03 

[0.41014272 0.8595965 ]
color diff: 2.31 

[0.06993726 0.6128315 ]
color diff: 7.61 

[0.08476962 0.64364886]
color diff: 6.92 

[0.39632672 0.98016846]
color diff: 1.44 

[0.08017072 0.77829754]
color diff: 4.59 

[0.22580801 0.8596845 ]
color diff: 2.95 

[0.28958312 0.9396818 ]
color diff: 2.03 

[0.16234502 0.88135004]
color diff: 3.03 

[0.19396183 0.8079373 ]
color diff: 3.72 

[0.2512948 0.8334933]
color diff: 3.17 

[0.1970503 0.9179806]
color diff: 2.59 

[0.0172809 1.0233432]
color diff: 3.37 

[0.07851315 0.75704396]
color diff: 4.91 

[0.05623642 0.53152394]
color diff: 9.57 

[0.9403714 0.9977066]
color diff: 0.97 

[0.8076669 0.7597031]
color diff: 4.04 

[0.08661443 0.99403673]
color diff: 2.98 

[-0.00296516  0.8710798 ]
color diff: 3.94 

[0.07309069 0.76337576]
color diff: 4.84 

[0.98905104 0.8939266 ]
color diff: 2.12 

[0.20674689 0.9477812 ]
color diff: 2.41 

[0.01214794 0.89248466]
color diff: 3.70 

[0.11791074 0.46847922]
color diff: 11.14 

[0.1548916  0.81481004]
color diff: 3.78 

[0.12682402 0.77347827]
color diff: 4.47 

[0.636131  0.9959181]
color diff: 0.40 

[0.1295989  0.83703446]
color diff: 3.62 

[0.12875368 0.8997959 ]
color diff: 3.05 

[0.26592824 0.7653008 ]
color diff: 4.14 

[0.05660921 1.1092144 ]
color diff: 3.57 

[0.08834932 0.95100087]
color diff: 3.01 

[0.11359557 1.0201929 ]
color diff: 2.89 

[0.04359582 1.1509702 ]
color diff: 3.91 

[0.29526678 0.927725  ]
color diff: 2.06 

[0.01225091 0.5070026 ]
color diff: 10.36 

[0.5078904 0.8631444]
color diff: 2.04 

[0.07008624 0.41231778]
color diff: 13.00 

[0.01551033 0.82242984]
color diff: 4.33 

[0.5676538 0.9165918]
color diff: 1.16 

[0.23886982 0.9867047 ]
color diff: 2.21 

[0.84293336 0.96548104]
color diff: 0.70 

[0.22816022 1.0087074 ]
color diff: 2.30 

[0.10362643 0.46656728]
color diff: 11.23 

[0.15139239 0.90903306]
color diff: 2.87 

[0.3163078  0.91901934]
color diff: 2.02 






Training took 56.13 minutes

