/home/ubuntu/2309/computer_color/conditional_mul_km_impl2/data.py:219: RuntimeWarning: invalid value encountered in sqrt
  reflectance = fss - ((fss + 1) ** 2 - 1) ** 0.5 + 1
######## Test Sample 0 ########
[-0.03423023 -0.10212267  0.79191136  0.52242976  0.2575576   0.08915672]
color diff: 19.23 

[0.0464443  0.27102688 0.6393632  0.4478718  0.05721853 0.244836  ]
color diff: 12.48 

[ 0.03598698  0.00928135  0.7450502   0.61636484 -0.03450862  0.79762965]
color diff: 10.89 

[ 0.06473033  0.43433237 -0.00730687  0.5785765   0.28517187  0.14539276]
color diff: 8.22 

[0.04433125 0.09073555 0.10824369 0.74272364 0.2618073  0.5393814 ]
color diff: 8.50 

[-0.01485734  0.5889579   0.6009088   0.73560405  0.05988688  0.06644644]
color diff: 24.07 

[0.12030555 0.00541764 0.06770914 0.9223877  0.9145325  0.10368355]
color diff: 7.48 

[ 0.05626083 -0.05471043 -0.1182171   0.5777733   0.6991202   0.06033298]
color diff: 3.01 

[ 0.02951755 -0.04793033  0.806948    0.815708    0.2341975   0.03934488]
color diff: 16.78 

[ 0.06629968 -0.00614789 -0.03655107  0.58621496  0.5658105   0.13911854]
color diff: 2.65 

[-0.09349431  0.21795334  0.65945995  0.565979    0.05728598 -0.00466646]
color diff: nan 

[0.07189213 0.01309691 0.7524898  0.7327764  0.19823632 0.04325705]
color diff: 15.07 

[ 0.04558297 -0.08662421  0.60343724  0.71632046  0.68483835  0.00386679]
color diff: 14.87 

[-0.00818388 -0.03316775  0.59853023  0.6560423  -0.09351403  0.5519464 ]
color diff: 6.17 

[ 0.03230009 -0.01078748  0.02868556  0.8245775   0.41749513  0.11838473]
color diff: 5.47 

[ 0.09818012 -0.07749385  0.09079105  0.8873124   0.7028985   0.10775712]
color diff: 5.68 

[-0.05473619  0.62023395 -0.08044475  0.6793872  -0.04872968  0.4629402 ]
color diff: 4.32 

[0.01446391 0.12680104 0.41650292 0.61460245 0.23698403 0.01558683]
color diff: 16.90 

[ 0.00433614  0.11729369  0.3298122   0.9918954  -0.02970374  0.54367214]
color diff: 8.81 

[-0.01914615  0.24389857  0.39600453  0.6953974   0.01320102  0.13036107]
color diff: 14.19 

[-0.07942134  0.26016158 -0.07245218  0.5361716   0.05016954  0.39470714]
color diff: 6.72 

[-0.01169516  0.1420979   0.7073934   0.6337986   0.18443787 -0.0300514 ]
color diff: 26.99 

[ 0.01773193 -0.05391407  0.47352114  0.6745562   0.52613175 -0.03374537]
color diff: 16.89 

[ 0.0008625   0.43683916 -0.01211029  0.63233185 -0.02057195  0.42094657]
color diff: 4.68 

[ 0.0517222   0.11769211 -0.18223724  0.67880225  0.6734248  -0.01880891]
color diff: 5.63 

[-0.15704048  0.32160255  0.6842522   0.7394421   0.64137506 -0.052253  ]
color diff: nan 

[ 0.14012475  0.24887535 -0.09533272  0.83815175  0.18485367  0.22676758]
color diff: 5.80 

[ 0.0643268  -0.03641224 -0.05996167  0.6933034   0.08766153  0.247588  ]
color diff: 6.98 

[0.07036425 0.25237218 0.00701608 0.63679755 0.58101195 0.03169226]
color diff: 9.19 

[-0.00512394  0.75469464  0.2078287   0.82826376  0.07556726 -0.04127798]
color diff: 27.34 

[ 0.0903989  -0.00317758  0.01203441  0.65442896  0.87366825 -0.02673963]
color diff: 7.74 

[-0.09018959  0.5612027   0.13848521  0.6875273  -0.01710175  0.13014232]
color diff: 22.09 

[-5.2553542e-02 -3.7531703e-04  3.0656350e-01  6.7906767e-01
 -9.0763001e-03  1.7035359e-01]
color diff: 13.01 

[0.01320937 0.40498245 0.04266476 0.65733826 0.09572094 0.03904307]
color diff: 13.24 

[ 0.05172381 -0.05638295  0.00652413  0.750699    0.5635823   0.0716427 ]
color diff: 3.93 

[2.1849433e-02 1.4748955e-04 7.0510846e-01 5.2987778e-01 1.1946518e-01
 7.0245452e-02]
color diff: 16.57 

[ 0.02479223  0.13505314 -0.0538196   0.9073642   0.41217956  0.09540798]
color diff: 6.26 

[ 0.05443155 -0.10790715 -0.07909761  0.6466909   0.62140715  0.06983303]
color diff: 1.83 

[0.06391408 0.05706307 0.0858073  0.59070283 0.6133112  0.07128567]
color diff: 6.73 

[ 0.06531491 -0.00610512 -0.06030113  0.52652085  0.7243187   0.08861876]
color diff: 5.50 

[ 0.07236382  0.23053163 -0.04443779  0.6742353   0.6993162   0.05500885]
color diff: 7.83 

[ 0.09430907 -0.05189903 -0.06929127  0.7659319   0.70285976  0.02043605]
color diff: 3.10 

[ 0.05687645  0.21992092 -0.12752981  0.5597958   0.39204386  0.02506086]
color diff: 6.71 

[ 0.03435445  0.5038981   0.20063725  0.6432906   0.7805004  -0.07848848]
color diff: 22.43 

[ 0.0477177   0.3232978  -0.07384272  0.792703    0.49000096 -0.00473414]
color diff: 9.59 

[ 0.03624185  0.48149836 -0.01633966  0.53023654  0.00959434  0.28829584]
color diff: 6.13 

[-0.02325938  0.3362815   0.6599163   0.54503196  0.30922937 -0.07482775]
color diff: 36.55 

[ 0.02474782 -0.01704849  0.6109072   0.6776061   0.70558274 -0.01665373]
color diff: 17.87 

[ 0.03537868 -0.05320337 -0.04892132  0.7305565   0.17521942  0.2952164 ]
color diff: 7.47 

[ 0.02805794 -0.05576643  0.65955365  0.8293011   0.7152146   0.01531957]
color diff: 15.77 

[ 0.0173785   0.03653372 -0.01453379  0.6303051   0.50990266  0.03765622]
color diff: 6.80 

[-0.07101373 -0.08615416  0.46317446  0.7559804   0.4754499  -0.02725248]
color diff: 25.39 

[0.01520888 0.00143782 0.59905744 0.62849885 0.4364012  0.05624417]
color diff: 15.48 

[ 0.02731761  0.488169   -0.04146323  0.76879346  0.54147035 -0.00164641]
color diff: 13.64 

[ 0.06219814 -0.10155036  0.12210374  0.65659034  0.9516978   0.06733985]
color diff: 6.51 

[-0.05210279 -0.05686377  0.3847802   0.72671217  0.50310194 -0.0254135 ]
color diff: 21.62 

[-0.02954211  0.4051081   0.6188234   0.87136805 -0.06311803  0.23238973]
color diff: 14.97 

[ 0.00642862 -0.04581     0.3692656   0.41154024  0.16773087  0.2230043 ]
color diff: 5.27 

[ 0.16732158  0.02010128 -0.03372402  0.8326448   0.4414173   0.02790694]
color diff: 4.67 

[ 0.06292106 -0.050927    0.07548899  0.6683675   0.7990993   0.01948584]
color diff: 6.65 

[0.1045913  0.03018022 0.03518432 0.6865622  0.6032051  0.09071215]
color diff: 4.67 

[-0.00664785  0.29742184  0.7080283   0.70334285 -0.09475894  0.27359992]
color diff: 12.94 

[-0.03682856  0.18041237  0.77949846  0.6336381   0.00983782  0.0901242 ]
color diff: 22.88 

[ 5.7078782e-04 -5.0954327e-02  7.2520149e-01  5.1666915e-01
  3.5914880e-01  9.1923818e-02]
color diff: 16.44 

[-0.01123407 -0.0440308   0.08219983  0.4798178   0.16707626  0.3871346 ]
color diff: 6.12 

[ 0.02976126 -0.02829677 -0.08657423  0.72543967  0.3074382   0.3887788 ]
color diff: 7.88 

[-0.05057313 -0.00356567  0.70731413  0.85881555  0.2982338   0.22777933]
color diff: 12.91 

[0.0515383  0.3809034  0.62650615 0.73429364 0.06694813 0.03319396]
color diff: 19.06 

[0.02742135 0.6737458  0.18038148 0.74877834 0.15260075 0.03255606]
color diff: 18.08 

[ 0.0607876   0.33129388 -0.06231624  0.6031144   0.02005031  0.40176618]
color diff: 7.07 

[ 0.00729185  0.10025111 -0.06729285  0.6882108   0.69684017  0.03979541]
color diff: 6.87 

[ 0.12141062  0.72383934 -0.14011583  0.5436572  -0.0982783   0.6553613 ]
color diff: 16.33 

[ 0.06728022  0.8540786  -0.07155347  0.5353878  -0.04901996  0.50875366]
color diff: 13.18 

[-0.04883379  0.68090206 -0.01141018  0.7093935   0.05529502 -0.01332558]
color diff: nan 

[ 0.02244184 -0.11060029 -0.04754859  0.6951164   0.5967456   0.20685151]
color diff: 3.02 

[ 0.04135682 -0.03520731  0.08375063  0.37746522  0.670486    0.17895511]
color diff: 8.54 

[ 0.01469102 -0.02698494  0.33444294  0.5890456   0.27749306  0.20763205]
color diff: 5.27 

[0.14235777 0.12279341 0.03586528 0.41202122 0.718679   0.08148006]
color diff: 11.48 

[-0.04559325 -0.1419141   0.3659278   0.63333523  0.8710661   0.10559077]
color diff: 11.14 

[ 0.06877349 -0.15002282  0.24585077  0.65876573 -0.01838212  0.56551135]
color diff: 9.41 

[ 0.02415347 -0.03440682  0.794051    0.48722035  0.17409769  0.04760619]
color diff: 18.64 

[ 0.0753607   0.10517297 -0.07389907  0.7808727   0.50882506  0.02748774]
color diff: 4.60 

[-0.01147714  0.03647314 -0.05577148  0.6917695   0.53767604  0.12407269]
color diff: 4.10 

[-0.0180521  -0.03566688 -0.0095553   0.6877497   0.4422445   0.07110661]
color diff: 8.93 

[ 0.01112974 -0.01152229  0.5510696   0.5548731   0.03398605  0.14355418]
color diff: 11.30 

[ 0.04197233 -0.12157956  0.7117681   0.77913487 -0.02796695  0.41423377]
color diff: 8.04 

[0.1696842  0.05706736 0.05010856 0.67735696 0.6237393  0.06346556]
color diff: 6.90 

[ 2.2904804e-02 -7.8359589e-02  5.0357270e-01  6.8067366e-01
  1.0243460e+00 -8.9665089e-04]
color diff: 15.51 

[ 0.14563735  0.04532422 -0.06135367  0.6356935   0.56852216  0.05467735]
color diff: 4.65 

[ 0.03311892 -0.04539791 -0.1112783   0.6456059   0.5651577   0.0467817 ]
color diff: 4.05 

[0.1140388  0.09660688 0.03889218 0.6435097  1.0818857  0.03114702]
color diff: 10.26 

[-5.2371051e-04  5.5371970e-01  2.0603581e-01  5.4355508e-01
  7.2368808e-02 -5.7148516e-02]
color diff: 30.59 

[-0.05004438  0.34505305  0.01008267  0.83342785 -0.026104    0.39198688]
color diff: 4.21 

[ 0.08275109 -0.00686335  0.61558133  0.47426966  0.18099529  0.16809358]
color diff: 9.95 

[-0.0150893   0.5056623   0.6358126   0.527577    0.12149647  0.03634499]
color diff: 27.82 

[ 0.05912736  0.01578859 -0.02437726  0.44543594  0.7087867   0.08851344]
color diff: 8.05 

[ 0.18604875  0.02664019 -0.01294251  0.7919438   0.4326882   0.0547363 ]
color diff: 5.13 

[ 0.03704812 -0.03209763 -0.03352253  0.84498066  0.41233677  0.11119423]
color diff: 6.03 

[0.01801704 0.1013027  0.71455544 0.6895651  0.24474326 0.04710951]
color diff: 18.20 

[-0.02769604 -0.02936918 -0.03790183  0.5438925   0.5790612   0.0222757 ]
color diff: 10.59 

[-0.02662374  0.2556419   0.11611041  0.72215647  0.09975883 -0.04094828]
color diff: 25.07 

[0.09966861 0.01955837 0.12502569 0.649429   1.0455111  0.46878308]
color diff: 12.01 

[-0.03151269 -0.00079377  0.01615717  0.6105115   0.5335328   0.14314896]
color diff: 4.95 

[-0.014265    0.49930882  0.6365277   0.63232666  0.5551755  -0.05387165]
color diff: 30.81 

[-0.08045132  0.39717442  0.42830727  0.6723301   0.8964418  -0.02596262]
color diff: 30.52 

[-0.00601721 -0.08534224  0.7132503   0.7204501   0.48742276  0.03173844]
color diff: 17.62 

[-0.06749292  0.58502203  0.17736083  0.61711645 -0.01524388 -0.08433521]
color diff: nan 

[-0.01042227 -0.0825046   0.39559522  0.30704585 -0.00857694  0.5584911 ]
color diff: 6.98 

[0.04532439 0.38913643 0.45278686 0.6908373  0.0654214  0.0114637 ]
color diff: 18.66 

[ 0.06092276  0.0890242  -0.1105669   0.4134473   0.5445898   0.28230867]
color diff: 11.74 

[ 0.01569083 -0.04206511  0.45207253  0.6798507   0.11642472  0.02590042]
color diff: 14.87 

[ 0.05188044  0.20666687 -0.02407484  0.8186964   0.6503496   0.04474244]
color diff: 7.37 

[ 0.08883695 -0.00274419  0.14333585  0.77801347  0.55625284  0.08718469]
color diff: 5.83 

[ 0.06252805  0.1819265  -0.07553416  0.69583184  0.84861654 -0.00942319]
color diff: 8.92 

[0.07850863 0.05408207 0.04629977 0.5686091  0.9097341  0.21085621]
color diff: 8.49 

[-0.00553518 -0.17211325  0.39607903  0.60455     0.6349201  -0.09288079]
color diff: 20.50 

[-0.03601445 -0.08286855  0.74682945  0.697297    0.44968855  0.12440375]
color diff: 15.76 

[ 0.02695474 -0.04573055  0.01382301  0.4969619   0.76406544  0.0442875 ]
color diff: 7.51 

[ 0.01208872 -0.17242236  0.7227929   0.72469896  0.05983001  0.1284162 ]
color diff: 12.69 

[ 0.11665304 -0.01951184 -0.01423405  0.7469995   0.66521037  0.05833367]
color diff: 4.01 

[-0.13287969 -0.03925776 -0.04485214  0.62586534  0.28838718  0.2701973 ]
color diff: 19.20 

[0.12142434 0.04866308 0.0088302  0.5653043  0.5507921  0.17064336]
color diff: 6.12 

[ 0.1032321  -0.0490565  -0.08251171  0.64780337  0.8147756   0.03205619]
color diff: 3.95 

[0.02057032 0.0594044  0.12235754 0.7151133  0.60255593 0.30501992]
color diff: 4.54 

[-0.08705834  0.16749354  0.63685346  0.7229762   0.03889202  0.01046695]
color diff: nan 

[ 0.0999478   0.28243536 -0.22663455  0.58358115  0.2226983  -0.01456416]
color diff: 5.16 

[ 0.11833384  0.14881831 -0.1430967   0.7887221   0.23311621  0.18764462]
color diff: 4.20 

[-0.00236845 -0.12771145  0.71330607  0.7029127   0.1615585   0.15726502]
color diff: 12.26 

[ 0.01969801 -0.03154746  0.41735235  0.61489064  0.7339421  -0.00264382]
color diff: 15.17 

[-0.03582935  0.293477    0.6331801   0.75151765  0.02228171  0.18914409]
color diff: 16.07 

[0.0297751  0.11198353 0.01224042 0.5339344  0.5850623  0.09947598]
color diff: 6.80 

[ 0.04292013 -0.0129799  -0.04080435  0.72629344  0.275213    0.28994057]
color diff: 5.28 

[-0.12240722  0.38752228  0.7363436   0.4863122   0.01609672 -0.02476539]
color diff: nan 

[ 0.00700396 -0.03423854  0.4584515   0.64533675  0.33108085 -0.02723387]
color diff: 18.17 

[-0.11683717  0.6485062  -0.04047775  0.5099368   0.7431126   0.24308302]
color diff: 16.45 

[-0.04167144  0.00268726  0.43876165  0.76906294  0.07947435 -0.02028993]
color diff: 26.75 

[-0.00986431 -0.08498599  0.6474258   0.8564152   0.4362304   0.04898324]
color diff: 15.88 

[0.06836625 0.03358021 0.42556217 0.6326732  0.05436229 0.07725574]
color diff: 9.94 

[-0.01321593  0.6168482  -0.03467574  0.6709781   0.01900859  0.2654209 ]
color diff: 5.98 

[ 0.00385235 -0.02356809 -0.04989665  0.79812336  0.8564304  -0.01657837]
color diff: 8.37 

[ 0.05337516 -0.05425959 -0.07992136  0.64522654  0.58065534  0.04548969]
color diff: 2.74 

[-0.01655672  0.6561457   0.432119    0.5654417   0.12983975  0.0409231 ]
color diff: 26.49 

[ 0.06987429 -0.04007243 -0.17913426  0.7180926   0.36995813  0.23009521]
color diff: 6.49 

[0.10278009 0.06871414 0.0577537  0.36313382 0.67909575 0.09476528]
color diff: 11.35 

[ 0.03182003  0.2196289   0.13979895  0.70192003  0.24661791 -0.08702867]
color diff: 18.60 

[ 0.01658391 -0.02012588  0.4070777   0.7364347  -0.00244504  0.61696035]
color diff: 8.18 

[-0.08830223  0.5526641   0.5802308   0.4445247  -0.00380201  0.03164801]
color diff: nan 

[ 0.08896475 -0.00966355  0.07562553  0.46404085  0.51262736  0.16252422]
color diff: 5.81 

[ 1.9743622e-04 -8.2991786e-02  4.5677003e-01  7.3533708e-01
  9.6100283e-01 -1.6323730e-02]
color diff: 15.91 

[-0.02056747 -0.00312815  0.18584682  0.61894006  0.84652245  0.13113494]
color diff: 8.30 

[ 0.08727062  0.49906015  0.05273984  0.6305747   0.67694974 -0.01276142]
color diff: 15.13 

[ 0.06221176 -0.06809536  0.40997893  0.6479741   0.40188324 -0.04678581]
color diff: 13.90 

[ 0.01889163  0.47697777  0.72719926  0.69033766  0.06220018 -0.03998976]
color diff: 28.55 

[ 0.00726904  0.6317928  -0.04864946  0.60548365  0.10570694  0.19033204]
color diff: 8.90 

[-0.07990859  0.04806544 -0.13641067  0.682283    0.7268268   0.04010427]
color diff: 12.31 

[ 0.02559449  0.15438172  0.5506311   0.7225077   0.29326367 -0.07867655]
color diff: 23.03 

[0.00470679 0.03878462 0.06122226 0.48030508 0.19757964 0.09565631]
color diff: 7.39 

[ 0.16500708  0.0179969  -0.10298926  0.6580396   0.33145234  0.01417721]
color diff: 1.62 

[-0.03082045  0.12082478 -0.10347535  0.6339023   0.54078305  0.1321836 ]
color diff: 4.56 

[ 0.04607918  0.3678012   0.32139337  0.6736093  -0.0134606   0.70928526]
color diff: 10.75 

[ 0.04829828 -0.01899799  0.79497     0.65122545  0.16778909 -0.037276  ]
color diff: 20.32 

[ 0.0177379  -0.08272237  0.38510615  0.622657    0.20971636  0.04398156]
color diff: 12.22 

[-6.9288285e-03  3.6872022e-02  7.4824435e-01  4.1968819e-01
  6.3816609e-05  2.8410755e-02]
color diff: 24.67 

[-0.00219258  0.02860247  0.03826481  0.57853013  0.65167665  0.07559554]
color diff: 7.21 

[ 0.03366486  0.40002003  0.0142414   0.6503915   0.37819532 -0.05252064]
color diff: 16.58 

[0.02726939 0.01317434 0.22939213 0.6901576  0.13823591 0.01832936]
color diff: 12.09 

[-0.04059073 -0.02063273 -0.00656852  0.75705     0.5102824   0.0395094 ]
color diff: 12.20 

[-0.04932243  0.45466077  0.38887787  0.04263637 -0.03205809  0.28453308]
color diff: 23.38 

[ 0.02686702 -0.119529    0.6262921   0.8646612   0.4205971  -0.10764991]
color diff: 20.58 

[-0.1274663   0.61375517  0.29583424  0.6497874   0.6582031  -0.08712346]
color diff: nan 

[ 0.01461443  0.04716277 -0.02856911  0.71399117  0.7281308   0.04582111]
color diff: 6.24 

[ 0.00998438 -0.05185577  0.74087507  0.76316476  0.3482865  -0.04641967]
color diff: 21.42 

[ 0.08664095  0.20516628 -0.01533312  0.62030953  0.21420607 -0.00647525]
color diff: 7.38 

[ 0.09082077 -0.03756269  0.5016364   0.93818486  0.66530764  0.03948116]
color diff: 11.81 

[ 0.08012656 -0.00136809 -0.0437389   0.43846363  0.619403    0.05215048]
color diff: 7.41 

[ 0.00233449  0.3289365  -0.08578158  0.5276336  -0.01008527  0.57845855]
color diff: 11.94 

[ 0.05540508 -0.06110843  0.39536172  0.6791734   0.54511285 -0.04838474]
color diff: 14.04 

[ 0.04851173 -0.10944267  0.3174449   0.55574703  0.59244126 -0.00939211]
color diff: 11.51 

[ 0.09874276 -0.03173082 -0.03379256  0.5782327   0.7167366   0.05102298]
color diff: 4.71 

[ 6.9136754e-02  1.6416895e-01 -1.1734838e-01  5.3649294e-01
  5.6425738e-01  4.6388741e-04]
color diff: 7.92 

[ 0.02118964  0.10443422 -0.06450365  0.63389796  0.672422    0.04665394]
color diff: 6.46 

[0.06962196 0.00149619 0.05931513 0.8340775  0.51262325 0.12206256]
color diff: 4.63 

[-0.01258034  0.50650656  0.7725855   0.5782593  -0.01457949  0.00446429]
color diff: 31.88 

[-0.01408347 -0.11807536  0.1013792   0.7241971   0.16774637  0.49858278]
color diff: 8.91 

[ 0.01952982 -0.12972154 -0.07925604  0.9769817   0.35056302  0.11860839]
color diff: 12.48 

[ 0.13041948 -0.15359066 -0.02989649  0.5674018   0.59768325  0.14390053]
color diff: 4.43 

[ 0.02278539 -0.04699454 -0.03501175  0.70949405  0.65093285  0.02862098]
color diff: 5.72 

[-0.04274243 -0.02212912  0.68543     0.9359502   0.21480982  0.03932661]
color diff: 20.34 

[ 0.04873499 -0.01214363  0.03356325  0.5110238   0.4882427   0.19586772]
color diff: 3.60 

[-0.01877764 -0.09784806  0.41909742  0.6022126   0.63728774 -0.05261467]
color diff: 20.26 

[ 0.05875288  0.00628116 -0.12284968  0.5830438   0.6917571   0.02159718]
color diff: 4.47 

[ 0.07589838 -0.09459101  0.61373055  0.7587989   0.5304262   0.01516161]
color diff: 13.19 

[0.01270802 0.6168225  0.04558064 0.6888748  0.01057401 0.39089432]
color diff: 6.42 

[-0.10710786 -0.01534103  0.8264992   0.68273175  0.34473646  0.03680529]
color diff: 32.86 

[ 0.08865841  0.16886945  0.24810657  0.6998769   0.7479632  -0.03514556]
color diff: 13.51 

[0.13536169 0.49924836 0.962516   0.21766499 0.07854571 0.36328015]
color diff: 17.46 

[ 0.10202809  0.04460748 -0.00872885  0.6366613   0.57528967  0.31803676]
color diff: 7.58 

[-0.04950897  0.35098377  0.39038265  0.7369066   0.13850036 -0.07993031]
color diff: nan 

[-0.01342129  0.43913805  0.22020715  0.77432525  0.04099386 -0.03652026]
color diff: 25.40 

[-0.00490251  0.10800532  0.7876939   0.50838566  0.19049072  0.0303926 ]
color diff: 23.67 

[-0.08498909 -0.04195965  0.455179    0.73070484  0.04000186  0.02312838]
color diff: nan 

[-0.04760167 -0.16429512  0.75300545  0.52036476  0.59205884 -0.02878271]
color diff: 26.75 

[ 0.08877975 -0.06827155  0.6773755   0.719564    0.06011731  0.381281  ]
color diff: 8.30 

[ 0.01642516 -0.0704022   0.43184033  0.65352213  0.48456126 -0.024998  ]
color diff: 15.90 

[0.00502425 0.10810823 0.70099    0.43727314 0.35424936 0.03881313]
color diff: 21.83 

[0.03778973 0.21529327 0.10532324 0.35137194 0.19734415 0.28351143]
color diff: 8.73 

[ 0.01017714  0.57953316  0.81577307  0.48378047  0.13166536 -0.03124245]
color diff: 33.76 

[-0.00210897  0.4920724   0.6420062   0.66886985  0.1455956  -0.02968431]
color diff: 29.28 

[-0.04508967  0.66658753  0.11942326  0.81814367  0.2742022   0.05290855]
color diff: 20.77 

[ 0.06077614 -0.07395347 -0.02864087  0.6690648   0.63336694  0.02426012]
color diff: 3.71 

[0.08614749 0.09540369 0.12734859 0.47801948 0.76142037 0.04419845]
color diff: 11.04 

[-0.06161527  0.6746032   0.04229506  0.741711   -0.01173998  0.42492655]
color diff: 5.11 

[ 0.05731552  0.29931298 -0.14492337  0.69099945  0.48528758  0.01377923]
color diff: 7.15 

[0.09823219 0.12210168 0.02372757 0.47175622 0.00720982 0.5698048 ]
color diff: 12.50 

[ 0.01939562  0.04673178 -0.01706403  0.6074068   0.67294997  0.00972783]
color diff: 8.33 

[-0.05522743  0.5364292   0.5838275   0.52550924  0.8304139  -0.0506351 ]
color diff: 36.39 

[ 0.02531009 -0.13034382  0.40617663  0.7205909   0.529201   -0.05288313]
color diff: 15.25 

[-0.04134772  0.63022786  0.277522    0.47806036  0.02004946  0.01116083]
color diff: 35.05 

[ 0.06610245 -0.03246643  0.03652621  0.57831514  0.37406176  0.19282188]
color diff: 1.57 

[-0.00388867  0.32565707  0.06355456  0.63359517  0.70286095  0.00352741]
color diff: 15.89 

[0.04875852 0.03963238 0.07897702 0.42402586 0.6736191  0.16702028]
color diff: 8.48 

[ 0.12671204  0.05419015 -0.08558407  0.77800834  0.7885337   0.07026111]
color diff: 5.24 

[ 0.0016617   0.02188742  0.38946855  0.44173998  0.30824363 -0.05810013]
color diff: 24.00 

[0.12008283 0.00324653 0.00657953 0.5745508  0.7482429  0.15789695]
color diff: 6.96 

[ 0.11308312  0.151108   -0.18402721  0.79728574  0.8117444  -0.04377154]
color diff: 5.89 

[-0.04911952  0.03972635  0.5847087   0.5492799   0.3697296  -0.00998859]
color diff: 27.40 

[0.05405267 0.38288128 0.10883089 0.64438254 0.04650227 0.30219823]
color diff: 5.18 

[-0.05509844  0.30524248 -0.03686813  0.8916535   0.63427323  0.5814859 ]
color diff: 8.06 

[ 0.04631243 -0.0090922   0.6519319   0.58089304  0.1432656   0.05328021]
color diff: 14.80 

[ 0.0396042  -0.02887754 -0.19336738  0.93693614  0.26447514  0.09643519]
color diff: 11.69 

[-0.03803148  0.24267939  0.02552176  0.676926    0.63868773  0.03805381]
color diff: 13.64 

[ 0.04079957 -0.07452249  0.7774955   0.63955903  0.17899352  0.03855341]
color diff: 16.28 

[0.199818   0.02887006 0.03653254 0.740367   0.69135827 0.05475774]
color diff: 7.46 

[ 0.08232904  0.40245965 -0.09739615  0.8689769   0.68181336  0.01075726]
color diff: 9.42 

[0.04205815 0.23773938 0.00593446 0.51326096 0.16310063 0.12242369]
color diff: 5.51 

[ 0.07546812  0.06601954 -0.00284056  0.46989623  0.6364405   0.04000814]
color diff: 8.40 

[-0.02766779 -0.05077054 -0.02275592  0.5862573   0.5153997   0.09821008]
color diff: 7.07 

[ 0.00843987  0.02818326 -0.05441185  0.35194555  0.4154576   0.30090895]
color diff: 11.64 

[ 0.0169762   0.04046716 -0.00666043  0.7044748   0.48520753  0.10995004]
color diff: 3.97 

[-0.02547273 -0.12790309  0.0243603   0.74701375  0.43175918  0.1946778 ]
color diff: 7.87 

[-0.17144907  0.17314659 -0.03115877  0.64613134  0.38565445  0.42889503]
color diff: 6.14 

[ 0.03026675  0.5046094   0.29669198  0.80470353  0.04905135 -0.06939546]
color diff: 23.67 

[ 0.00874039  0.43928355  0.02318972  0.6559673   0.121404   -0.00163756]
color diff: 16.55 

[-0.08070864  0.62011814  0.20542645  0.48848692  0.7374977  -0.09910879]
color diff: nan 

[ 0.05179732 -0.02564651 -0.0398443   0.6179116   0.7128317   0.0294136 ]
color diff: 4.69 

[ 0.05079066  0.4018959  -0.11344122  0.72303814  0.8817719  -0.00490776]
color diff: 11.96 

[-0.01427817  0.00857295  0.85268235  0.5258912   0.81765324 -0.04565784]
color diff: 27.11 

[0.01562667 0.24518247 0.6989632  0.7008153  0.05792121 0.04559334]
color diff: 20.22 

[ 0.02208443 -0.04236822  0.2604067   0.49226436  0.39075723 -0.06583522]
color diff: 17.67 

[-0.02560156 -0.04453346  0.71017885  0.6975928   0.50815994 -0.02572332]
color diff: 23.05 

[-0.10185604  0.41756755  0.44006044  0.6363631  -0.0066062   0.02777475]
color diff: nan 

[ 0.05645885 -0.03719046 -0.09421244  0.5452895   0.71524614 -0.0105943 ]
color diff: 5.98 

[-0.01085222  0.48272738  0.01601474  0.6497306   0.23476388 -0.00652335]
color diff: 19.19 

[0.19045217 0.04069639 0.01252721 0.4994543  0.51269925 0.10103238]
color diff: 7.93 

[-0.04078428  0.2278935   0.1054019   0.7205111  -0.09935547  0.72906697]
color diff: 9.80 

[ 0.00104655 -0.08439208  0.49468428  0.6962237   0.8912698   0.0058642 ]
color diff: 15.64 




######## Test Sample 1 ########
[-0.0276092   0.733745    0.03925409  0.01606462  0.3034779   0.00543647]
color diff: nan 

[ 0.05944452  0.61834586  0.2225285  -0.04953183  0.537074   -0.05754166]
color diff: 6.93 

[ 0.23195828  0.30509079  0.04792805 -0.04232688 -0.09234523  0.00733625]
color diff: 34.90 

[ 0.06913158  0.7142261   0.01884824 -0.02155828  0.5001694  -0.07321136]
color diff: 18.79 

[ 0.23850985  0.80331206  0.02103048 -0.04276114  0.445016   -0.05095444]
color diff: 28.39 

[-0.08639619  0.467996    0.02070953  0.11160678  0.6757915  -0.06292815]
color diff: nan 

[ 0.18365687  0.6933607   0.09117661 -0.04507584 -0.1600261  -0.0250761 ]
color diff: 24.96 

[ 0.50033474  0.45827648  0.04436543  0.00089247  0.15687339 -0.04055784]
color diff: 41.42 

[ 0.25400046  0.64349097  0.05544577  0.01724269 -0.17146285  0.145751  ]
color diff: 39.02 

[ 0.06319419  0.43606955  0.19076407 -0.01947932 -0.01198749  0.06825067]
color diff: 23.73 

[ 0.08064403  0.6687255   0.06812721 -0.06548479  0.18275759 -0.05011782]
color diff: nan 

[ 0.10214008  0.4989326   0.0877129  -0.0299683  -0.07344404  0.09893027]
color diff: 30.66 

[ 0.10943481  0.7136157   0.01342917  0.05001359  0.694628   -0.07826117]
color diff: 18.63 

[ 0.26756525  0.29736266  0.03505036  0.00455999  0.72100854 -0.11509869]
color diff: 30.10 

[ 0.15178676  0.28589725 -0.19722596  0.10653963  0.31350437 -0.06572168]
color diff: 35.20 

[ 0.28725228  0.9718808  -0.02777932 -0.03926102  0.29006127 -0.02452744]
color diff: 32.22 

[ 0.21602105  0.7089171   0.08649477 -0.00071359  0.5011571  -0.11284965]
color diff: 23.07 

[ 0.20488605  0.6558535   0.03543319 -0.02032332  0.40957448 -0.06310108]
color diff: 26.15 

[ 0.40159175  0.656242   -0.0114553  -0.0073988   0.29603666 -0.10040367]
color diff: 35.36 

[ 0.2758059   0.57554823 -0.00091226 -0.00118653  0.04209603  0.06348611]
color diff: 37.53 

[ 0.05817955  0.795553    0.08693396 -0.05109853  0.03595969  0.00515105]
color diff: 17.30 

[ 0.19192988  0.6184052   0.09988195  0.01229768  0.16654064 -0.04265627]
color diff: 26.53 

[ 0.02822927  0.69662297  0.05442287  0.01208561  0.20370147 -0.01202465]
color diff: 11.41 

[ 0.21092582  0.69315654  0.05261165 -0.02594118  0.11421686  0.00834962]
color diff: 30.02 

[ 0.14830521  0.76293075  0.02266641 -0.01457692  0.23531975 -0.0333458 ]
color diff: 23.67 

[ 0.22522995  0.7517974   0.14005606 -0.07052368  0.05760517 -0.0429867 ]
color diff: 25.20 

[ 0.07129796  0.65571654  0.05627045 -0.02467599  0.00648549  0.0040581 ]
color diff: 19.33 

[ 0.0107925   0.93891037 -0.16285907  0.06435414  0.5335109  -0.03883868]
color diff: nan 

[ 0.1706394   0.3985374   0.00419835 -0.0218506  -0.09614947  0.21735464]
color diff: 42.70 

[ 0.0432773   0.8350377   0.04761332 -0.02648965 -0.06241536  0.15957613]
color diff: 32.32 

[ 0.03955154  0.27292866  0.19588026 -0.06611446  0.31411114 -0.07723738]
color diff: nan 

[ 0.04317635  0.74941254  0.11406975 -0.00947083  0.03564466  0.01902086]
color diff: 13.55 

[ 0.18237242  0.8808027  -0.04051743 -0.05782699  0.10946528 -0.01338694]
color diff: 30.72 

[ 0.27478898  0.8624911  -0.0172759  -0.0204626  -0.07364496  0.19372144]
color diff: 40.70 

[ 0.08214268  0.7770451   0.09766724 -0.0430735   0.58147943 -0.04094091]
color diff: 17.14 

[ 0.14941955  0.61771405  0.06102416  0.010982    0.00096066 -0.00257527]
color diff: 26.54 

[ 0.17269509  0.6289166   0.06669621 -0.02724385  0.2129686  -0.15805462]
color diff: 13.42 

[ 0.0095428   0.8600428   0.01540488 -0.04311662  0.21878953  0.04883325]
color diff: nan 

[ 0.18627372  0.7024465   0.02711822  0.02094885  0.08572501 -0.01637399]
color diff: 28.18 

[ 0.14024234  0.61651266  0.00339491 -0.00334631  0.699485   -0.07978037]
color diff: 22.20 

[ 0.32034257  0.7740775  -0.04051622 -0.05272789  0.08419158 -0.08492406]
color diff: 31.76 

[ 0.08828557  0.41236627  0.09865586 -0.02587883  0.06472898 -0.01853   ]
color diff: 19.91 

[ 0.18678614  0.6783325   0.01627116 -0.02067519  0.2169954  -0.03555506]
color diff: 26.93 

[ 0.25228238  0.7466367  -0.05396714  0.00833672  0.592815   -0.10619403]
color diff: 28.33 

[ 0.1638642   0.43515265  0.09543866 -0.00119573  0.10985636 -0.00304499]
color diff: 28.59 

[ 0.01333053  0.38328868  0.16367982  0.00064919  0.00925666 -0.00555685]
color diff: 10.38 

[-0.04017905  0.64691246  0.19960487 -0.03025834  0.27053457 -0.03298756]
color diff: nan 

[ 0.16299337  0.58716184  0.04365868 -0.00282698  0.04182559 -0.0274306 ]
color diff: 26.11 

[-0.11221407  0.47525573  0.02295609 -0.02751844  0.18502401 -0.01204961]
color diff: nan 

[ 0.05436511  0.39700332  0.05063745 -0.02321292  0.00523072  0.13160478]
color diff: 34.09 

[ 0.25035453  0.2939275   0.05927487 -0.04158578  0.5093411  -0.12208095]
color diff: 27.33 

[ 0.23650755  0.91168535  0.05813656 -0.02938437 -0.10647069  0.3425704 ]
color diff: 42.85 

[ 0.16536787  0.43202847  0.05595874 -0.0664959   0.0665401   0.0147768 ]
color diff: 30.00 

[0.13797808 0.7509713  0.02431787 0.01613118 0.27894944 0.0399195 ]
color diff: 28.34 

[ 0.10484128  0.6790539   0.07266255 -0.07397284  0.19295225 -0.00857367]
color diff: 23.03 

[ 0.08403613  0.70587325 -0.02155956 -0.02694341  0.15266362  0.12804475]
color diff: 38.19 

[ 0.3728277   0.5153301   0.0390204  -0.01898472  0.6481753  -0.16048132]
color diff: 31.72 

[ 0.00486259  0.3249616   0.09415797 -0.01736231  0.40626088 -0.08143918]
color diff: nan 

[ 0.2301276   0.6117571   0.00843505 -0.00432875 -0.01722586  0.17004049]
color diff: 39.80 

[ 0.15887488  0.65508413 -0.04824595  0.14561634  0.25657254 -0.0125846 ]
color diff: 30.88 

[ 0.10773596  0.6623715   0.06682242  0.00922081  0.49366173 -0.08403052]
color diff: 15.15 

[ 0.06126556  0.7419075  -0.01163362 -0.02278158  0.17846805  0.13322984]
color diff: 38.10 

[ 0.02777887  0.62790895  0.05878542  0.00800039  0.60996175 -0.1132125 ]
color diff: nan 

[ 0.11521249  0.87102354  0.08861283 -0.03630393  0.25161326  0.02960626]
color diff: 23.49 

[ 0.24840727  0.660369    0.08576763 -0.02383918  0.39011616 -0.09801626]
color diff: 26.08 

[ 0.08589988  0.38049722  0.01994815 -0.03694801  0.65442663 -0.11392985]
color diff: nan 

[ 0.28141168  0.53816676  0.03033315  0.02819215  0.5956453  -0.1275745 ]
color diff: 29.26 

[ 0.03744247  0.6666613   0.08443934 -0.02427436 -0.1499655  -0.00920909]
color diff: 8.66 

[ 0.04235585  0.39232624  0.10704668 -0.01917354 -0.09689378  0.17255594]
color diff: 33.67 

[ 0.18992087  0.47313282  0.04571278 -0.02137978 -0.03674913  0.04843596]
color diff: 33.45 

[ 0.25853124  0.67706543  0.07627825 -0.02937045 -0.06940421  0.00091756]
color diff: 31.95 

[ 0.14320156  0.36641124  0.06733233 -0.02618672 -0.00216889  0.26933366]
color diff: 42.37 

[ 0.20584902  0.7954466  -0.00306102 -0.00594942  0.21628663 -0.04961091]
color diff: 26.97 

[ 0.02368124  0.73638964  0.07136341 -0.04431425  0.03326957  0.01582092]
color diff: 20.82 

[ 0.08794115  0.6603895   0.16178684 -0.00884855  0.1365527  -0.07167354]
color diff: 9.51 

[ 0.18131067  0.72140115  0.02156453 -0.01385807  0.41857785 -0.026332  ]
color diff: 27.06 

[ 0.19843897  0.2883353   0.04602478 -0.02878104  0.38223806 -0.12749036]
color diff: 23.54 

[ 0.2017501   0.74195284  0.07120273  0.00875434  0.58312106 -0.06811525]
color diff: 25.16 

[ 0.25112337  0.74434465  0.06383517 -0.03185997  0.46327814  0.02299295]
color diff: 32.28 

[ 0.16664816  0.81797105 -0.06799116 -0.04221609 -0.25842273  0.1334707 ]
color diff: 40.48 

[ 0.3064437   0.2375979   0.04208105 -0.01852375 -0.04718169 -0.03665106]
color diff: 37.12 

[ 2.7056934e-02  7.3486412e-01  1.1904640e-02 -3.4641880e-03
  2.8285071e-01 -2.4515268e-04]
color diff: 21.04 

[ 0.05647708  0.27162337  0.04935184 -0.00963427  0.9756874  -0.10544633]
color diff: nan 

[ 0.0339156   0.80800027 -0.00290086 -0.01211595  0.26940772 -0.03266095]
color diff: 24.55 

[ 0.23353446  0.8466467  -0.0466851  -0.03610042  0.23989268 -0.06956612]
color diff: 28.49 

[ 0.13979453  0.67793036  0.03488272 -0.00638378 -0.04355756  0.15109497]
color diff: 35.15 

[ 0.32007158  0.7155404  -0.02422891  0.015732    0.653762   -0.09197345]
color diff: 32.28 

[ 0.35278872  0.2651951   0.02981958 -0.00601944  0.4718487  -0.13877638]
color diff: 33.78 

[ 0.04528601  0.3005446   0.09243838 -0.06470326  0.43283442 -0.05861581]
color diff: nan 

[ 0.21653071  0.6371341   0.07027561 -0.00336724  0.11280784 -0.04353463]
color diff: 27.96 

[ 0.01037326  0.33137393  0.16280584 -0.00705145  0.02781452  0.02365039]
color diff: 14.59 

[ 0.1062364   0.39801142  0.0782785  -0.03818602  0.00296848 -0.03224954]
color diff: 21.06 

[ 0.07018848  0.5743757   0.15709357  0.001443    0.23526327 -0.04040346]
color diff: 12.64 

[ 0.35664034  0.7547286   0.01862152 -0.01562829 -0.03830163  0.16313742]
color diff: 41.67 

[ 0.17789088  0.72361916 -0.00280394  0.00863716  0.1167281   0.00171416]
color diff: 29.07 

[ 0.15117893  0.7513693  -0.02823127 -0.11903927 -0.04698987  0.09797344]
color diff: nan 

[ 0.03948554  0.69853836  0.1198922  -0.00129766  0.43149212 -0.05114743]
color diff: 6.40 

[ 0.03975065  0.28020173  0.17469071  0.01595812  0.45209423 -0.07996048]
color diff: 6.82 

[ 0.15992509  0.64231616  0.04350657 -0.0040944   0.40351564  0.00974613]
color diff: 28.03 

[ 0.1500786   0.78047794 -0.02615289  0.00733333  0.6246204  -0.00627317]
color diff: 28.29 

[-0.01381969  0.8009794   0.05975251 -0.00172305  0.1115114   0.03003845]
color diff: 14.44 

[ 1.5685692e-01  7.5023013e-01  6.9741741e-02 -6.2303600e-04
 -7.7966586e-02  2.9360729e-01]
color diff: 40.23 

[0.02763179 0.7189174  0.05926273 0.01193885 0.07566264 0.01119333]
color diff: 13.23 

[ 0.28011414  0.65784544  0.09043646 -0.0503242  -0.10683537  0.03625539]
color diff: 34.24 

[ 0.11557731  0.74600035 -0.00864018 -0.00455906  0.13385397  0.0659349 ]
color diff: 30.50 

[ 0.23622566  0.5519557   0.04058018 -0.02374409  0.5564451  -0.12163915]
color diff: 25.16 

[ 0.20787217  0.5942788   0.01118653 -0.01480311  0.53565884 -0.11854908]
color diff: 23.67 

[ 0.12229654  0.7470894   0.03268199 -0.01769956  0.07383601  0.00519339]
color diff: 24.30 

[ 0.24965335  0.8683942   0.01993652 -0.03750299  0.38385645 -0.05164609]
color diff: 28.57 

[ 0.16915794  0.81918496  0.07009144 -0.04556721  0.59599847 -0.00234339]
color diff: 26.54 

[ 0.23129377  0.8409176  -0.05605593 -0.00876586 -0.03047235 -0.04266351]
color diff: 29.76 

[ 0.3755665   0.7775219  -0.06794274 -0.0325045   0.14220966  0.04584103]
color diff: 39.51 

[ 0.15010332  0.52498895 -0.03124745 -0.00752644  0.6439708  -0.11379825]
color diff: 21.90 

[ 0.05436566  0.63297653  0.07297954 -0.00720978  0.03527056  0.11169541]
color diff: 27.74 

[ 0.14968786  0.55167466  0.1438284   0.01517133 -0.0463515   0.48748827]
color diff: 45.88 

[ 0.08108912  0.96760494  0.02066018 -0.00941098  0.47245395  0.0237542 ]
color diff: 24.54 

[ 0.21322681  0.19044161  0.0361422  -0.02012494  0.49077678 -0.17540774]
color diff: 22.33 

[ 0.12319739  0.43369487  0.04839101 -0.00920957  0.40492508 -0.05200595]
color diff: 22.11 

[ 0.01316235  0.7594733   0.07300185 -0.00331528 -0.00095861  0.35088122]
color diff: 40.91 

[ 0.15897264  0.5834491   0.06310746 -0.03677351  0.76654524 -0.17817213]
color diff: 13.39 

[ 0.21701679  0.64606905 -0.00672994 -0.0137687  -0.14198056  0.1749901 ]
color diff: 39.98 

[ 0.12828071  0.73915935  0.05287568  0.00573346  0.5257332  -0.04637338]
color diff: 21.00 

[ 0.2641772   0.75080603 -0.03354021 -0.03458117  0.5068984  -0.06981429]
color diff: 30.33 

[ 0.35344338  0.57638747  0.03595909 -0.00204149  0.4574405  -0.12696666]
color diff: 32.27 

[ 2.3838192e-01  6.8556929e-01 -2.0285081e-03 -7.3670531e-06
  1.2514079e-01  2.0810312e-02]
color diff: 33.38 

[ 0.00936229  0.63678277  0.6648345  -0.03349371  0.7389334  -0.04686382]
color diff: 13.60 

[ 0.14823142  0.34884933  0.0319563  -0.00796891 -0.04391083 -0.01944432]
color diff: 29.08 

[ 0.05775169  0.6287847   0.07541757 -0.03368393  0.5751033  -0.10821145]
color diff: nan 

[ 0.1827385   0.6754472  -0.0531791  -0.04374658 -0.22179984  0.0718976 ]
color diff: 36.91 

[ 0.11072721  0.7858696   0.05459127 -0.02198052  0.44164532  0.01018975]
color diff: 23.96 

[ 0.08845311  0.58673346  0.34962726 -0.04943934  0.49067608 -0.04176269]
color diff: 12.16 

[ 0.07454515  0.79981726  0.0077613   0.0023619   0.5258382  -0.05246373]
color diff: 18.21 

[ 0.11203624  0.3663308   0.10470873 -0.02278966  0.04560873 -0.01640522]
color diff: 23.52 

[ 0.23820104  0.32718152  0.06821786 -0.00315411  0.22337832 -0.05922284]
color diff: 31.24 

[ 0.25461876  0.6404716   0.0351286  -0.02736457  0.44665617 -0.05336875]
color diff: 29.78 

[ 0.46842155  0.74254274  0.02279928 -0.00623823  0.32346022 -0.02500707]
color diff: 39.38 

[ 0.1489294   0.407649    0.11664968 -0.03547339  0.1370166   0.00258624]
color diff: 26.87 

[ 0.29319814  0.70491713  0.04839408 -0.01510413  0.24662064 -0.06279855]
color diff: 30.97 

[ 0.17336059  0.8965161   0.15722097 -0.05105858  0.13984095  0.01092578]
color diff: 24.16 

[ 0.20805828  0.61365616  0.11483804 -0.00943288  0.4309723  -0.04739365]
color diff: 26.63 

[ 0.26812485  0.39009777  0.11793663  0.00321375  0.39974362 -0.07970467]
color diff: 30.77 

[ 2.1983257e-02  7.8335071e-01  2.9490167e-02 -1.8253978e-04
  9.7258285e-02  3.9353479e-02]
color diff: 20.31 

[ 0.11600263  0.639789    0.08460759 -0.01077974  0.22148255 -0.06622018]
color diff: 16.34 

[ 0.19351214  0.72466886 -0.00609451 -0.00830644  0.0684794   0.05286447]
color diff: 32.87 

[ 0.06484428  0.84757113  0.05374031 -0.02131859  0.49883822  0.00865305]
color diff: 21.53 

[ 0.11692464  0.70435566  0.02989808 -0.05613498  0.30937997 -0.11949217]
color diff: nan 

[ 0.0775885   0.59022564  0.18171158 -0.00063559 -0.09644391  0.16614819]
color diff: 30.50 

[0.05374018 0.6617145  0.10335466 0.00574848 0.05433676 0.00792576]
color diff: 15.65 

[ 0.06048127  0.4327115   0.10401148 -0.00464969 -0.05233914  0.02363912]
color diff: 21.72 

[0.1653271  0.8221305  0.0070902  0.00567914 0.28067073 0.02329616]
color diff: 28.86 

[ 0.08259407  0.6903638   0.02407986 -0.03088624  0.5604704  -0.07083973]
color diff: 19.78 

[ 0.12680903  0.6580356   0.10543898  0.03996985  0.01520403 -0.01845029]
color diff: 23.44 

[ 0.23559728  0.5339625  -0.00448413 -0.01699086 -0.0038053   0.06663785]
color diff: 36.67 

[ 2.4481426e-01  1.5937243e-01  1.3398620e-02  2.1765931e-05
  6.1773008e-01 -1.3498713e-01]
color diff: 29.07 

[ 0.08365451  0.81077033 -0.05186103 -0.06964251  0.21213803  0.11366048]
color diff: nan 

[ 0.17345406  0.3446442   0.12918696 -0.01498964  0.04098606  0.06739087]
color diff: 33.47 

[ 0.07649695  0.71108526  0.18279009 -0.04561167 -0.06678462  0.08668008]
color diff: 22.41 

[ 0.33896285  0.54769343  0.01864891  0.01235861  0.21511905 -0.05544755]
color diff: 35.29 

[ 0.21473078  0.74139816  0.05392918  0.01410878 -0.0034669   0.02604479]
color diff: 31.40 

[ 0.06327403  0.37192553  0.00620187 -0.00895896  0.0706966   0.00341408]
color diff: 25.56 

[ 0.04054191  0.7461106   0.07569364 -0.03536543  0.04962435  0.00790571]
color diff: 16.16 

[ 3.4114954e-01  2.3005982e-01 -3.8696921e-03 -1.1835625e-04
  5.0505978e-01 -1.0154758e-01]
color diff: 35.45 

[ 0.0961019   0.8273617   0.02465411 -0.00186495  0.10549537  0.10551245]
color diff: 30.00 

[-0.0448718   0.5957074   0.11641628  0.01353917 -0.00063418  0.04362556]
color diff: nan 

[0.05655422 0.7172843  0.04499965 0.01513106 0.08613486 0.0826758 ]
color diff: 25.58 

[-0.08833179  0.21355538  0.56621057 -0.02423884  0.3990898  -0.11411278]
color diff: nan 

[ 0.28109184  0.23804666  0.00060709 -0.0125734   0.1847068  -0.04510801]
color diff: 35.72 

[ 0.09269609  0.65940726  0.12950367  0.00082469  0.58153737 -0.04271472]
color diff: 16.39 

[ 0.15884562  0.683247    0.13218176 -0.06122249  0.41782337 -0.01692928]
color diff: 23.31 

[-0.05791032  0.76111805  0.25271085  0.09631586  0.54319304 -0.07260402]
color diff: nan 

[-0.0479918   0.45184094  0.25611013  0.00865515 -0.00310881  0.24290587]
color diff: 27.41 

[ 0.2970764   0.7073799   0.06802227 -0.04723798  0.22962967 -0.12332037]
color diff: 27.18 

[ 0.19606143  0.7092415   0.03072061  0.0126287  -0.00988575  0.08269645]
color diff: 33.86 

[ 0.15914294  0.77834755  0.00490737 -0.01564755  0.21476431 -0.04126159]
color diff: 24.33 

[-0.00042308  0.4132783   0.09177624 -0.02478409 -0.01097845  0.01488747]
color diff: 11.47 

[ 1.8714836e-01  5.1963985e-01  1.5570152e-04 -2.6104070e-02
  1.4671677e-01 -1.4484890e-01]
color diff: 19.35 

[ 0.30111852  0.69359666 -0.02472358  0.0082518   0.7484094  -0.07076388]
color diff: 32.41 

[3.1513536e-01 3.8160756e-01 5.5031579e-02 2.0593924e-04 2.7309597e-02
 8.9323642e-03]
color diff: 37.79 

[-0.02726702  0.85234606  0.02078192 -0.01126254  0.09782707  0.14842099]
color diff: nan 

[ 0.40571672  0.6165579   0.05786666 -0.02058332  0.38099357 -0.113815  ]
color diff: 34.46 

[-0.01226375  0.44194844  0.08056725  0.01258776  0.5993825  -0.01669414]
color diff: 10.66 

[ 0.12577748  0.63460267  0.22116919  0.01640841 -0.05438849 -0.01619796]
color diff: 22.31 

[ 0.11747756  0.79912674  0.02774087 -0.07517327  0.02929629 -0.0024245 ]
color diff: 27.00 

[ 0.13760395  0.72224    -0.01417076  0.02552845  0.26082253  0.05497422]
color diff: 30.65 

[-0.01784499  0.3849036   0.02536515 -0.01948736  0.70159924 -0.13720429]
color diff: nan 

[ 0.1409325   0.43969157  0.23263569 -0.04614696 -0.05717981  0.02592224]
color diff: 25.90 

[ 0.29678524  0.7195884  -0.00395     0.02055579  0.48033872 -0.09861316]
color diff: 30.60 

[ 0.30454385  0.7351553  -0.02838286 -0.03147461  0.10157789  0.03363454]
color diff: 36.52 

[ 0.18641421  0.24260664  0.05754887 -0.01267836  0.06371406 -0.0822569 ]
color diff: 27.85 

[ 0.08370256  0.6836072   0.0564702   0.03367491  0.73135823 -0.03883063]
color diff: 18.59 

[ 0.02523364  0.09046446  0.00666113  0.1235526   0.554316   -0.02608693]
color diff: 26.46 

[ 0.2674278   0.7384209   0.06269514 -0.01448668  0.3074702   0.01711257]
color diff: 32.95 

[ 0.06122083  0.40310484  0.02461269 -0.01956661  0.0527783   0.03897826]
color diff: 27.90 

[ 7.0105903e-02  7.1653891e-01  3.0898161e-02 -2.3378123e-04
  6.1177588e-01 -6.4205285e-03]
color diff: 21.68 

[ 0.00217903  0.3136513   0.13420843 -0.02772956 -0.00198066  0.00198885]
color diff: 8.86 

[ 0.04536824  0.6507832   0.0900402  -0.03398777  0.01009487 -0.01167474]
color diff: 12.09 

[ 0.24563812  0.72899985 -0.00626334 -0.00441751 -0.01245752  0.00832117]
color diff: 32.90 

[ 0.17605478  0.7563782   0.07422151 -0.00731814 -0.02979469  0.01401573]
color diff: 27.58 

[ 0.38188124  0.5925713   0.02941584  0.01088131  0.44538698 -0.03159913]
color diff: 37.18 

[ 0.33420053  0.67988986  0.04578349 -0.00531609  0.29332742 -0.09260844]
color diff: 32.08 

[ 0.21761855  0.46993145  0.02837607  0.00563038  0.5615748  -0.08455905]
color diff: 27.60 

[ 0.08473677  0.72680503  0.03731419 -0.01038057 -0.03984722  0.1374584 ]
color diff: 31.99 

[ 0.12285841  0.62070316 -0.00629122  0.000741   -0.06146684  0.2136579 ]
color diff: 39.82 

[ 0.13873906  0.5607536   0.16239156 -0.04869545  0.03966835  0.05322386]
color diff: 26.90 

[ 0.26565307  0.5730718  -0.02942648  0.0124909   0.3099014  -0.03781518]
color diff: 33.14 

[ 0.01408536  0.7506573   0.0625722  -0.02162254  0.482746   -0.02445122]
color diff: nan 

[ 0.12099401  0.78352416 -0.02066549 -0.02197444  0.6289067  -0.05069941]
color diff: 25.22 

[ 7.5653099e-02  7.0745271e-01  9.7425997e-02  2.3731156e-04
  4.5038983e-02 -4.9687095e-04]
color diff: 17.17 

[-0.02373742  0.4844539   0.2548085   0.01124911  0.04546574  0.02942428]
color diff: 11.71 

[ 0.27268055  0.8004074  -0.02041153 -0.05685944  0.47203892 -0.03495123]
color diff: 32.04 

[-0.06084998  0.7564349   0.22462638  0.01352298 -0.01643021  0.01761665]
color diff: nan 

[ 0.2039785   0.43113455  0.0143274  -0.06728021 -0.02494413  0.1055502 ]
color diff: 38.23 

[ 0.14615819  0.7171225   0.20462525 -0.02800376 -0.01408555 -0.0417274 ]
color diff: 19.15 

[-0.04408936  0.58391225  0.09285065  0.12227606 -0.0028143  -0.02085174]
color diff: nan 

[ 0.22915901  0.33542785  0.20199093 -0.03516261  0.00714825 -0.01895254]
color diff: 31.05 

[ 0.06517582  0.69751644 -0.00465955 -0.00653666  0.38550708 -0.01103625]
color diff: 23.47 

[ 1.4532174e-01  8.5017323e-01  4.1724794e-02 -6.4803276e-04
  1.1512789e-02  7.9431206e-02]
color diff: 29.76 

[ 0.10576734  0.8023731   0.02929714 -0.01261758  0.12734467 -0.0148651 ]
color diff: 21.01 

[ 0.00970316  0.44977742  0.06896158 -0.02188038 -0.01718081  0.0581723 ]
color diff: 22.22 

[ 0.14297284  0.8851678  -0.04827814 -0.02989693  0.4736864  -0.05130796]
color diff: 27.58 

[ 0.22371928  0.48983535  0.0217148  -0.01379818 -0.00436759 -0.00344179]
color diff: 32.67 

[ 0.10559788  0.710643    0.06245118 -0.03042995  0.06587151  0.03187715]
color diff: 24.54 

[ 0.34489146  0.68763447  0.04241212 -0.02246563  0.5367709  -0.0552198 ]
color diff: 33.77 

[ 0.10898342  0.7606539   0.0965033  -0.05279779 -0.16632672  0.38883537]
color diff: 43.12 

[ 0.3109708   0.69337887  0.0620629  -0.01814291 -0.10289573  0.04439936]
color diff: 36.37 

[ 0.06735729  0.29998943  0.18721782 -0.01449834  0.03260311 -0.00649791]
color diff: 19.84 

[ 0.01854759  0.3727691   0.20690781 -0.01013985 -0.0080138   0.07486564]
color diff: 20.77 

[ 0.18108532  0.5821899   0.00465858 -0.01223012  0.18321529 -0.05438623]
color diff: 26.33 

[0.0294179  0.768894   0.00221921 0.00808169 0.31991976 0.01897287]
color diff: 22.67 

[ 0.07076047  0.7045913   0.36578736 -0.0509339   0.14026718 -0.09134094]
color diff: 7.76 

[ 0.2606145   0.5816836   0.03311098 -0.01429953 -0.11159091  0.08423986]
color diff: 37.34 

[ 0.14287943  0.6788222   0.07777282 -0.02751007  0.50698817 -0.06474468]
color diff: 20.10 

[ 0.11229906  0.61482906  0.05210856 -0.02558705  0.19594596  0.0015775 ]
color diff: 23.88 

[ 0.07327706  0.6815502   0.04608084 -0.00797042 -0.03245354 -0.0223259 ]
color diff: 15.87 

[ 0.6033057   0.56510645  0.01333219 -0.00069968  0.2754522  -0.05935151]
color diff: 43.10 

[ 0.10184628  0.8657256   0.09064563 -0.0304309   0.6038137  -0.13326786]
color diff: nan 

[ 0.22081763  0.25781748  0.02637519 -0.03147525  0.43224254 -0.0957194 ]
color diff: 28.28 

[-0.04617786  0.6450536  -0.01859185  0.09902276  0.14521201 -0.04255572]
color diff: nan 

[ 0.04822536  0.71280247  0.08312578 -0.00777542  0.06764793  0.05772153]
color diff: 20.93 

[ 0.2428609   0.8562575   0.00604522 -0.01934724  0.24434194 -0.04297597]
color diff: 28.94 

[ 0.18835615  0.825189   -0.02729454 -0.0373274   0.48322088 -0.0681586 ]
color diff: 26.55 

[ 0.33439904  0.773517    0.08132596 -0.03362931  0.0378356  -0.00121371]
color diff: 34.54 

[ 0.0902449   0.63609993  0.28162533 -0.08430405 -0.06927764  0.09226133]
color diff: 22.03 

[ 0.3754261   0.96019423 -0.06670928 -0.0248432   0.24758273 -0.03960368]
color diff: 35.63 

[ 0.33238629  0.8735792  -0.00634721 -0.04307697  0.12875271 -0.05490003]
color diff: 32.62 

[-0.02998087  0.6841684   0.08354536  0.01463837  0.04125401  0.14248309]
color diff: 23.13 

[ 0.20076735  0.70561093  0.00170031 -0.05187537 -0.2595082   0.13777204]
color diff: 37.88 

[ 0.23094557  0.6337798   0.14886029  0.04626521  0.3562939  -0.02778812]
color diff: 30.28 

[ 0.00719699  0.6227074   0.18821707 -0.02289305 -0.11783895  0.0590941 ]
color diff: 11.08 

[0.02889413 0.6349081  0.05566996 0.00641285 0.09170558 0.05693478]
color diff: 21.19 

[ 0.08915564  0.38009652  0.09805052 -0.0049842   0.02665256  0.02261735]
color diff: 25.46 

[ 0.07432064  0.8382971   0.03974186 -0.01964577 -0.04155549  0.20354375]
color diff: 35.37 

[ 0.05184935  0.43842793  0.06862147 -0.04368402  0.00223737 -0.00459041]
color diff: 18.69 

[ 0.27548397  0.78827965  0.00406668 -0.02224135 -0.04471456  0.02285432]
color diff: 34.14 

[ 0.24601534  0.8557173  -0.04295923 -0.00599595  0.51709414  0.00375829]
color diff: 32.95 

[ 0.20445776  0.5740966  -0.02337671 -0.01447983 -0.05615008  0.17963424]
color diff: 40.85 




######## Test Sample 2 ########
[ 0.05269587  0.24431717 -0.03575486  0.44617337  0.74701387  0.8023397 ]
color diff: 11.18 

[-0.07832299 -0.06786534  0.03429849  0.5185594   0.21396278  0.57507765]
color diff: 16.89 

[ 0.08238459  0.22553451  0.29034564 -0.01247869  0.6397663  -0.02221839]
color diff: 25.92 

[-0.00294194  0.34738505  0.0510134   0.17131685  0.1582369   0.21124321]
color diff: 10.62 

[ 0.13568822 -0.03004566  0.03614252  0.03930157  0.18046325  0.5505166 ]
color diff: 17.65 

[ 0.0457603   0.88002074  0.66916716 -0.01294552  0.16149276  0.83460826]
color diff: 9.33 

[ 0.03554581  0.3038688  -0.00289173  0.27984288  0.0914938   0.5992575 ]
color diff: 9.82 

[ 0.0060613   0.8256206   0.84943825  0.00821596 -0.0461821   0.6931246 ]
color diff: 8.60 

[ 0.02237499  0.6280809   0.6679174  -0.00757703  0.62099755  0.33110884]
color diff: 16.21 

[ 0.365421    0.02385139  0.86805487  0.03951609 -0.07020881  0.0110769 ]
color diff: 12.35 

[-0.04917722  0.12749372 -0.03702809  0.47838378  0.53829837  0.21779813]
color diff: 11.96 

[ 0.14603554  0.8789682   0.0701702   0.01796587 -0.12674235  0.36672494]
color diff: 15.11 

[-0.07376605  0.89930475 -0.01718212  0.18967226 -0.12512137  0.45061347]
color diff: 15.23 

[-0.03608119 -0.03141366  0.29847646  0.56016374 -0.04246198  0.37491816]
color diff: 18.70 

[ 0.13753204 -0.07500829  0.6619166   0.23534033  0.02343941  0.3736746 ]
color diff: 8.87 

[-0.07963907 -0.12741081 -0.01950845  0.49602038  0.6135136   0.5618783 ]
color diff: 13.52 

[ 0.01163561  0.65199125  0.67320824 -0.00152313 -0.10223217  0.3314056 ]
color diff: 15.94 

[ 0.01070351  0.08075833  0.8051418   0.02627682  0.47305474 -0.07687889]
color diff: 45.37 

[-2.0480771e-04  7.4326092e-01  9.8053133e-03  3.3911514e-01
  2.1592185e-02  5.6520325e-01]
color diff: 4.21 

[-0.03952185  0.01190052  0.5592026   0.15581456 -0.00717674  0.3665    ]
color diff: 11.49 

[ 0.10238929 -0.05107607  0.30668348  0.33562374  0.02147952  0.86960346]
color diff: 12.01 

[ 0.03357757  0.27006498 -0.09100482  0.44166544  0.7020773   0.5862926 ]
color diff: 7.91 

[ 0.20250997  0.00792511  0.16566645  0.14684087 -0.0230813   0.5452354 ]
color diff: 8.71 

[-0.04730806 -0.00673186  0.62243855  0.29262298 -0.03180085  0.54829544]
color diff: 10.63 

[-0.03089837 -0.09764837  0.5880471   0.48525625  0.67840606  0.09312102]
color diff: 22.40 

[ 0.09715022  0.52188003  0.00775284  0.21187413 -0.03553171  0.41989774]
color diff: 6.06 

[ 0.20547728  0.1122015   0.06028976 -0.00925832  0.7849969  -0.01592473]
color diff: 16.94 

[-0.04977638  0.37134382 -0.10661232  0.27090216 -0.00845513  0.5599893 ]
color diff: 16.84 

[ 1.7379946e-01  7.1306646e-01  2.8082222e-04  4.2489684e-01
 -2.7265970e-02  2.8420329e-01]
color diff: 4.30 

[ 0.10637058  0.5651284   0.3227331  -0.05495544  0.13067846 -0.0301943 ]
color diff: 30.22 

[-0.02137686  0.9021724  -0.13245676  0.30257103 -0.07314816  0.47805   ]
color diff: 10.60 

[-0.03091236  0.06630053  0.8178112   0.1580205  -0.07812833  0.58731985]
color diff: 8.28 

[-0.04442737  0.7441538   0.69418573 -0.05675638 -0.0477337   0.44153437]
color diff: 15.86 

[ 0.05710658 -0.14539893  0.560891   -0.00677417  0.69581974  0.7628109 ]
color diff: 7.88 

[-0.03054236  0.00240736  0.068739    0.3203512   0.26927564  0.58411866]
color diff: 10.85 

[ 0.01635125  0.47168288 -0.0262446   0.27709812  0.01265157  0.6990066 ]
color diff: 12.13 

[ 0.07766964 -0.05547298  0.34576726  0.02679408 -0.0038299   0.8238924 ]
color diff: 12.46 

[ 0.05692534 -0.01931777  1.0406369   0.08650961 -0.00339523  0.7639132 ]
color diff: 7.60 

[-0.07538822  0.00838089  0.7476594   0.0815701   0.21043842  0.45920894]
color diff: 10.08 

[ 0.22238463  0.16829492  0.6138728  -0.03547224 -0.00335772  0.02154747]
color diff: 14.60 

[ 0.04589546 -0.06451303  0.7085181   0.06525017  0.02649451  0.75374246]
color diff: 5.04 

[ 0.36440915 -0.0435671   0.07300045  0.00563145 -0.05115994  0.8820862 ]
color diff: 18.52 

[-0.06507211  0.60155547  0.64889044 -0.01875916  0.5289563   0.0387971 ]
color diff: 56.20 

[ 0.22943676  0.8329552   0.02332918  0.20466495 -0.08131821 -0.00429755]
color diff: 11.07 

[ 0.04128959  0.5111776  -0.02420599  0.3536432  -0.16287318  0.8819877 ]
color diff: 13.24 

[ 0.01995026  0.9284128   0.2874482   0.03113049 -0.02811573  0.6683145 ]
color diff: 12.65 

[ 0.1675735   0.3723761   0.00064666  0.36031044  0.58144504 -0.15484431]
color diff: 16.08 

[ 0.3593698  -0.05937233 -0.03049703  0.13565344  0.03403183  0.735477  ]
color diff: 16.04 

[ 0.1339978  -0.01535392 -0.0436861   0.4211679  -0.02330723  0.5081705 ]
color diff: 12.52 

[ 0.14245883  0.2226946   0.3328964  -0.019541   -0.10925362  0.67685086]
color diff: 10.33 

[ 0.23669688  0.12754403 -0.02493081  0.4231004  -0.00822057  0.00257157]
color diff: 9.36 

[ 0.09107454 -0.0249698   0.8552872  -0.02498676  0.03998452  0.8017999 ]
color diff: 5.51 

[-0.01562659  0.22479907  0.10636646  0.23088227 -0.0683888   0.2993334 ]
color diff: 9.54 

[ 0.21726756  0.09637232  0.8771736  -0.04561721 -0.06323336  0.09789635]
color diff: 14.44 

[-0.02913427  0.7093261   0.31692585  0.11718109  0.80775344  0.28092954]
color diff: 16.53 

[-0.1453189   0.574363    0.04472041  0.41653764  0.7800578   0.12085705]
color diff: 28.65 

[ 0.07392017  0.05361668  0.7201709  -0.05297096  0.10884149  0.48761633]
color diff: 3.84 

[ 0.15488066  0.08842919  0.6610359  -0.02170401  0.04696118  0.3795479 ]
color diff: 4.56 

[ 0.17094256  0.07172235  0.04827005  0.0425662   0.97128    -0.17549495]
color diff: 24.19 

[ 3.1487769e-01  5.2464050e-01 -1.3579412e-02 -4.9093255e-04
  5.9825850e-01 -7.9713173e-02]
color diff: 17.01 

[ 0.41862828  0.15324603 -0.01760178  0.00229168  0.44301763 -0.01261478]
color diff: 9.60 

[0.07813101 0.00334665 0.67609054 0.03747863 0.5264946  0.16946894]
color diff: 13.96 

[ 0.23604505  0.05835613 -0.03467596  0.10547054  0.16506529  0.19770987]
color diff: 7.72 

[ 0.0182197  -0.01572121  0.5926629   0.6448609   0.03753207  0.7328509 ]
color diff: 14.59 

[ 0.44392553  0.2399289  -0.0100937   0.0112739   0.43814367  0.10465179]
color diff: 10.12 

[ 0.04632341  0.2138053   0.68393433 -0.01044185 -0.06007171  0.6164091 ]
color diff: 2.15 

[ 0.05731875  0.66922677  0.51573485 -0.0948357  -0.0141      0.51076174]
color diff: 11.38 

[-0.01395194  0.07090652  0.10197251  0.5343263   0.65995556  0.0754919 ]
color diff: 17.23 

[ 0.0569859  -0.11636114  0.28674036  0.30212557  0.0107201   0.5266564 ]
color diff: 9.95 

[ 0.3716874   0.00855989  0.46439388 -0.06105581  0.48151398 -0.04077227]
color diff: 10.21 

[ 0.11815514  0.6063778   0.6925878  -0.03481437  0.0194946   0.55168724]
color diff: 7.47 

[ 0.07074019  0.31306472 -0.01108523  0.22618134  0.24006645  0.5709666 ]
color diff: 10.74 

[ 0.11822484 -0.01703393  0.12727736  0.34942913  0.13793911  0.7071167 ]
color diff: 11.11 

[-0.01714787  0.5136536   0.61016566 -0.02085357  0.5627843   0.47000775]
color diff: 11.91 

[ 0.31232515  0.01836392  0.44071797 -0.01727066  0.01842313  0.03302839]
color diff: 7.02 

[ 0.1188013   0.46747983  0.5479971  -0.01034247 -0.05953392  0.06650538]
color diff: 20.37 

[-0.12958212 -0.00854886  0.28714484  0.41912737 -0.04249263  0.5160898 ]
color diff: 18.21 

[-0.04758814 -0.01980984  0.44364113  0.07556399  0.01511123  0.5510661 ]
color diff: 5.82 

[ 0.17094928  0.7168302   0.02083239  0.47403702 -0.02474581  0.27839857]
color diff: 5.90 

[ 0.2856415   0.50257343  0.09467052  0.3388616  -0.00778619 -0.04058123]
color diff: 9.32 

[ 0.3007151  -0.00302872 -0.05826481  0.07266187  0.02197332  0.08020335]
color diff: 7.09 

[ 0.06424405 -0.0220725   0.11184677  0.11831596 -0.07492878  0.7105581 ]
color diff: 15.52 

[ 0.3276271  -0.02048132  0.02172971  0.54859525 -0.02517175  0.22372997]
color diff: 11.40 

[ 0.01247586  0.06186831 -0.00273518  0.36588842  0.229519    0.6386836 ]
color diff: 11.61 

[-0.04516152  0.00809604  0.6939354   0.27024746 -0.08470135  0.6593419 ]
color diff: 9.36 

[ 0.11112381 -0.10452575  0.67802453  0.609522   -0.06655078  0.6679462 ]
color diff: 14.84 

[0.27346227 0.6854664  0.02214896 0.02126371 0.00928753 0.34763303]
color diff: 13.02 

[ 0.24066363  0.60296625  0.09370955 -0.02473566  0.6470068  -0.16367792]
color diff: 26.19 

[ 0.17570782  0.6863047   0.48387814 -0.05476843 -0.01308537  0.03043689]
color diff: 20.99 

[-0.02303664  0.30846822  0.10302644  0.5431119   0.05180454  0.27659515]
color diff: 14.32 

[ 0.05971759 -0.02921086  0.19648653  0.21044697 -0.06665894  0.4948791 ]
color diff: 8.83 

[0.02185682 0.0520381  0.025267   0.14829285 0.15823826 0.5637799 ]
color diff: 15.49 

[ 0.01207814 -0.0921307   0.2203745   0.16749589  0.0970109   0.9128939 ]
color diff: 14.84 

[-4.7893152e-02  1.6477990e-01  5.1032841e-01 -4.1446378e-04
 -3.6639534e-02  6.8724257e-01]
color diff: 5.75 

[0.46683982 0.0836347  0.00344646 0.00251987 0.34975806 0.0099464 ]
color diff: 8.05 

[ 0.0396222   0.11225796 -0.05829035  0.50558984  0.50941175  0.16292034]
color diff: 10.04 

[ 0.08973442 -0.02215098 -0.0172273   0.39511567 -0.04105114  0.61681104]
color diff: 13.73 

[ 0.05033213 -0.04606667  0.38011324  0.07954104  0.57983017  0.08880819]
color diff: 14.79 

[-0.03700675  0.44066542 -0.0513986   0.19339453  0.0420135   0.44129547]
color diff: 15.24 

[0.03745606 0.04006678 0.09745534 0.25277686 0.66176486 0.7312406 ]
color diff: 11.02 

[ 0.14447087 -0.04062146  0.0292177   0.15793882  0.03718868  0.72679996]
color diff: 15.65 

[0.05024248 0.26401123 0.15169264 0.12565808 0.03392614 0.7098988 ]
color diff: 12.05 

[ 0.05003673  0.46618047  0.74776435 -0.02422382  0.45962256  0.54590154]
color diff: 8.76 

[ 0.5234312  -0.02069454 -0.00374669  0.00172466  0.5861585  -0.03367705]
color diff: 8.48 

[-0.00812366  0.45418888  0.7794768  -0.00122112 -0.0089635   0.48458317]
color diff: 10.05 

[0.17321867 0.01355605 0.17210552 0.08983252 0.757395   0.59605217]
color diff: 11.14 

[-0.0242038   0.8050625   0.19990169  0.03704028  0.17587748  0.51861364]
color diff: 16.43 

[-8.6487606e-02  2.2404782e-02  4.4534466e-01  6.8843183e-05
  7.2118223e-01  5.8126998e-01]
color diff: 9.96 

[ 0.10224074  0.7216686   0.4000171   0.05625505 -0.00375675  0.66471034]
color diff: 7.52 

[-0.02354192 -0.01228143  0.02302134  0.3171094   0.5253791   0.41814634]
color diff: 8.08 

[ 0.07328746  0.57526875  0.0960413  -0.02649653 -0.07212453  0.382087  ]
color diff: 20.38 

[ 0.05520491  0.5336281   0.70271313 -0.08381922 -0.0360949   0.44358742]
color diff: 10.31 

[ 0.19352396  0.00098221  0.28591076 -0.01937956  0.6689278   0.19208287]
color diff: 8.64 

[0.2204572  0.20412451 0.03253324 0.33956453 0.01276677 0.59819716]
color diff: 9.76 

[ 0.2637968  -0.04185945  0.07861811  0.48308313  0.01677608  0.44623315]
color diff: 11.35 

[ 0.10406825  0.05914011  0.14118585 -0.00745061  0.6564848   0.19335462]
color diff: 14.61 

[ 0.28658015  0.6142519  -0.04065219  0.12575741 -0.01032801  0.01241032]
color diff: 8.04 

[-0.02020365  0.51290387  0.30741987  0.00709827 -0.0431473   0.56105065]
color diff: 11.33 

[ 0.10424182 -0.09377313  0.04435045  0.08116138  0.3291198   0.61437285]
color diff: 17.08 

[ 0.02418681  0.58340335  0.4681678   0.04450542 -0.04949037  0.702432  ]
color diff: 5.84 

[ 0.03818734  0.26669455  0.47891736  0.01481748 -0.03993822  0.3750105 ]
color diff: 6.51 

[ 2.5232369e-01  4.6801504e-01  4.0536389e-02  1.7911753e-01
 -8.3955564e-03  3.9915642e-04]
color diff: 7.02 

[ 0.09244841  0.64112306  0.7237287  -0.01040827 -0.02447818  0.68214035]
color diff: 6.75 

[ 0.01085671  0.03575768 -0.0261612   0.18541673  0.16543075  0.48971647]
color diff: 15.51 

[ 0.28676376  0.01951529  0.42101634 -0.04808819  0.3795891   0.04948447]
color diff: 8.89 

[ 0.11459938  0.35568893  0.55732465 -0.07831104 -0.03958238  0.0855801 ]
color diff: 20.11 

[ 0.018432    0.23607387  0.41588762 -0.00797344 -0.02792774  0.4309116 ]
color diff: 6.48 

[-0.08696262  0.7345691   0.31010392  0.5084996   0.0443738   0.01253588]
color diff: nan 

[0.344801   0.6802996  0.13023238 0.01686001 0.00975723 0.01243044]
color diff: 10.80 

[ 0.00220826 -0.03814812  0.30386108  0.32041177 -0.09074401  0.5452965 ]
color diff: 11.07 

[ 0.019135    0.63268137  0.3991989  -0.02236288 -0.08305712  0.16703044]
color diff: 22.74 

[ 0.14094369  0.79529166 -0.06535449  0.0959949  -0.00721119  0.12803362]
color diff: 14.97 

[-0.09089132 -0.07675464  0.81266403  0.42393398 -0.02683959  0.851402  ]
color diff: 12.74 

[-0.06106018 -0.00219666 -0.09941591  0.26171106  0.10701524  0.41601923]
color diff: 21.62 

[-0.01272632 -0.00512865  0.65617335 -0.08566003  0.7068698   0.01786725]
color diff: 40.56 

[ 0.35069245  0.37953082 -0.0203531   0.00233576  0.11633873  0.6092948 ]
color diff: 17.60 

[-0.0215346   0.06253069  0.21655807  0.40318608  0.72732157  0.36608157]
color diff: 6.29 

[-0.01881781  0.46526644  0.5740824   0.01990662 -0.06866159  0.7837048 ]
color diff: 5.07 

[ 0.11773798  0.52425605  0.3839046   0.01245597 -0.08699573  0.49728632]
color diff: 5.98 

[ 0.13113487  0.7945654   0.15086377  0.04464026 -0.08446805 -0.02572463]
color diff: 23.47 

[-0.15667918  0.08382767  0.7424326   0.28134054  0.49215198  0.52912724]
color diff: 12.58 

[ 0.1192665   0.6349052   0.30874655  0.06547244 -0.06597951  0.06965319]
color diff: 17.39 

[-0.06501196  0.0352374  -0.10812431  0.36909744  0.2291048   0.50687677]
color diff: 16.66 

[-0.00222393 -0.02694914 -0.01265597  0.46702287  0.7418441   0.77701753]
color diff: 11.84 

[ 0.09854361  0.5389668   0.05168049  0.38837788 -0.08979893  0.5209209 ]
color diff: 5.06 

[0.33111006 0.02408113 0.8705535  0.01530916 0.04457619 0.33542708]
color diff: 8.34 

[ 0.03730814  0.04194449  0.03751368  0.38726473 -0.00590153  0.6360226 ]
color diff: 12.51 

[ 0.20768058  0.1517421   0.06088747 -0.0004717   0.23097007 -0.09494565]
color diff: 16.83 

[ 0.06868838  0.62333745 -0.01558976  0.10783028 -0.03153987  0.48559412]
color diff: 16.00 

[-0.03507395  0.65489185  0.61069274 -0.04950362 -0.06471104  0.65353084]
color diff: 8.31 

[ 0.11750802  0.04564171 -0.0334469   0.33379182  0.5516594   0.13907172]
color diff: 4.18 

[-0.10573599  0.13389802  0.6873693   0.46383297  0.5750174   0.20689385]
color diff: 24.63 

[ 0.07851523  0.07457756  0.7200103   0.32033953 -0.0607666   0.607722  ]
color diff: 9.64 

[ 0.01964734  0.3003051   0.72972476 -0.08235757  0.06083667  0.7476241 ]
color diff: 5.65 

[ 0.2676448   0.4119505   0.09845558  0.06332604 -0.01653815 -0.03160204]
color diff: 9.91 

[-0.02859357 -0.01992089  0.66080606  0.21433401  0.72881746  0.5747432 ]
color diff: 5.25 

[-0.21453846 -0.04842015  0.27773646  0.35841703  0.77776265  0.5025755 ]
color diff: 10.76 

[ 0.08457509  0.09908289 -0.00471933  0.21935588  0.00947865  0.5572607 ]
color diff: 12.16 

[-0.05107699  0.440013   -0.04794008  0.2936054   0.01553373  0.449315  ]
color diff: 9.16 

[ 0.13234185  0.07638442 -0.02796096  0.09179794  0.07000791  0.6275838 ]
color diff: 18.88 

[-0.07798444  0.07106566  0.18275145  0.0570725   0.11043659  0.5357532 ]
color diff: 16.66 

[ 0.04389663 -0.11267851  0.34772718  0.13548781  0.02905799  0.5324272 ]
color diff: 6.81 

[ 0.31078422  0.47952807 -0.0052026   0.01383471  0.17708817  0.09934307]
color diff: 11.52 

[-0.08033726  0.5531077   0.5432542  -0.05579538  0.45069376  0.40118673]
color diff: 18.69 

[-0.03086697  0.03709363 -0.02782335  0.387013    0.8304213   0.38894355]
color diff: 5.37 

[ 0.02097641  0.6012605   0.5803996  -0.02732611 -0.03800851  0.27669963]
color diff: 17.06 

[ 0.0214619   0.04529934  0.45113248  0.2256509  -0.06397607  0.75388366]
color diff: 7.72 

[-0.04647587  0.02002259  0.6633346   0.3346993   0.00452268  0.40097255]
color diff: 14.67 

[0.01156909 0.04935743 0.6308574  0.02690689 0.08913818 0.13102922]
color diff: 21.47 

[-0.15384737  0.6709514   0.2568129   0.14713459  0.68556446  0.20589584]
color diff: 32.46 

[ 0.12833947 -0.11337228  0.16196851  0.14231737  0.09547145  0.10753728]
color diff: 8.21 

[-0.12880138  0.66660076  0.6264457  -0.01749478  0.6566079   0.48074707]
color diff: 18.08 

[0.04314542 0.04453582 0.20354614 0.0603558  0.7465313  0.6302757 ]
color diff: 13.30 

[ 0.19618328 -0.07617535 -0.07409053  0.06418923 -0.0183931   0.67291844]
color diff: 21.98 

[ 0.24282983 -0.04266766  0.7923538  -0.02369139 -0.06621941  0.54423755]
color diff: 5.66 

[0.16278781 0.41998947 0.8556096  0.1493383  0.7517506  0.10002182]
color diff: 17.99 

[-0.10856899  0.7674518   0.2715687  -0.07377738  0.86007404  0.5056923 ]
color diff: nan 

[ 0.02602429  0.69094294  0.7163956   0.00337425 -0.04865254  0.5391943 ]
color diff: 8.79 

[-0.02332139  0.17684612  0.09001111  0.3630164   0.7919986   0.06685135]
color diff: 16.17 

[-0.01571366  0.55029297  0.7787477   0.0234683  -0.03351559  0.69640875]
color diff: 5.50 

[ 0.06484448  0.11208104  0.49854806 -0.01181927 -0.05168037  0.6109474 ]
color diff: 4.43 

[-2.2905553e-02  7.6543683e-01  5.1788080e-01  6.0995466e-05
 -3.5925852e-03  4.6543753e-01]
color diff: 11.75 

[ 0.01557456  0.81345946 -0.00904313  0.2915081  -0.07779471  0.5367505 ]
color diff: 5.79 

[ 0.25322133 -0.00549717 -0.0072241   0.10836163  0.20739534  0.42468226]
color diff: 11.23 

[-0.03721448 -0.01461084  0.6920549   0.4135307   0.0145925   0.4006445 ]
color diff: 15.84 

[ 0.00700101 -0.08275699  0.0206077   0.5127869   0.37560305  0.5671323 ]
color diff: 12.64 

[-0.07464363  0.0293008   0.08679688  0.3524343   0.1899217   0.5750788 ]
color diff: 12.05 

[ 0.22562633 -0.00973861  0.2046016   0.49443635 -0.04876502  0.6869932 ]
color diff: 12.82 

[0.01118901 0.3792618  0.45919883 0.03092379 0.39286676 0.4888807 ]
color diff: 7.15 

[ 0.19770534 -0.04601131 -0.04731174  0.17001425  0.29460827  0.24522693]
color diff: 7.55 

[-0.00613926 -0.0226687   0.61445135  0.21048093  0.11906937  0.4533389 ]
color diff: 8.43 

[-0.03790245 -0.02723212  0.6761649   0.20382482 -0.0481238   0.500227  ]
color diff: 9.95 

[-0.06301827  0.3173946   0.5378211   0.03085866 -0.05945219  0.69362503]
color diff: 3.55 

[-0.02811012 -0.0345366   0.28083643  0.16368937 -0.0686079   0.6496553 ]
color diff: 10.51 

[ 0.06788876  0.45875803  0.7647109  -0.04293665 -0.06680477  0.58646035]
color diff: 6.02 

[-0.04995844  0.04373254  0.04249534  0.44176635  0.07082174  0.8204087 ]
color diff: 14.98 

[ 0.02302684  0.30021802 -0.04541045  0.50454575  0.01653857  0.7692237 ]
color diff: 12.13 

[ 0.28996864 -0.02706945 -0.08109154  0.08525075  0.44617295  0.07643574]
color diff: 8.37 

[-0.05265529  0.71190065  0.5427209   0.03023055 -0.03752794  0.76746017]
color diff: 6.58 

[ 0.30997667  0.3109248  -0.04697272  0.13441572 -0.05384704  0.41812629]
color diff: 10.30 

[ 0.19133796  0.14223364  0.744545    0.03657627 -0.09096212  0.26783913]
color diff: 8.60 

[ 0.10538498 -0.08253248  0.25356176  0.2869495   0.25676528 -0.03056647]
color diff: 16.51 

[ 2.9738092e-01  6.8132555e-01 -1.1974652e-03  5.7589536e-04
  1.1260062e-02  5.4299051e-01]
color diff: 17.17 

[0.04578087 0.05779421 0.6756451  0.00863666 0.3796288  0.16510065]
color diff: 16.83 

[-0.0387466   0.2588969   0.52755713  0.04026615 -0.04295902  0.52141464]
color diff: 4.39 

[0.12608273 0.26087314 0.34424415 0.02419102 0.01738807 0.10624073]
color diff: 12.37 

[ 0.06076229  0.5768881   0.53789574 -0.0046691  -0.068502    0.5732229 ]
color diff: 5.87 

[-0.05642841  0.01480813  0.05373006  0.15034804  0.67792916  0.44169438]
color diff: 14.41 

[ 0.32188419  0.57356036  0.15137838  0.0798353   0.05372515 -0.021713  ]
color diff: 9.77 

[-0.02448296  0.0543501   0.6636772   0.2017833   0.1652144   0.22557327]
color diff: 18.16 

[-0.09240437  0.84628475  0.12268793  0.3413829  -0.06548285  0.5376138 ]
color diff: 3.16 

[ 0.23471509 -0.02355246  0.6626125   0.3848105  -0.04759644 -0.05875935]
color diff: 17.73 

[ 0.01169045 -0.11452989  0.6849351  -0.08937658  0.07948071  0.95695966]
color diff: 9.87 

[ 0.06906559  0.01348272  0.6485385  -0.06181392 -0.01800171  0.62446964]
color diff: 2.98 

[ 0.31463838  0.05873364  0.28433642 -0.00573381  0.06567521  0.2850499 ]
color diff: 4.79 

[-0.00727604  0.80331343  0.02326985  0.36357373 -0.08595034  0.57472414]
color diff: 2.94 

[ 0.5165104   0.6093556   0.49244773  0.02500823 -0.09077792 -0.0738702 ]
color diff: 11.54 

[ 0.02997552  0.7466482   0.56925565 -0.01971587  0.00309297  0.6010386 ]
color diff: 8.25 

[0.11513338 0.08552463 0.01825693 0.44420826 0.11518597 0.8477967 ]
color diff: 13.54 

[ 0.12182054 -0.02168934  0.88962156  0.04901404 -0.0147595   0.07849196]
color diff: 19.04 

[ 0.06447438  0.20561442  0.6194751  -0.06676199 -0.07571714  0.47394043]
color diff: 4.74 

[ 0.29159126 -0.06594715  0.11247046  0.41890422 -0.09144265  0.77687055]
color diff: 14.09 

[ 0.04088741  0.16819684  0.70003754 -0.01231163 -0.01788873  0.6870537 ]
color diff: 2.55 

[ 9.5808469e-02  3.8413072e-01  5.5782759e-01 -4.5156326e-02
 -5.6614832e-04  6.2358034e-01]
color diff: 6.06 

[-0.02208218  0.27504936  0.31545168  0.4367524  -0.00771875  0.564775  ]
color diff: 8.83 

[-0.00712966  0.04554769  0.22726758  0.15502296  0.40219176  0.14123955]
color diff: 13.86 

[ 0.20638748  0.7470916   0.5017496  -0.00134324 -0.0494835  -0.0727818 ]
color diff: 24.15 

[0.08775689 0.06618322 0.09364589 0.46084446 0.8189676  0.13066857]
color diff: 8.22 

[ 0.14151199  0.7480786   0.25482166 -0.01490204 -0.00227481  0.51775074]
color diff: 11.94 

[ 0.21451876  0.0826235   0.254907    0.03523085 -0.01081516  0.00986773]
color diff: 9.19 

[ 0.32217443  0.56192386 -0.02908491  0.7196751   0.01398121 -0.04940914]
color diff: 12.72 

[-0.11909071  0.87699014  0.6699854  -0.01351514  0.639852    0.0892337 ]
color diff: nan 

[ 0.09961081 -0.13083354  0.2647967   0.3733481  -0.13767967 -0.00373384]
color diff: 21.62 

[-0.07171858  0.660196    0.28053188  0.05541019 -0.06783519  0.47711414]
color diff: 11.62 

[-0.10363144  0.8065484   0.5740159  -0.01405293  0.9038653   0.36157364]
color diff: 23.87 

[0.13381465 0.04014246 0.45455763 0.0498742  0.00891052 0.7637639 ]
color diff: 8.29 

[ 0.00754991 -0.07587417  0.01595687  0.33523747  0.16429958  0.7103379 ]
color diff: 14.77 

[ 0.08061026  0.17762195  0.14254594  0.02422163  0.7013647  -0.24911793]
color diff: nan 

[ 0.27818096  0.6218608   0.00236997 -0.00269274 -0.0669617   0.55649656]
color diff: 17.47 

[0.0086922  0.4211234  0.19980882 0.07169773 0.04868355 0.20610246]
color diff: 14.01 

[ 0.23991579  0.15259041  0.49585855 -0.04154689 -0.00708657  0.05924984]
color diff: 10.70 

[ 0.27642494  0.49856195  0.19120619  0.00459427  0.03680801 -0.04787358]
color diff: 13.58 

[ 0.02682932  0.66115594  0.3972386   0.03387452 -0.07822536  0.38096392]
color diff: 9.82 

[-5.0663413e-04 -2.0129189e-02  2.6919556e-01  4.1133675e-01
 -9.4288006e-02  5.6156123e-01]
color diff: 12.76 

[ 0.07303327 -0.04024927  0.45331994  0.0094915   0.14279571  0.8048419 ]
color diff: 9.69 

[ 0.13943864  0.41195223  0.2172842  -0.00450625 -0.05313176  0.05059321]
color diff: 15.95 

[-0.01512678  0.30515552  0.6425218   0.00613958  0.5064792  -0.05002408]
color diff: 52.74 

[ 0.28141603  0.615403    0.05773205  0.07315056  0.03466464 -0.07333411]
color diff: 12.79 

[ 0.11852289  0.17242952  0.4242803   0.00448664 -0.00195719  0.06612216]
color diff: 15.51 

[ 0.1074402   0.79207695  0.68562454  0.00641578 -0.00319966  0.8031171 ]
color diff: 8.25 

[0.0136206  0.00965496 0.68875706 0.5250135  0.42092904 0.12222901]
color diff: 21.19 

[ 0.16955271  0.7597579   0.574063   -0.03058572  0.5138571  -0.14074355]
color diff: 33.39 

[ 0.03488631  0.18377486  0.23323306  0.11623568 -0.03497707  0.51867616]
color diff: 6.19 

[-0.11228473 -0.04377434 -0.10221795  0.21340269  0.7434546   0.46213898]
color diff: nan 

[ 0.05151715  0.6110989   0.13726772  0.0058702  -0.09174217  0.6200331 ]
color diff: 18.55 

[ 0.08343247  0.04172771  0.01301014  0.33604884 -0.06202634  0.34936956]
color diff: 10.57 






Training took 220.65 minutes

